C51 COMPILER V9.60.0.0   MAIN                                                              11/05/2022 20:23:45 PAGE 1   


C51 COMPILER V9.60.0.0, COMPILATION OF MODULE MAIN
OBJECT MODULE PLACED IN .\Objects\main.obj
COMPILER INVOKED BY: D:\Keil_v5\C51\BIN\C51.EXE main.c OPTIMIZE(8,SPEED) BROWSE DEBUG OBJECTEXTEND PRINT(.\Listings\main
                    -.lst) OBJECT(.\Objects\main.obj)

line level    source

   1          #include "74HC595.h"
   2          
   3          u8 hc595_buf[9]={0x01,0x02,0x04,0x08,0x10,0x20,0x40,0x80,0xFF};
   4          
   5          //u8 t[9]={0x7F,0xBF,0xDF,0xBF,0XF7,0xFB,0xFD,0xFE,0xFF};
   6          
   7          void main()
   8          {
   9   1              
  10   1              while(1)
  11   1              {
  12   2                      u8 i=0;
  13   2                      for(i=0;i<8;i++)
  14   2                      {
  15   3                              HC595_write_data(0,0,0,0);
  16   3                              HC595_write_data(hc595_buf[i],0,0,0);
  17   3                              delay_n10us(5000);
  18   3                      }
  19   2                      for(i=0;i<8;i++)
  20   2                      {
  21   3                              HC595_write_data(0,0,0,0);
  22   3                              HC595_write_data(0,hc595_buf[i],0,0);
  23   3                              delay_n10us(5000);
  24   3                      }
  25   2                      
  26   2              }
  27   1      }


MODULE INFORMATION:   STATIC OVERLAYABLE
   CODE SIZE        =    100    ----
   CONSTANT SIZE    =   ----    ----
   XDATA SIZE       =   ----    ----
   PDATA SIZE       =   ----    ----
   DATA SIZE        =      9       1
   IDATA SIZE       =   ----    ----
   BIT SIZE         =   ----    ----
END OF MODULE INFORMATION.


C51 COMPILATION COMPLETE.  0 WARNING(S),  0 ERROR(S)
