C51 COMPILER V9.60.0.0   BUZZ_RELAY                                                        03/19/2023 22:26:27 PAGE 1   


C51 COMPILER V9.60.0.0, COMPILATION OF MODULE BUZZ_RELAY
OBJECT MODULE PLACED IN .\Objects\Buzz_Relay.obj
COMPILER INVOKED BY: D:\Keil_v5\C51\BIN\C51.EXE App\BEED_JDQ\Buzz_Relay.c OPTIMIZE(8,SPEED) BROWSE INCDIR(.\App\ds18b20;
                    -.\App\ds1302;.\App\EEPROM;.\App\iic;.\App\key;.\App\smg;.\Public;.\App\BEED_JDQ) DEBUG OBJECTEXTEND PRINT(.\Listings\Buz
                    -z_Relay.lst) OBJECT(.\Objects\Buzz_Relay.obj)

line level    source

   1          #include "Buzz_Relay.h"//继电器与蜂鸣器函数头文件
   2          
   3          void BUZZ(bit NF)//蜂鸣器控制函数
   4          {
   5   1              P27=1;P26=0;P26=1;//打开Y5C锁存器
   6   1              P06=NF;//打开或关闭蜂鸣器
   7   1              P27=0;P26=0;P26=0;//关闭Y5C锁存器
   8   1      }
   9          
  10          void RELAY(bit NF)//继电器控制函数
  11          {
  12   1              P27=1;P26=0;P26=1;//打开Y5C锁存器
  13   1              P04=NF;//打开或关闭蜂鸣器
  14   1              P27=0;P26=0;P26=0;//关闭Y5C锁存器
  15   1      }


MODULE INFORMATION:   STATIC OVERLAYABLE
   CODE SIZE        =     34    ----
   CONSTANT SIZE    =   ----    ----
   XDATA SIZE       =   ----    ----
   PDATA SIZE       =   ----    ----
   DATA SIZE        =   ----    ----
   IDATA SIZE       =   ----    ----
   BIT SIZE         =   ----       2
END OF MODULE INFORMATION.


C51 COMPILATION COMPLETE.  0 WARNING(S),  0 ERROR(S)
