C51 COMPILER V9.60.0.0   IIC                                                               03/18/2023 15:19:24 PAGE 1   


C51 COMPILER V9.60.0.0, COMPILATION OF MODULE IIC
OBJECT MODULE PLACED IN .\Objects\iic.obj
COMPILER INVOKED BY: D:\Keil_v5\C51\BIN\C51.EXE App\iic\iic.c OPTIMIZE(8,SPEED) BROWSE INCDIR(.\App\ds18b20;.\App\ds1302
                    -;.\App\EEPROM;.\App\iic;.\App\key;.\App\smg;.\Public;.\App\BEED_JDQ) DEBUG OBJECTEXTEND PRINT(.\Listings\iic.lst) OBJECT
                    -(.\Objects\iic.obj)

line level    source

   1          #include "iic.h"
   2          
   3          #define DELAY_TIME 5
   4          
   5          #define SlaveAddrW 0xA0
   6          #define SlaveAddrR 0xA1
   7          
   8          // 总线引脚定义
   9          sbit SDA = P2^1; /* 数据线 */
  10          sbit SCL = P2^0; /* 时钟线 */
  11          
  12          void IIC_Delay(unsigned char i)
  13          {
  14   1          do
  15   1          {
  16   2              _nop_();
  17   2          } while (i--);
  18   1      }
  19          // 总线启动条件
  20          void IIC_Start(void)
  21          {
  22   1          SDA = 1;
  23   1          SCL = 1;
  24   1          IIC_Delay(DELAY_TIME);
  25   1          SDA = 0;
  26   1          IIC_Delay(DELAY_TIME);
  27   1          SCL = 0;
  28   1      }
  29          
  30          // 总线停止条件
  31          void IIC_Stop(void)
  32          {
  33   1          SDA = 0;
  34   1          SCL = 1;
  35   1          IIC_Delay(DELAY_TIME);
  36   1          SDA = 1;
  37   1          IIC_Delay(DELAY_TIME);
  38   1      }
  39          
  40          // 发送应答
  41          void IIC_SendAck(bit ackbit)
  42          {
  43   1          SCL = 0;
  44   1          SDA = ackbit; // 0：应答，1：非应答
  45   1          IIC_Delay(DELAY_TIME);
  46   1          SCL = 1;
  47   1          IIC_Delay(DELAY_TIME);
  48   1          SCL = 0;
  49   1          SDA = 1;
  50   1          IIC_Delay(DELAY_TIME);
  51   1      }
  52          
  53          // 等待应答
C51 COMPILER V9.60.0.0   IIC                                                               03/18/2023 15:19:24 PAGE 2   

  54          bit IIC_WaitAck(void)
  55          {
  56   1          bit ackbit;
  57   1      
  58   1          SCL = 1;
  59   1          IIC_Delay(DELAY_TIME);
  60   1          ackbit = SDA;
  61   1          SCL = 0;
  62   1          IIC_Delay(DELAY_TIME);
  63   1          return ackbit;
  64   1      }
  65          
  66          // 通过I2C总线发送数据
  67          void IIC_SendByte(unsigned char byt)
  68          {
  69   1          unsigned char i;
  70   1      
  71   1          for (i = 0; i < 8; i++)
  72   1          {
  73   2              SCL = 0;
  74   2              IIC_Delay(DELAY_TIME);
  75   2              if (byt & 0x80)
  76   2                  SDA = 1;
  77   2              else
  78   2                  SDA = 0;
  79   2              IIC_Delay(DELAY_TIME);
  80   2              SCL = 1;
  81   2              byt <<= 1;
  82   2              IIC_Delay(DELAY_TIME);
  83   2          }
  84   1          SCL = 0;
  85   1      }
  86          
  87          // 从I2C总线上接收数据
  88          unsigned char IIC_RecByte(void)
  89          {
  90   1          unsigned char i, da;
  91   1          for (i = 0; i < 8; i++)
  92   1          {
  93   2              SCL = 1;
  94   2              IIC_Delay(DELAY_TIME);
  95   2              da <<= 1;
  96   2              if (SDA)
  97   2                  da |= 1;
  98   2              SCL = 0;
  99   2              IIC_Delay(DELAY_TIME);
 100   2          }
 101   1          return da;
 102   1      }
 103          
 104          void operate_delay(unsigned char t)
 105          {
 106   1          unsigned char i;
 107   1      
 108   1          while (t--)
 109   1          {
 110   2              for (i = 0; i < 112; i++)
 111   2                  ;
 112   2          }
 113   1      }


C51 COMPILER V9.60.0.0   IIC                                                               03/18/2023 15:19:24 PAGE 3   

MODULE INFORMATION:   STATIC OVERLAYABLE
   CODE SIZE        =    192    ----
   CONSTANT SIZE    =   ----    ----
   XDATA SIZE       =   ----    ----
   PDATA SIZE       =   ----    ----
   DATA SIZE        =   ----    ----
   IDATA SIZE       =   ----    ----
   BIT SIZE         =   ----       2
END OF MODULE INFORMATION.


C51 COMPILATION COMPLETE.  0 WARNING(S),  0 ERROR(S)
