C51 COMPILER V9.57.0.0   MAIN                                                              02/01/2020 15:43:59 PAGE 1   


C51 COMPILER V9.57.0.0, COMPILATION OF MODULE MAIN
OBJECT MODULE PLACED IN .\Objects\main.obj
COMPILER INVOKED BY: E:\keil~5\C51\BIN\C51.EXE main.c OPTIMIZE(8,SPEED) BROWSE DEBUG OBJECTEXTEND PRINT(.\Listings\main.
                    -lst) TABS(2) OBJECT(.\Objects\main.obj)

line level    source

   1          #include <STC15F2K60S2.h>
   2          
   3          void Close_BUZZ();
   4          void Init_IO();
   5          
   6          void main()
   7          {
   8   1        Close_BUZZ();
   9   1        Init_IO();
  10   1        while(1);
  11   1      }
  12          
  13          void Close_BUZZ()
  14          {
  15   1        P2 = 0xA0;
  16   1        P0 = 0x00;
  17   1        P2 = 0x00;
  18   1      }
  19          
  20          void Init_IO()
  21          { 
  22   1        PCON &= 0x7F;   //波特率不倍速
  23   1        SCON = 0x50;    //8位数据,可变波特率
  24   1        AUXR |= 0x40;   //定时器1时钟为Fosc,即1T
  25   1        AUXR &= 0xFE;   //串口1选择定时器1为波特率发生器
  26   1        TMOD &= 0x0F;   //清除定时器1模式位
  27   1        TMOD |= 0x20;   //设定定时器1为8位自动重装方式
  28   1        TL1 = 0xB8;   //设定定时初值
  29   1        TH1 = 0xB8;   //设定定时器重装值
  30   1        ET1 = 0;    //禁止定时器1中断
  31   1        TR1 = 1;    //启动定时器1
  32   1        ES = 1;
  33   1        EA = 1; 
  34   1      }
  35          
  36          void IO() interrupt 4
  37          {
  38   1        unsigned char temp;
  39   1        temp = SBUF;
  40   1        RI = 0;
  41   1        SBUF = temp;
  42   1        while(!TI);
  43   1        TI = 0; 
  44   1      }
  45          
  46          
  47          
  48          
  49          
  50          


MODULE INFORMATION:   STATIC OVERLAYABLE
   CODE SIZE        =     73    ----
C51 COMPILER V9.57.0.0   MAIN                                                              02/01/2020 15:43:59 PAGE 2   

   CONSTANT SIZE    =   ----    ----
   XDATA SIZE       =   ----    ----
   PDATA SIZE       =   ----    ----
   DATA SIZE        =   ----    ----
   IDATA SIZE       =   ----    ----
   BIT SIZE         =   ----    ----
END OF MODULE INFORMATION.


C51 COMPILATION COMPLETE.  0 WARNING(S),  0 ERROR(S)
