C51 COMPILER V9.59.0.0   MAIN                                                              12/19/2022 15:09:45 PAGE 1   


C51 COMPILER V9.59.0.0, COMPILATION OF MODULE MAIN
OBJECT MODULE PLACED IN .\Objects\main.obj
COMPILER INVOKED BY: D:\MDK5\C51\BIN\C51.EXE main.c OPTIMIZE(8,SPEED) BROWSE DEBUG OBJECTEXTEND PRINT(.\Listings\main.ls
                    -t) TABS(2) OBJECT(.\Objects\main.obj)

line level    source

   1          #include <STC15F2K60S2.h>
   2          #include "smg.h"//数码管函数头文件
   3          #include "PCF8591.h"//PCF8591芯片A/D D/A转换函数头文件
   4          
   5          
   6          void main()
   7          {
   8   1        int Digital;
   9   1        while(1)
  10   1        {
  11   2          
  12   2          //可调电阻
  13   2          Digital=PCF8591_Read(AIN3);
  14   2          Display_4_WEI(1,Digital);//数码管显示AD转换值（数码管左4位显示）
  15   2          
  16   2          
  17   2      //*******以下代码打开一个，因为都是用数码管右4位显示，否则会有冲突，显示出错
  18   2          
  19   2          //1.光敏电阻 
  20   2          Digital=PCF8591_Read(AIN1);
  21   2          Display_4_WEI(5,Digital);//数码管显示AD转换值（数码管右4位显示）
  22   2          
  23   2          //2.运算放大器
  24   2      //    Digital=PCF8591_Read(AIN2);
  25   2      //    Display_4_WEI(5,Digital);//数码管显示AD转换值（数码管右4位显示）
  26   2          
  27   2          //3.排针(A/D)外接通道AIN0
  28   2      //    Digital=PCF8591_Read(AIN0);
  29   2      //    Display_4_WEI(5,Digital);//数码管显示AD转换值（数码管右4位显示）
  30   2        }
  31   1      }


MODULE INFORMATION:   STATIC OVERLAYABLE
   CODE SIZE        =     40    ----
   CONSTANT SIZE    =   ----    ----
   XDATA SIZE       =   ----    ----
   PDATA SIZE       =   ----    ----
   DATA SIZE        =   ----       2
   IDATA SIZE       =   ----    ----
   BIT SIZE         =   ----    ----
END OF MODULE INFORMATION.


C51 COMPILATION COMPLETE.  0 WARNING(S),  0 ERROR(S)
