C51 COMPILER V9.59.0.0   PCF8591                                                           12/19/2022 15:04:30 PAGE 1   


C51 COMPILER V9.59.0.0, COMPILATION OF MODULE PCF8591
OBJECT MODULE PLACED IN .\Objects\PCF8591.obj
COMPILER INVOKED BY: D:\MDK5\C51\BIN\C51.EXE PCF8591.c OPTIMIZE(8,SPEED) BROWSE DEBUG OBJECTEXTEND PRINT(.\Listings\PCF8
                    -591.lst) TABS(2) OBJECT(.\Objects\PCF8591.obj)

line level    source

   1          #include "PCF8591.h"//PCF8591芯片A/D D/A转换函数头文件
   2          #include "iic.h"
   3          
   4          
   5          u8 PCF8591_Read(u8 AINx)//返回PCF8591芯片ADC转换值
   6          {
   7   1        u8 temp;
   8   1        IIC_Start();
   9   1        IIC_SendByte(0x90);//写操作地址
  10   1        IIC_WaitAck();
  11   1        IIC_SendByte(AINx);//选择AD转换通道AINx
  12   1        IIC_WaitAck();
  13   1        IIC_Stop();
  14   1        
  15   1        IIC_Start();
  16   1        IIC_SendByte(0x91);
  17   1        IIC_WaitAck();
  18   1        temp = IIC_RecByte();
  19   1        IIC_SendAck(1);
  20   1        IIC_Stop();
  21   1        return temp;
  22   1      }


MODULE INFORMATION:   STATIC OVERLAYABLE
   CODE SIZE        =     51    ----
   CONSTANT SIZE    =   ----    ----
   XDATA SIZE       =   ----    ----
   PDATA SIZE       =   ----    ----
   DATA SIZE        =   ----       2
   IDATA SIZE       =   ----    ----
   BIT SIZE         =   ----    ----
END OF MODULE INFORMATION.


C51 COMPILATION COMPLETE.  0 WARNING(S),  0 ERROR(S)
