C51 COMPILER V9.60.0.0   MAIN                                                              03/21/2023 18:50:01 PAGE 1   


C51 COMPILER V9.60.0.0, COMPILATION OF MODULE MAIN
OBJECT MODULE PLACED IN .\Objects\main.obj
COMPILER INVOKED BY: D:\Keil_v5\C51\BIN\C51.EXE main.c OPTIMIZE(8,SPEED) BROWSE DEBUG OBJECTEXTEND PRINT(.\Listings\main
                    -.lst) OBJECT(.\Objects\main.obj)

line level    source

   1          #include "key.h"
   2          #include "smg.h"
   3          #include "ds18b20.h"
   4          
   5          u8 work_mode;
   6          u16 work_time1;
   7          u16 time=0;
   8          
   9          void tm1_isr() interrupt 1
  10          {
  11   1              ++time;
  12   1              if(time == 20)
  13   1              {
  14   2                      time=0;
  15   2                      if(work_time1==0)
  16   2                      {
  17   3                              work_time1=0;
  18   3                      }
  19   2                      else 
  20   2                      {
  21   3                              --work_time1;
  22   3                      }
  23   2              }
  24   1      }
  25          
  26          void Timer0_Init(void)          //50毫秒@12.000MHz
  27          {
  28   1              AUXR &= 0x7F;                   //定时器时钟12T模式
  29   1              TMOD &= 0xF0;                   //设置定时器模式
  30   1              TL0 = 0xB0;                             //设置定时初始值
  31   1              TH0 = 0x3C;                             //设置定时初始值
  32   1              TF0 = 0;                                //清除TF0标志
  33   1              TR0 = 1;                                //定时器0开始计时
  34   1      }
  35          
  36          void temperature_display()
  37          {
  38   1              int temp = 0; 
  39   1              
  40   1              HC138(6);
  41   1              smg_display_wei(1);
  42   1              HC138(7);
  43   1              P0=0xbf;
  44   1              Delay_ms(2);
  45   1              
  46   1              HC138(6);
  47   1              smg_display_wei(2);
  48   1              HC138(7);
  49   1              smg_dispaly_num(4);
  50   1              Delay_ms(2);
  51   1              
  52   1              HC138(6);
  53   1              smg_display_wei(3);
  54   1              HC138(7);
C51 COMPILER V9.60.0.0   MAIN                                                              03/21/2023 18:50:01 PAGE 2   

  55   1              P0=0xbf;
  56   1              Delay_ms(2);
  57   1              
  58   1              
  59   1              ds18b20_init();
  60   1              temp=ds18b20_read_temperture();
  61   1              
  62   1              HC138(6);
  63   1              smg_display_wei(6);
  64   1              HC138(7);
  65   1              smg_dispaly_num(temp/10);
  66   1              Delay_ms(2);
  67   1              
  68   1              HC138(6);
  69   1              smg_display_wei(7);
  70   1              HC138(7);
  71   1              smg_dispaly_num(temp%10);
  72   1              Delay_ms(2);
  73   1              
  74   1              HC138(6);
  75   1              smg_display_wei(8);
  76   1              HC138(7);
  77   1              smg_dispaly_num(12);
  78   1              Delay_ms(2);
  79   1              
  80   1      }
  81          
  82          void LED_display()
  83          {
  84   1              HC138(4);
  85   1              if(work_mode==1)
  86   1              {
  87   2                      P0=0xfe;
  88   2              }
  89   1              else if(work_mode==2)
  90   1              {
  91   2                      P0=0xfd;
  92   2              }
  93   1              else if(work_mode==3)
  94   1              {
  95   2                      P0=0xfb;
  96   2              }
  97   1      }
  98          
  99          void dispaly()
 100          {
 101   1              LED_display();
 102   1              
 103   1              
 104   1              HC138(6);
 105   1              smg_display_wei(1);
 106   1              HC138(7);
 107   1              P0=0xbf;
 108   1              Delay_ms(2);
 109   1              
 110   1              HC138(6);
 111   1              smg_display_wei(2);
 112   1              HC138(7);
 113   1              smg_dispaly_num(work_mode);
 114   1              Delay_ms(2);
 115   1              
 116   1              HC138(6);
C51 COMPILER V9.60.0.0   MAIN                                                              03/21/2023 18:50:01 PAGE 3   

 117   1              smg_display_wei(3);
 118   1              HC138(7);
 119   1              P0=0xbf;
 120   1              Delay_ms(2);
 121   1              
 122   1              //smg_display_wei(4);
 123   1              smg_dispaly_fore_num(work_time1);
 124   1              Delay_ms(2);
 125   1      }
 126          
 127          void main()
 128          {
 129   1              u8 key_num;
 130   1              u8 temp_flag=0;
 131   1              work_mode=1;
 132   1              work_time1=50;
 133   1              ET0 = 1;
 134   1              EA = 1;
 135   1              Timer0_Init();
 136   1      //      while(1)
 137   1      //      {
 138   1      //              temperature_display();
 139   1      //      }
 140   1              
 141   1              
 142   1              while(1)
 143   1              {
 144   2                      key_num=key_scan(0);
 145   2                      if(key_num==3)
 146   2                      {
 147   3                              work_time1+=60;
 148   3                      }
 149   2                      else if(key_num==4)
 150   2                      {
 151   3                              ++work_mode;
 152   3                              if(work_mode==4)
 153   3                              {
 154   4                                      work_mode=1;
 155   4                              }
 156   3                      }
 157   2                      else if(key_num==2)
 158   2                      {
 159   3                              work_time1=0;
 160   3                      }
 161   2                      else if(key_num==1)
 162   2                      {
 163   3                              temp_flag=~temp_flag;
 164   3                      }
 165   2                      if(temp_flag)
 166   2                      {
 167   3                              temperature_display();
 168   3                      }
 169   2                      else
 170   2                      {
 171   3                              dispaly();
 172   3                      }
 173   2                      
 174   2                      
 175   2              }
 176   1      }


C51 COMPILER V9.60.0.0   MAIN                                                              03/21/2023 18:50:01 PAGE 4   

MODULE INFORMATION:   STATIC OVERLAYABLE
   CODE SIZE        =    488    ----
   CONSTANT SIZE    =   ----    ----
   XDATA SIZE       =   ----    ----
   PDATA SIZE       =   ----    ----
   DATA SIZE        =      5       3
   IDATA SIZE       =   ----    ----
   BIT SIZE         =   ----    ----
END OF MODULE INFORMATION.


C51 COMPILATION COMPLETE.  0 WARNING(S),  0 ERROR(S)
