C51 COMPILER V9.59.0.0   MAIN                                                              12/18/2022 18:45:21 PAGE 1   


C51 COMPILER V9.59.0.0, COMPILATION OF MODULE MAIN
OBJECT MODULE PLACED IN .\Objects\main.obj
COMPILER INVOKED BY: D:\MDK5\C51\BIN\C51.EXE main.c OPTIMIZE(8,SPEED) BROWSE DEBUG OBJECTEXTEND PRINT(.\Listings\main.ls
                    -t) TABS(2) OBJECT(.\Objects\main.obj)

line level    source

   1          #include <STC15F2K60S2.H>
   2          #include "delay.h"//延时函数头文件
   3          #include "Buzz_Relay.h"//继电器与蜂鸣器函数头文件
   4          
   5          
   6          void main()
   7          {
   8   1        
   9   1        while(1)
  10   1        {
  11   2          
  12   2          BUZZ(1);//蜂鸣器打开
  13   2          Delay_ms(500);
  14   2          BUZZ(0);//蜂鸣器关闭
  15   2          Delay_ms(500);
  16   2          
  17   2          RELAY(1);//继电器打开
  18   2          Delay_ms(500);
  19   2          RELAY(0);//继电器关闭
  20   2          Delay_ms(500);
  21   2          
  22   2        }
  23   1      }


MODULE INFORMATION:   STATIC OVERLAYABLE
   CODE SIZE        =     50    ----
   CONSTANT SIZE    =   ----    ----
   XDATA SIZE       =   ----    ----
   PDATA SIZE       =   ----    ----
   DATA SIZE        =   ----    ----
   IDATA SIZE       =   ----    ----
   BIT SIZE         =   ----    ----
END OF MODULE INFORMATION.


C51 COMPILATION COMPLETE.  0 WARNING(S),  0 ERROR(S)
