C51 COMPILER V9.59.0.0   MAIN                                                              11/30/2022 20:28:57 PAGE 1   


C51 COMPILER V9.59.0.0, COMPILATION OF MODULE MAIN
OBJECT MODULE PLACED IN .\Objects\main.obj
COMPILER INVOKED BY: D:\MDK5\C51\BIN\C51.EXE main.c OPTIMIZE(8,SPEED) BROWSE DEBUG OBJECTEXTEND PRINT(.\Listings\main.ls
                    -t) TABS(2) OBJECT(.\Objects\main.obj)

line level    source

   1          #include <STC15F2K60S2.h>
   2          #include <intrins.h>
   3          #include "CX20106A.h"
   4          
   5          sbit LED1=P0^0;
   6          sbit HC138_A=P2^5;
   7          sbit HC138_B=P2^6;
   8          sbit HC138_C=P2^7;
   9          
  10          void Delay_ms(unsigned int ms)    //@11.0592MHz
  11          {
  12   1        unsigned char i, j;
  13   1        while(ms--)
  14   1        {
  15   2          _nop_();
  16   2          _nop_();
  17   2          _nop_();
  18   2          i = 11;
  19   2          j = 190;
  20   2          do
  21   2          {
  22   3            while (--j);
  23   3          } while (--i);
  24   2        }
  25   1      }
  26          
  27          void main()
  28          {
  29   1        u16 s;
  30   1        HC138_A=0;
  31   1        HC138_B=0;
  32   1        HC138_C=1;
  33   1        //实验程序
  34   1      //  while(1)
  35   1      //  {
  36   1      //    LED1=0;
  37   1      //    Delay_ms(500);
  38   1      //    LED1=1;
  39   1      //    Delay_ms(500);
  40   1      //  }
  41   1        
  42   1        US_init();//超声波模块初始化函数
  43   1        
  44   1        while(1)
  45   1        {
  46   2          s=Get_distance();
  47   2          if(s<10)//超声波模块获得距离函数（函数还回距离值 单位：cm）   
  48   2          {
  49   3            LED1=0;
  50   3          }
  51   2          else
  52   2          {
  53   3            LED1=1;
  54   3          }
C51 COMPILER V9.59.0.0   MAIN                                                              11/30/2022 20:28:57 PAGE 2   

  55   2          
  56   2        }
  57   1        
  58   1      }


MODULE INFORMATION:   STATIC OVERLAYABLE
   CODE SIZE        =     53    ----
   CONSTANT SIZE    =   ----    ----
   XDATA SIZE       =   ----    ----
   PDATA SIZE       =   ----    ----
   DATA SIZE        =   ----    ----
   IDATA SIZE       =   ----    ----
   BIT SIZE         =   ----    ----
END OF MODULE INFORMATION.


C51 COMPILATION COMPLETE.  0 WARNING(S),  0 ERROR(S)
