C51 COMPILER V9.59.0.0   MAIN                                                              12/18/2022 18:16:57 PAGE 1   


C51 COMPILER V9.59.0.0, COMPILATION OF MODULE MAIN
OBJECT MODULE PLACED IN .\Objects\main.obj
COMPILER INVOKED BY: D:\MDK5\C51\BIN\C51.EXE main.c OPTIMIZE(8,SPEED) BROWSE DEBUG OBJECTEXTEND PRINT(.\Listings\main.ls
                    -t) TABS(2) OBJECT(.\Objects\main.obj)

line level    source

   1          #include <STC15F2K60S2.H>
   2          #include "delay.h"//延时函数头文件
   3          #include "lcd1602.h"
   4          #include "DS18B20.h"
   5          
   6          void main()
   7          {
   8   1        float Temp; 
   9   1        
  10   1        LcdInit(); //LCD1602初始化
  11   1        
  12   1        while(1)
  13   1        {
  14   2          Temp=DS18B20_Tem();//DS18B20返回温度值函数
  15   2          DisplayListChar(0, 0, "Temp:");
  16   2          Display_XS(5, 0,Temp,2);//显示指定小数。
  17   2          Delay_ms(300);//DS18B20温度转换需要延时一定时间
  18   2        }
  19   1      }


MODULE INFORMATION:   STATIC OVERLAYABLE
   CODE SIZE        =     57    ----
   CONSTANT SIZE    =      6    ----
   XDATA SIZE       =   ----    ----
   PDATA SIZE       =   ----    ----
   DATA SIZE        =   ----       4
   IDATA SIZE       =   ----    ----
   BIT SIZE         =   ----    ----
END OF MODULE INFORMATION.


C51 COMPILATION COMPLETE.  0 WARNING(S),  0 ERROR(S)
