C51 COMPILER V9.59.0.0   MAIN                                                              11/27/2022 18:34:10 PAGE 1   


C51 COMPILER V9.59.0.0, COMPILATION OF MODULE MAIN
OBJECT MODULE PLACED IN .\Objects\main.obj
COMPILER INVOKED BY: D:\MDK5\C51\BIN\C51.EXE main.c OPTIMIZE(8,SPEED) BROWSE DEBUG OBJECTEXTEND PRINT(.\Listings\main.ls
                    -t) TABS(2) OBJECT(.\Objects\main.obj)

line level    source

   1          #include <STC15F2K60S2.h>
   2          #include <intrins.h>
   3          
   4          sbit LED1=P0^0;
   5          sbit HC138_A=P2^5;
   6          sbit HC138_B=P2^6;
   7          sbit HC138_C=P2^7;
   8          
   9          void Delay_ms(unsigned int ms)    //@11.0592MHz
  10          {
  11   1        unsigned char i, j;
  12   1        while(ms--)
  13   1        {
  14   2          _nop_();
  15   2          _nop_();
  16   2          _nop_();
  17   2          i = 11;
  18   2          j = 190;
  19   2          do
  20   2          {
  21   3            while (--j);
  22   3          } while (--i);
  23   2        }
  24   1      }
  25          
  26          void main()
  27          {
  28   1        HC138_A=0;
  29   1        HC138_B=0;
  30   1        HC138_C=1;
  31   1        //ÊµÑé³ÌÐò
  32   1        while(1)
  33   1        {
  34   2          LED1=0;
  35   2          Delay_ms(500);
  36   2          LED1=1;
  37   2          Delay_ms(500);
  38   2        }
  39   1        
  40   1      }


MODULE INFORMATION:   STATIC OVERLAYABLE
   CODE SIZE        =     50    ----
   CONSTANT SIZE    =   ----    ----
   XDATA SIZE       =   ----    ----
   PDATA SIZE       =   ----    ----
   DATA SIZE        =   ----    ----
   IDATA SIZE       =   ----    ----
   BIT SIZE         =   ----    ----
END OF MODULE INFORMATION.


C51 COMPILATION COMPLETE.  0 WARNING(S),  0 ERROR(S)
