C51 COMPILER V9.60.0.0   DS18B20                                                           03/18/2023 15:19:24 PAGE 1   


C51 COMPILER V9.60.0.0, COMPILATION OF MODULE DS18B20
OBJECT MODULE PLACED IN .\Objects\ds18b20.obj
COMPILER INVOKED BY: D:\Keil_v5\C51\BIN\C51.EXE App\ds18b20\ds18b20.c OPTIMIZE(8,SPEED) BROWSE INCDIR(.\App\ds18b20;.\Ap
                    -p\ds1302;.\App\EEPROM;.\App\iic;.\App\key;.\App\smg;.\Public;.\App\BEED_JDQ) DEBUG OBJECTEXTEND PRINT(.\Listings\ds18b20
                    -.lst) OBJECT(.\Objects\ds18b20.obj)

line level    source

   1          /*
   2           * @Author: Fenobi 13667739122@qq.com
   3           * @Date: 2023-03-15 22:48:47
   4           * @LastEditors: Fenobi 13667739122@qq.com
   5           * @LastEditTime: 2023-03-16 11:45:07
   6           * @FilePath: \DS18B20\App\ds18b20\ds18b20.c
   7           */
   8          #include "ds18b20.h"
   9          
  10          void ds18b20_reset(void)
  11          {
  12   1              DS18B20_PORT = 0;
  13   1              delay_10us(75);
  14   1              DS18B20_PORT = 1;
  15   1              delay_10us(2);
  16   1      }
  17          
  18          u8 ds18b20_check(void)
  19          {
  20   1              u8 time_temp = 0;
  21   1      
  22   1              while (DS18B20_PORT && time_temp < 20)
  23   1              {
  24   2                      ++time_temp;
  25   2                      delay_10us(1);
  26   2              }
  27   1              if (time_temp >= 20)
  28   1                      return 1;
  29   1              else
  30   1                      time_temp = 0;
  31   1      
  32   1              while (!DS18B20_PORT && time_temp < 20)
  33   1              {
  34   2                      ++time_temp;
  35   2                      delay_10us(1);
  36   2              }
  37   1              if (time_temp >= 20)
  38   1                      return 1;
  39   1      
  40   1              return 0;
  41   1      }
  42          
  43          u8 ds18b20_init(void)
  44          {
  45   1              ds18b20_reset();                // 复位
  46   1              return ds18b20_check(); // 检查
  47   1      }
  48          
  49          void ds18b20_write_byte(u8 dat)
  50          {
  51   1              u8 i = 0;
  52   1              u8 temp = 0;
  53   1      
C51 COMPILER V9.60.0.0   DS18B20                                                           03/18/2023 15:19:24 PAGE 2   

  54   1              for (i = 0; i < 8; ++i)
  55   1              {
  56   2                      temp = dat & 0x01;
  57   2                      if (temp)
  58   2                      {
  59   3                              DS18B20_PORT = 0;
  60   3                              _nop_();
  61   3                              _nop_();
  62   3                              DS18B20_PORT = 1;
  63   3                              delay_10us(6);
  64   3                      }
  65   2                      else
  66   2                      {
  67   3                              DS18B20_PORT = 0;
  68   3                              delay_10us(6);
  69   3                              DS18B20_PORT = 1;
  70   3                              _nop_();
  71   3                              _nop_();
  72   3                      }
  73   2                      dat >>= 1;
  74   2              }
  75   1      }
  76          
  77          u8 ds18b20_read_bit(void)
  78          {
  79   1              u8 dat = 0;
  80   1      
  81   1              DS18B20_PORT = 0;
  82   1              _nop_();
  83   1              _nop_();
  84   1              DS18B20_PORT = 1;
  85   1              _nop_();
  86   1              _nop_(); // 该段时间不能过长，必须在15us内读取数据
  87   1              if (DS18B20_PORT)
  88   1                      dat = 1; // 如果总线上为1则数据dat为1，否则为0
  89   1              else
  90   1                      dat = 0;
  91   1              delay_10us(5);
  92   1      
  93   1              return dat;
  94   1      }
  95          
  96          u8 ds18b20_read_byte(void)
  97          {
  98   1              u8 i = 0;
  99   1              u8 temp = 0;
 100   1              u8 dat = 0;
 101   1      
 102   1              for (i = 0; i < 8; ++i)
 103   1              {
 104   2                      temp = ds18b20_read_bit();
 105   2                      dat >>= 1;
 106   2                      dat |= (temp << 7);
 107   2                      // dat=(temp<<7)|(dat>>=1);
 108   2              }
 109   1      
 110   1              return dat;
 111   1      }
 112          
 113          void ds18b20_start(void)
 114          {
 115   1              ds18b20_init();
C51 COMPILER V9.60.0.0   DS18B20                                                           03/18/2023 15:19:24 PAGE 3   

 116   1              ds18b20_write_byte(0xcc); // SKIP ROM
 117   1              ds18b20_write_byte(0x44); // 转换命令
 118   1      }
 119          
 120          float ds18b20_read_temperture(void)
 121          {
 122   1              u8 dath = 0;
 123   1              u8 datl = 0;
 124   1              u16 value = 0;
 125   1              float temp = 0;
 126   1      
 127   1              ds18b20_start();
 128   1              ds18b20_reset();
 129   1              ds18b20_check();
 130   1              ds18b20_write_byte(0xcc);
 131   1              ds18b20_write_byte(0xbe);
 132   1      
 133   1              datl = ds18b20_read_byte(); // 低字节
 134   1              dath = ds18b20_read_byte(); // 高字节
 135   1              value = (dath << 8) + datl;
 136   1      
 137   1              if ((value & 0xf800) == 0xf800)
 138   1              {
 139   2                      value = (~value) + 1;
 140   2                      temp = value * (-0.0625);
 141   2              }
 142   1              else
 143   1              {
 144   2                      temp = value * 0.0625;
 145   2              }
 146   1              return temp;
 147   1      }


MODULE INFORMATION:   STATIC OVERLAYABLE
   CODE SIZE        =    398    ----
   CONSTANT SIZE    =   ----    ----
   XDATA SIZE       =   ----    ----
   PDATA SIZE       =   ----    ----
   DATA SIZE        =   ----      14
   IDATA SIZE       =   ----    ----
   BIT SIZE         =   ----    ----
END OF MODULE INFORMATION.


C51 COMPILATION COMPLETE.  0 WARNING(S),  0 ERROR(S)
