C51 COMPILER V9.60.0.0   PUBLIC                                                            03/18/2023 15:19:25 PAGE 1   


C51 COMPILER V9.60.0.0, COMPILATION OF MODULE PUBLIC
OBJECT MODULE PLACED IN .\Objects\public.obj
COMPILER INVOKED BY: D:\Keil_v5\C51\BIN\C51.EXE Public\public.c OPTIMIZE(8,SPEED) BROWSE INCDIR(.\App\ds18b20;.\App\ds13
                    -02;.\App\EEPROM;.\App\iic;.\App\key;.\App\smg;.\Public;.\App\BEED_JDQ) DEBUG OBJECTEXTEND PRINT(.\Listings\public.lst) O
                    -BJECT(.\Objects\public.obj)

line level    source

   1          #include "public.h"
   2          
   3          void Delay_ms(unsigned int ms)
   4          {
   5   1              unsigned char i, j;
   6   1      
   7   1              while (ms--)
   8   1              {
   9   2                      _nop_();
  10   2                      _nop_();
  11   2                      _nop_();
  12   2                      i = 11;
  13   2                      j = 190;
  14   2                      do
  15   2                      {
  16   3                              while (--j)
  17   3                                      ;
  18   3                      } while (--i);
  19   2              }
  20   1      }
  21          
  22          void delay_10us(unsigned int us)
  23          {
  24   1              unsigned char i;
  25   1              while (us--)
  26   1              {
  27   2                      _nop_();
  28   2                      i = 25;
  29   2                      while (--i)
  30   2                              ;
  31   2              }
  32   1      }
  33          
  34          void delay_1us(unsigned int us)
  35          {
  36   1              while (us--)
  37   1              {
  38   2                      _nop_();
  39   2                      _nop_();
  40   2                      _nop_();
  41   2              }
  42   1      }


MODULE INFORMATION:   STATIC OVERLAYABLE
   CODE SIZE        =     60    ----
   CONSTANT SIZE    =   ----    ----
   XDATA SIZE       =   ----    ----
   PDATA SIZE       =   ----    ----
   DATA SIZE        =   ----    ----
   IDATA SIZE       =   ----    ----
   BIT SIZE         =   ----    ----
END OF MODULE INFORMATION.

C51 COMPILER V9.60.0.0   PUBLIC                                                            03/18/2023 15:19:25 PAGE 2   


C51 COMPILATION COMPLETE.  0 WARNING(S),  0 ERROR(S)
