C51 COMPILER V9.60.0.0   LED_LIGHT                                                         11/07/2022 17:34:34 PAGE 1   


C51 COMPILER V9.60.0.0, COMPILATION OF MODULE LED_LIGHT
OBJECT MODULE PLACED IN .\Objects\LED_light.obj
COMPILER INVOKED BY: D:\Keil_v5\C51\BIN\C51.EXE LED_light.c OPTIMIZE(8,SPEED) BROWSE DEBUG OBJECTEXTEND PRINT(.\Listings
                    -\LED_light.lst) OBJECT(.\Objects\LED_light.obj)

line level    source

   1          #include "LED_light.h"
   2          
   3          void delay_nms(u16 n)
   4          {
   5   1              while(n--)
   6   1              {
   7   2                      unsigned char a,b,c;
   8   2                      for(c=1;c>0;c--)
   9   2                              for(b=142;b>0;b--)
  10   2                                      for(a=2;a>0;a--);       
  11   2              }
  12   1      }
  13          
  14          u8 key_scan(u8 mode)
  15          {
  16   1              static u8 key=1;
  17   1              if(mode)
  18   1                      key=1;
  19   1              if(key==1 && (KEY1==0 || KEY2==0 || KEY3==0 || KEY4==0))
  20   1              {
  21   2                      delay_nms(10);//Ïû¶¶
  22   2                      key=0;
  23   2                      if(KEY1==0)
  24   2                              return KEY1_PRESS;
  25   2                      else if(KEY2==0)
  26   2                              return KEY2_PRESS;
  27   2                      else if(KEY3==0)
  28   2                              return KEY3_PRESS;
  29   2                      else if(KEY4==0)
  30   2                              return KEY4_PRESS;
  31   2              }
  32   1              else if(KEY1==1 && KEY2==1 && KEY3==1 && KEY4==1)
  33   1              {
  34   2                      key=1;
  35   2              }
  36   1              return KEY_UNPRESS;
  37   1      }


MODULE INFORMATION:   STATIC OVERLAYABLE
   CODE SIZE        =    141    ----
   CONSTANT SIZE    =   ----    ----
   XDATA SIZE       =   ----    ----
   PDATA SIZE       =   ----    ----
   DATA SIZE        =      1       3
   IDATA SIZE       =   ----    ----
   BIT SIZE         =   ----    ----
END OF MODULE INFORMATION.


C51 COMPILATION COMPLETE.  0 WARNING(S),  0 ERROR(S)
