C51 COMPILER V9.60.0.0   MAIN                                                              11/07/2022 17:34:34 PAGE 1   


C51 COMPILER V9.60.0.0, COMPILATION OF MODULE MAIN
OBJECT MODULE PLACED IN .\Objects\main.obj
COMPILER INVOKED BY: D:\Keil_v5\C51\BIN\C51.EXE main.c OPTIMIZE(8,SPEED) BROWSE DEBUG OBJECTEXTEND PRINT(.\Listings\main
                    -.lst) OBJECT(.\Objects\main.obj)

line level    source

   1          #include "LED_light.h"
   2          
   3          void main()
   4          {
   5   1              u8 key=0;
   6   1              while(1)
   7   1              {
   8   2                      key=key_scan(1);
   9   2                      if(key==KEY1_PRESS)
  10   2                      {
  11   3                              LED1=~LED1;
  12   3                      }
  13   2                      if(key==KEY2_PRESS)
  14   2                      {
  15   3                              LED2=~LED2;
  16   3                      }
  17   2                      if(key==KEY3_PRESS)
  18   2                      {
  19   3                              LED3=~LED3;
  20   3                      }
  21   2                      if(key==KEY4_PRESS)
  22   2                      {
  23   3                              LED4=~LED4;
  24   3                      }
  25   2              }       
  26   1      }


MODULE INFORMATION:   STATIC OVERLAYABLE
   CODE SIZE        =     42    ----
   CONSTANT SIZE    =   ----    ----
   XDATA SIZE       =   ----    ----
   PDATA SIZE       =   ----    ----
   DATA SIZE        =   ----    ----
   IDATA SIZE       =   ----    ----
   BIT SIZE         =   ----    ----
END OF MODULE INFORMATION.


C51 COMPILATION COMPLETE.  0 WARNING(S),  0 ERROR(S)
