C51 COMPILER V9.59.0.0   INTX                                                              02/11/2023 15:10:50 PAGE 1   


C51 COMPILER V9.59.0.0, COMPILATION OF MODULE INTX
OBJECT MODULE PLACED IN .\Objects\INTx.obj
COMPILER INVOKED BY: D:\MDK5\C51\BIN\C51.EXE INTx.c OPTIMIZE(8,SPEED) BROWSE DEBUG OBJECTEXTEND PRINT(.\Listings\INTx.ls
                    -t) TABS(2) OBJECT(.\Objects\INTx.obj)

line level    source

   1          #include "INTx.h" //中断函数头文件
   2          
   3          //********************************WMH 2022.12.17
   4          
   5          //外部中断0
   6          //********************************
   7          void INT0_Init(void)//外部中断0初始化函数
   8          {
   9   1          IT0 = 0;        //1.如果IT0 = 0 ;使能INT0上升沿和下降沿中断
  10   1                          //2.如果IT0 = 1;使能INT0下降沿才能中断
  11   1        
  12   1          EX0 = 1;        //使能INT0中断
  13   1          EA = 1;         //打开总中断
  14   1      }
  15          
  16          void INT0_Isr() interrupt 0     //外部中断0中断服务函数
  17          {
  18   1        //中断程序写下面
  19   1        P00=~P00;
  20   1      }
  21          
  22          
  23          //********************************
  24          //外部中断1
  25          //********************************
  26          void INT1_Init(void)//外部中断1初始化函数
  27          {
  28   1          IT1 = 0;        //如果IT1 = 0 ;使能INT1上升沿和下降沿中断
  29   1                          //如果IT1 = 1;使能INT1下降沿才能中断
  30   1        
  31   1          EX1 = 1;        //使能INT1中断
  32   1          EA = 1;         //打开总中断
  33   1      }
  34          
  35          void INT1_Isr() interrupt 2     //外部中断1中断服务函数
  36          {
  37   1        //中断程序写下面
  38   1        P01=~P01;
  39   1      
  40   1      }
  41          
  42          
  43          
  44          //********************************
  45          //外部中断2
  46          //********************************
  47          void INT2_Init(void)//外部中断2初始化函数
  48          {
  49   1          INT_CLKO |= EX2;  //使能INT2中断(INT2,INT3,INT4只能下降沿触发)                          
  50   1          EA = 1;         //打开总中断
  51   1      }
  52          
  53          void INT2_Isr() interrupt 10
  54          {
C51 COMPILER V9.59.0.0   INTX                                                              02/11/2023 15:10:50 PAGE 2   

  55   1        //中断程序写下面
  56   1        P02=~P02;
  57   1      }
  58          
  59          
  60          //********************************
  61          //外部中断3
  62          //********************************
  63          void INT3_Init(void)//外部中断3初始化函数
  64          {
  65   1          INT_CLKO |= EX3;  //使能INT3中断(INT2,INT3,INT4只能下降沿触发)                          
  66   1          EA = 1;         //打开总中断
  67   1      }
  68          
  69          void INT3_Isr() interrupt 11
  70          {
  71   1        //中断程序写下面
  72   1        P03=~P03;
  73   1        
  74   1      }
  75          
  76          
  77          //********************************
  78          //外部中断4
  79          //********************************
  80          void INT4_Init(void)//外部中断4初始化函数
  81          {
  82   1          INT_CLKO |= EX4;  //使能INT4中断(INT2,INT3,INT4只能下降沿触发)                          
  83   1          EA = 1;         //打开总中断
  84   1      }
  85          
  86          void INT4_Isr() interrupt 16
  87          {
  88   1        //中断程序写下面
  89   1        P04=~P04;
  90   1        
  91   1      }


MODULE INFORMATION:   STATIC OVERLAYABLE
   CODE SIZE        =     47    ----
   CONSTANT SIZE    =   ----    ----
   XDATA SIZE       =   ----    ----
   PDATA SIZE       =   ----    ----
   DATA SIZE        =   ----    ----
   IDATA SIZE       =   ----    ----
   BIT SIZE         =   ----    ----
END OF MODULE INFORMATION.


C51 COMPILATION COMPLETE.  0 WARNING(S),  0 ERROR(S)
