C51 COMPILER V9.59.0.0   MAIN                                                              02/11/2023 15:10:50 PAGE 1   


C51 COMPILER V9.59.0.0, COMPILATION OF MODULE MAIN
OBJECT MODULE PLACED IN .\Objects\main.obj
COMPILER INVOKED BY: D:\MDK5\C51\BIN\C51.EXE main.c OPTIMIZE(8,SPEED) BROWSE DEBUG OBJECTEXTEND PRINT(.\Listings\main.ls
                    -t) TABS(2) OBJECT(.\Objects\main.obj)

line level    source

   1          #include <STC15F2K60S2.H>
   2          #include "delay.h"
   3          #include "INTx.h"
   4          #include "led.h"//led灯函数头文件
   5          
   6          
   7          void main()
   8          {
   9   1        //LED初始化
  10   1        LED_Init();//LED灯初始化函数（设置锁存器为跟随输出）
  11   1        
  12   1        //单片机初始化
  13   1        INT0_Init();//外部中断0初始化函数
  14   1      //  INT1_Init();//外部中断1初始化函数
  15   1      //  INT2_Init();//外部中断3初始化函数
  16   1      //  INT3_Init();//外部中断3初始化函数
  17   1      //  INT4_Init();//外部中断4初始化函数
  18   1      
  19   1        while(1)
  20   1        {
  21   2        }
  22   1      }
  23          
  24          


MODULE INFORMATION:   STATIC OVERLAYABLE
   CODE SIZE        =      8    ----
   CONSTANT SIZE    =   ----    ----
   XDATA SIZE       =   ----    ----
   PDATA SIZE       =   ----    ----
   DATA SIZE        =   ----    ----
   IDATA SIZE       =   ----    ----
   BIT SIZE         =   ----    ----
END OF MODULE INFORMATION.


C51 COMPILATION COMPLETE.  0 WARNING(S),  0 ERROR(S)
