C51 COMPILER V9.60.0.0   MAIN                                                              10/15/2022 22:25:03 PAGE 1   


C51 COMPILER V9.60.0.0, COMPILATION OF MODULE MAIN
OBJECT MODULE PLACED IN .\Objects\main.obj
COMPILER INVOKED BY: D:\Keil_v5\C51\BIN\C51.EXE main.c OPTIMIZE(8,SPEED) BROWSE DEBUG OBJECTEXTEND PRINT(.\Listings\main
                    -.lst) OBJECT(.\Objects\main.obj)

line level    source

   1          #include <reg52.h>
   2          
   3          sbit led1=P2^0;
   4          sbit led2=P2^1;
   5          sbit led3=P2^2;
   6          sbit led4=P2^3;
   7          
   8          typedef unsigned char u8;
   9          typedef unsigned int u16;
  10          
  11          
  12          
  13          void delay(void)   
  14          {
  15   1          unsigned char a,b,c;
  16   1          for(c=19;c>0;c--)
  17   1              for(b=20;b>0;b--)
  18   1                  for(a=130;a>0;a--);
  19   1      }
  20          
  21          void main()
  22          {
  23   1                      while(1)
  24   1                      {
  25   2                              led1=0;
  26   2                              delay();
  27   2                              
  28   2                              led2=0;
  29   2                              delay();
  30   2                              
  31   2                              led3=0;
  32   2                              delay();
  33   2                              
  34   2                              led4=0;
  35   2                              delay();
  36   2                              
  37   2                              led1=1;
  38   2                              delay();
  39   2                              
  40   2                              led2=1;
  41   2                              delay();
  42   2                              
  43   2                              led3=1;
  44   2                              delay();
  45   2                              
  46   2                              led4=1;
  47   2                              delay();
  48   2                      }
  49   1      }


MODULE INFORMATION:   STATIC OVERLAYABLE
   CODE SIZE        =     88    ----
   CONSTANT SIZE    =   ----    ----
C51 COMPILER V9.60.0.0   MAIN                                                              10/15/2022 22:25:03 PAGE 2   

   XDATA SIZE       =   ----    ----
   PDATA SIZE       =   ----    ----
   DATA SIZE        =   ----    ----
   IDATA SIZE       =   ----    ----
   BIT SIZE         =   ----    ----
END OF MODULE INFORMATION.


C51 COMPILATION COMPLETE.  0 WARNING(S),  0 ERROR(S)
