C51 COMPILER V9.57.0.0   MAIN                                                              02/04/2020 15:12:29 PAGE 1   


C51 COMPILER V9.57.0.0, COMPILATION OF MODULE MAIN
OBJECT MODULE PLACED IN .\Objects\main.obj
COMPILER INVOKED BY: E:\keil~5\C51\BIN\C51.EXE main.c OPTIMIZE(8,SPEED) BROWSE DEBUG OBJECTEXTEND PRINT(.\Listings\main.
                    -lst) TABS(2) OBJECT(.\Objects\main.obj)

line level    source

   1          #include<STC15F2K60S2.h>
   2          
   3          //定义独立按键
   4          sbit S0 = P3^0;
   5          sbit S1 = P3^1;
   6          sbit S2 = P3^2;
   7          sbit S3 = P3^3;
   8          
   9          void cls_buzz()
  10          {
  11   1        P2 = (P2&0x1f|0xa0);
  12   1        P0 = 0x00;
  13   1        P2 = 0x1f; 
  14   1      }
  15          
  16          void main()
  17          {
  18   1        cls_buzz(); 
  19   1        P2 = 0x80;
  20   1        P0 = 0xff;  
  21   1        
  22   1        while(1)
  23   1        {
  24   2          if (0 == S0)
  25   2          { 
  26   3            P0 = 0xff;
  27   3            P0 = 0x7f;
  28   3          }
  29   2          if (0 == S1)
  30   2          {
  31   3            P0 = 0xff;
  32   3            P0 = 0xbf;
  33   3          }
  34   2          if (0 == S2)
  35   2          {
  36   3            P0 = 0xff;
  37   3            P0 = 0xdf;
  38   3          }
  39   2          if (0 == S3)
  40   2          {
  41   3            P0 = 0xff;
  42   3            P0 = 0xef;
  43   3          }
  44   2        }
  45   1      }


MODULE INFORMATION:   STATIC OVERLAYABLE
   CODE SIZE        =     62    ----
   CONSTANT SIZE    =   ----    ----
   XDATA SIZE       =   ----    ----
   PDATA SIZE       =   ----    ----
   DATA SIZE        =   ----    ----
   IDATA SIZE       =   ----    ----
C51 COMPILER V9.57.0.0   MAIN                                                              02/04/2020 15:12:29 PAGE 2   

   BIT SIZE         =   ----    ----
END OF MODULE INFORMATION.


C51 COMPILATION COMPLETE.  0 WARNING(S),  0 ERROR(S)
