C51 COMPILER V9.60.0.0   DS1302                                                            04/07/2023 14:17:16 PAGE 1   


C51 COMPILER V9.60.0.0, COMPILATION OF MODULE DS1302
OBJECT MODULE PLACED IN .\Objects\ds1302.obj
COMPILER INVOKED BY: D:\Keil_v5\C51\BIN\C51.EXE ds1302.c OPTIMIZE(8,SPEED) BROWSE DEBUG OBJECTEXTEND PRINT(.\Listings\ds
                    -1302.lst) OBJECT(.\Objects\ds1302.obj)

line level    source

   1          #include "ds1302.h"
   2          
   3          void Write_Ds1302(unsigned  char temp) 
   4          {
   5   1              unsigned char i;
   6   1              for (i=0;i<8;i++)       
   7   1              { 
   8   2                      SCK = 0;
   9   2                      SDA = temp&0x01;
  10   2                      temp>>=1; 
  11   2                      SCK=1;
  12   2              }
  13   1      }   
  14          
  15          //
  16          void Write_Ds1302_Byte( unsigned char address,unsigned char dat )     
  17          {
  18   1              RST=0;  _nop_();
  19   1              SCK=0;  _nop_();
  20   1              RST=1;  _nop_();  
  21   1              Write_Ds1302(address);  
  22   1              Write_Ds1302(dat);              
  23   1              RST=0; 
  24   1      }
  25          
  26          //
  27          unsigned char Read_Ds1302_Byte ( unsigned char address )
  28          {
  29   1              unsigned char i,temp=0x00;
  30   1              RST=0;  _nop_();
  31   1              SCK=0;  _nop_();
  32   1              RST=1;  _nop_();
  33   1              Write_Ds1302(address);
  34   1              for (i=0;i<8;i++)       
  35   1              {               
  36   2                      SCK=0;
  37   2                      temp>>=1;       
  38   2                      if(SDA)
  39   2                      temp|=0x80;     
  40   2                      SCK=1;
  41   2              } 
  42   1              RST=0;  _nop_();
  43   1              SCK=0;  _nop_();
  44   1              SCK=1;  _nop_();
  45   1              SDA=0;  _nop_();
  46   1              SDA=1;  _nop_();
  47   1              return (temp);                  
  48   1      }
  49          
  50          void set_time_func(u8* arr)
  51          {
  52   1              u8 i;
  53   1              Write_Ds1302_Byte(0x8e,0x00);
  54   1              for(i=0;i<3;++i)
C51 COMPILER V9.60.0.0   DS1302                                                            04/07/2023 14:17:16 PAGE 2   

  55   1                      Write_Ds1302_Byte(0x84-i*2,arr[i]);
  56   1              Write_Ds1302_Byte(0x8e,0x80);
  57   1              
  58   1      }
  59          
  60          void read_time_func(u8* arr)
  61          {
  62   1              u8 i;
  63   1              for(i=0;i<3;i++)
  64   1                      arr[i] = Read_Ds1302_Byte(0x85-2*i);
  65   1      }


MODULE INFORMATION:   STATIC OVERLAYABLE
   CODE SIZE        =    220    ----
   CONSTANT SIZE    =   ----    ----
   XDATA SIZE       =   ----    ----
   PDATA SIZE       =   ----    ----
   DATA SIZE        =   ----       6
   IDATA SIZE       =   ----    ----
   BIT SIZE         =   ----    ----
END OF MODULE INFORMATION.


C51 COMPILATION COMPLETE.  0 WARNING(S),  0 ERROR(S)
