C51 COMPILER V9.60.0.0   IIC                                                               04/07/2023 14:17:16 PAGE 1   


C51 COMPILER V9.60.0.0, COMPILATION OF MODULE IIC
OBJECT MODULE PLACED IN .\Objects\iic.obj
COMPILER INVOKED BY: D:\Keil_v5\C51\BIN\C51.EXE iic.c OPTIMIZE(8,SPEED) BROWSE DEBUG OBJECTEXTEND PRINT(.\Listings\iic.l
                    -st) OBJECT(.\Objects\iic.obj)

line level    source

   1          /*      #   I2C代码片段说明
   2                  1.      本文件夹中提供的驱动代码供参赛选手完成程序设计参考。
   3                  2.      参赛选手可以自行编写相关代码或以该代码为基础，根据所选单片机类型、
             -行速度和试题
   4                          中对单片机时钟频率的要求，进行代码调试和修改。
   5          */
   6          #include "iic.h"
   7          
   8          #define DELAY_TIME      5
   9          
  10          static void I2C_Delay(unsigned char n)
  11          {
  12   1          do
  13   1          {
  14   2              _nop_();_nop_();_nop_();_nop_();_nop_();
  15   2              _nop_();_nop_();_nop_();_nop_();_nop_();
  16   2              _nop_();_nop_();_nop_();_nop_();_nop_();                
  17   2          }
  18   1          while(n--);         
  19   1      }
  20          
  21          //
  22          void I2CStart(void)
  23          {
  24   1          sda = 1;
  25   1          scl = 1;
  26   1              I2C_Delay(DELAY_TIME);
  27   1          sda = 0;
  28   1              I2C_Delay(DELAY_TIME);
  29   1          scl = 0;    
  30   1      }
  31          
  32          //
  33          void I2CStop(void)
  34          {
  35   1          sda = 0;
  36   1          scl = 1;
  37   1              I2C_Delay(DELAY_TIME);
  38   1          sda = 1;
  39   1              I2C_Delay(DELAY_TIME);
  40   1      }
  41          
  42          //
  43          void I2CSendByte(unsigned char byt)
  44          {
  45   1          unsigned char i;
  46   1              
  47   1          for(i=0; i<8; i++){
  48   2              scl = 0;
  49   2                      I2C_Delay(DELAY_TIME);
  50   2              if(byt & 0x80){
  51   3                  sda = 1;
  52   3              }
  53   2              else{
C51 COMPILER V9.60.0.0   IIC                                                               04/07/2023 14:17:16 PAGE 2   

  54   3                  sda = 0;
  55   3              }
  56   2                      I2C_Delay(DELAY_TIME);
  57   2              scl = 1;
  58   2              byt <<= 1;
  59   2                      I2C_Delay(DELAY_TIME);
  60   2          }
  61   1              
  62   1          scl = 0;  
  63   1      }
  64          
  65          //
  66          unsigned char I2CReceiveByte(void)
  67          {
  68   1              unsigned char da;
  69   1              unsigned char i;
  70   1              for(i=0;i<8;i++){   
  71   2                      scl = 1;
  72   2                      I2C_Delay(DELAY_TIME);
  73   2                      da <<= 1;
  74   2                      if(sda) 
  75   2                              da |= 0x01;
  76   2                      scl = 0;
  77   2                      I2C_Delay(DELAY_TIME);
  78   2              }
  79   1              return da;    
  80   1      }
  81          
  82          //
  83          unsigned char I2CWaitAck(void)
  84          {
  85   1              unsigned char ackbit;
  86   1              
  87   1          scl = 1;
  88   1              I2C_Delay(DELAY_TIME);
  89   1          ackbit = sda; 
  90   1          scl = 0;
  91   1              I2C_Delay(DELAY_TIME);
  92   1              
  93   1              return ackbit;
  94   1      }
  95          
  96          void I2CSendAck(unsigned char ackbit)
  97          {
  98   1          scl = 0;
  99   1          sda = ackbit; 
 100   1              I2C_Delay(DELAY_TIME);
 101   1          scl = 1;
 102   1              I2C_Delay(DELAY_TIME);
 103   1          scl = 0; 
 104   1              sda = 1;
 105   1              I2C_Delay(DELAY_TIME);
 106   1      }
 107          
 108          u8 AD_read(u8 addr)
 109          {
 110   1              u8 temp;
 111   1              
 112   1              I2CStart();
 113   1              I2CSendByte(0x90);
 114   1              I2CWaitAck();
 115   1              I2CSendByte(addr);
C51 COMPILER V9.60.0.0   IIC                                                               04/07/2023 14:17:16 PAGE 3   

 116   1              I2CWaitAck();
 117   1              
 118   1              I2CStart();
 119   1              I2CSendByte(0x91);
 120   1              I2CWaitAck();
 121   1              temp=I2CReceiveByte();
 122   1              I2CSendAck(1);
 123   1              I2CStop();
 124   1              
 125   1              return temp;
 126   1      }
 127          
 128          void AD_write(u8 dat)
 129          {
 130   1              I2CStart();
 131   1              I2CSendByte(0x90);
 132   1              I2CWaitAck();
 133   1              I2CSendByte(0x41);
 134   1              I2CWaitAck();
 135   1              I2CSendByte(dat);
 136   1              I2CWaitAck();
 137   1              I2CStop();
 138   1      }
 139          
 140          void EEPROM_write(u8* string,u8 addr,u8 num)
 141          {
 142   1              I2CStart();
 143   1              I2CSendByte(0xa0);
 144   1              I2CWaitAck();
 145   1              
 146   1              I2CSendByte(addr);//写入要存储的数据地址
 147   1              I2CWaitAck();//等待EEPROM反馈       
 148   1              
 149   1              while(num--)
 150   1              {
 151   2                      I2CSendByte(*string++);
 152   2                      I2CWaitAck();
 153   2                      I2C_Delay(200);
 154   2              }
 155   1              I2CStop();
 156   1      }
 157          
 158          void EEPROM_read(u8* string,u8 addr,u8 num)
 159          {       
 160   1              I2CStart();
 161   1              I2CSendByte(0xa0);
 162   1              I2CWaitAck();
 163   1              
 164   1              I2CSendByte(addr);//写入要存储的数据地址
 165   1              I2CWaitAck();//等待EEPROM反馈       
 166   1              
 167   1              I2CStart();//发送开启信号
 168   1              I2CSendByte(0xA1);//选择EEPROM芯片，确定读的模式
 169   1              I2CWaitAck();//等待EEPROM反馈       
 170   1              
 171   1              while(num--)
 172   1              {
 173   2                      *string++=I2CReceiveByte();
 174   2                      if(num) I2CSendAck(0);//发送应答
 175   2                              else I2CSendAck(1);//不应答
 176   2              }
 177   1              I2CStop();
C51 COMPILER V9.60.0.0   IIC                                                               04/07/2023 14:17:16 PAGE 4   

 178   1      }


MODULE INFORMATION:   STATIC OVERLAYABLE
   CODE SIZE        =    378    ----
   CONSTANT SIZE    =   ----    ----
   XDATA SIZE       =   ----    ----
   PDATA SIZE       =   ----    ----
   DATA SIZE        =   ----      10
   IDATA SIZE       =   ----    ----
   BIT SIZE         =   ----    ----
END OF MODULE INFORMATION.


C51 COMPILATION COMPLETE.  0 WARNING(S),  0 ERROR(S)
