C51 COMPILER V9.60.0.0   KEY                                                               04/07/2023 14:17:16 PAGE 1   


C51 COMPILER V9.60.0.0, COMPILATION OF MODULE KEY
OBJECT MODULE PLACED IN .\Objects\key.obj
COMPILER INVOKED BY: D:\Keil_v5\C51\BIN\C51.EXE key.c OPTIMIZE(8,SPEED) BROWSE DEBUG OBJECTEXTEND PRINT(.\Listings\key.l
                    -st) OBJECT(.\Objects\key.obj)

line level    source

   1          #include "key.h"
   2          
   3          u8 key_val_A()
   4          {
   5   1              u8 temp=0;
   6   1              if(P30==0) temp=7;
   7   1              if(P31==0) temp=6;
   8   1              if(P32==0) temp=5;
   9   1              if(P33==0) temp=4;
  10   1              
  11   1              return temp;
  12   1      }
  13          
  14          u8 key_val_B()
  15          {
  16   1              unsigned char temp = 0;
  17   1              P44 = 0;P42 = 1;P35 = 1;P34 = 1;
  18   1              if(P33 == 0) temp = 4;
  19   1              if(P32 == 0) temp = 5;
  20   1              if(P31 == 0) temp = 6;
  21   1              if(P30 == 0) temp = 7;
  22   1              P44 = 1;P42 = 0;P35 = 1;P34 = 1;
  23   1              if(P33 == 0) temp = 8;
  24   1              if(P32 == 0) temp = 9;
  25   1              if(P31 == 0) temp = 10;
  26   1              if(P30 == 0) temp = 11;
  27   1              P44 = 1;P42 = 1;P35 = 0;P34 = 1;
  28   1              if(P33 == 0) temp = 12;
  29   1              if(P32 == 0) temp = 13;
  30   1              if(P31 == 0) temp = 14;
  31   1              if(P30 == 0) temp = 15;
  32   1              P44 = 1;P42 = 1;P35 = 1;P34 = 0;
  33   1              if(P33 == 0) temp = 16;
  34   1              if(P32 == 0) temp = 17;
  35   1              if(P31 == 0) temp = 18;
  36   1              if(P30 == 0) temp = 19;
  37   1              return temp;
  38   1      }


MODULE INFORMATION:   STATIC OVERLAYABLE
   CODE SIZE        =    138    ----
   CONSTANT SIZE    =   ----    ----
   XDATA SIZE       =   ----    ----
   PDATA SIZE       =   ----    ----
   DATA SIZE        =   ----    ----
   IDATA SIZE       =   ----    ----
   BIT SIZE         =   ----    ----
END OF MODULE INFORMATION.


C51 COMPILATION COMPLETE.  0 WARNING(S),  0 ERROR(S)
