C51 COMPILER V9.60.0.0   PUBLIC                                                            04/07/2023 14:17:16 PAGE 1   


C51 COMPILER V9.60.0.0, COMPILATION OF MODULE PUBLIC
OBJECT MODULE PLACED IN .\Objects\public.obj
COMPILER INVOKED BY: D:\Keil_v5\C51\BIN\C51.EXE public.c OPTIMIZE(8,SPEED) BROWSE DEBUG OBJECTEXTEND PRINT(.\Listings\pu
                    -blic.lst) OBJECT(.\Objects\public.obj)

line level    source

   1          #include "public.h"
   2          
   3          void Delay10us()                //@12.000MHz
   4          {
   5   1              unsigned char i;
   6   1      
   7   1              _nop_();
   8   1              _nop_();
   9   1              i = 27;
  10   1              while (--i);
  11   1      }
  12          
  13          void Delay1ms(u16 n)            //@12.000MHz
  14          {
  15   1              unsigned char i, j;
  16   1              while(n--)
  17   1              {
  18   2                      i = 12;
  19   2                      j = 169;
  20   2                      do
  21   2                      {
  22   3                              while (--j);
  23   3                      } while (--i);
  24   2              }
  25   1      }
  26          


MODULE INFORMATION:   STATIC OVERLAYABLE
   CODE SIZE        =     28    ----
   CONSTANT SIZE    =   ----    ----
   XDATA SIZE       =   ----    ----
   PDATA SIZE       =   ----    ----
   DATA SIZE        =   ----    ----
   IDATA SIZE       =   ----    ----
   BIT SIZE         =   ----    ----
END OF MODULE INFORMATION.


C51 COMPILATION COMPLETE.  0 WARNING(S),  0 ERROR(S)
