C51 COMPILER V9.60.0.0   MAIN                                                              10/19/2022 20:12:09 PAGE 1   


C51 COMPILER V9.60.0.0, COMPILATION OF MODULE MAIN
OBJECT MODULE PLACED IN .\Objects\main.obj
COMPILER INVOKED BY: D:\Keil_v5\C51\BIN\C51.EXE main.c OPTIMIZE(8,SPEED) BROWSE DEBUG OBJECTEXTEND PRINT(.\Listings\main
                    -.lst) OBJECT(.\Objects\main.obj)

line level    source

   1          #include <reg52.h>
   2          
   3          sbit fmq=P1^5;
   4          
   5          typedef unsigned int u16;
   6          typedef unsigned char u8;
   7          
   8          void delay500ms(void)   //无延迟
   9          {
  10   1          unsigned char a,b,c;
  11   1          for(c=23;c>0;c--)
  12   1              for(b=152;b>0;b--)
  13   1                  for(a=70;a>0;a--);
  14   1      }
  15          
  16          
  17          void delay(u16 i)
  18          {
  19   1              while(i--);
  20   1      }
  21          
  22          void main()
  23          {
  24   1              while(1)
  25   1              {
  26   2      //              fmq=~fmq;
  27   2      //              delay(10);
  28   2                      
  29   2                      fmq=1;
  30   2                      delay(100);
  31   2                      fmq=0;
  32   2                      delay(100);
  33   2                      fmq=1;
  34   2                      delay(100);
  35   2                      fmq=0;
  36   2                      delay(50);
  37   2              }
  38   1      }


MODULE INFORMATION:   STATIC OVERLAYABLE
   CODE SIZE        =     85    ----
   CONSTANT SIZE    =   ----    ----
   XDATA SIZE       =   ----    ----
   PDATA SIZE       =   ----    ----
   DATA SIZE        =   ----    ----
   IDATA SIZE       =   ----    ----
   BIT SIZE         =   ----    ----
END OF MODULE INFORMATION.


C51 COMPILATION COMPLETE.  0 WARNING(S),  0 ERROR(S)
