C51 COMPILER V9.57.0.0   MIAN                                                              01/31/2020 12:04:12 PAGE 1   


C51 COMPILER V9.57.0.0, COMPILATION OF MODULE MIAN
OBJECT MODULE PLACED IN .\Objects\mian.obj
COMPILER INVOKED BY: E:\keil~5\C51\BIN\C51.EXE mian.c OPTIMIZE(8,SPEED) BROWSE DEBUG OBJECTEXTEND PRINT(.\Listings\mian.
                    -lst) TABS(2) OBJECT(.\Objects\mian.obj)

line level    source

   1          #include <STC15F2K60S2.h>
   2          #include <intrins.h>
   3          sbit k1 = P3^0;
   4          sbit k2 = P3^1;
   5          
   6          void Close_Buzz();
   7          void Oppen_Relay();
   8          void Close_Relay();
   9          void Delay6ms();
  10          
  11          
  12          void main()
  13          {
  14   1        Close_Buzz();
  15   1        while(1)
  16   1        {
  17   2          if (k1==0)
  18   2          {
  19   3            Delay6ms();
  20   3            if (k1==0)
  21   3            {
  22   4              Oppen_Relay();
  23   4            }
  24   3            while(!k1);
  25   3          }
  26   2          if (k2==0)
  27   2          {
  28   3            Delay6ms();
  29   3            if (k2==0)
  30   3            {
  31   4              Close_Relay();
  32   4            }
  33   3            while(!k2);
  34   3          }   
  35   2        }
  36   1      }
  37          
  38          void Delay6ms()   //@11.0592MHz
  39          {
  40   1        unsigned char i, j;
  41   1      
  42   1        _nop_();
  43   1        _nop_();
  44   1        _nop_();
  45   1        i = 65;
  46   1        j = 136;
  47   1        do
  48   1        {
  49   2          while (--j);
  50   2        } while (--i);
  51   1      }
  52          
  53          void Close_Buzz()
  54          {
C51 COMPILER V9.57.0.0   MIAN                                                              01/31/2020 12:04:12 PAGE 2   

  55   1        P2 = 0xA0;
  56   1        P0 = 0x00;
  57   1        P2 = 0x00;
  58   1      }
  59          
  60          void Oppen_Relay()
  61          { 
  62   1        P0 = 0x10;
  63   1        P2 = 0xA0;
  64   1        _nop_();_nop_();
  65   1        _nop_();_nop_();
  66   1        P2 = 0x00;
  67   1      }
  68          
  69          void Close_Relay()
  70          {
  71   1        P0 = 0x00;
  72   1        P2 = 0xA0;
  73   1        _nop_();_nop_();
  74   1        _nop_();_nop_();
  75   1        P2 = 0x00;
  76   1      }


MODULE INFORMATION:   STATIC OVERLAYABLE
   CODE SIZE        =     83    ----
   CONSTANT SIZE    =   ----    ----
   XDATA SIZE       =   ----    ----
   PDATA SIZE       =   ----    ----
   DATA SIZE        =   ----    ----
   IDATA SIZE       =   ----    ----
   BIT SIZE         =   ----    ----
END OF MODULE INFORMATION.


C51 COMPILATION COMPLETE.  0 WARNING(S),  0 ERROR(S)
