C51 COMPILER V9.60.0.0   MAIN                                                              11/04/2022 20:15:34 PAGE 1   


C51 COMPILER V9.60.0.0, COMPILATION OF MODULE MAIN
OBJECT MODULE PLACED IN .\Objects\main.obj
COMPILER INVOKED BY: D:\Keil_v5\C51\BIN\C51.EXE main.c OPTIMIZE(8,SPEED) BROWSE DEBUG OBJECTEXTEND PRINT(.\Listings\main
                    -.lst) OBJECT(.\Objects\main.obj)

line level    source

   1          #include <REGX51.H>
   2          
   3          
   4          void main()
   5          {
   6   1              while(1)
   7   1              {
   8   2                      P0_0=0;
   9   2                      P0_1=0;
  10   2                      P0_2=0;
  11   2                      P0_3=0;
  12   2                      P0_4=0;
  13   2                      P0_5=0;
  14   2                      P0_6=0;
  15   2                      P0_7=0;
  16   2              }
  17   1              
  18   1      }


MODULE INFORMATION:   STATIC OVERLAYABLE
   CODE SIZE        =     18    ----
   CONSTANT SIZE    =   ----    ----
   XDATA SIZE       =   ----    ----
   PDATA SIZE       =   ----    ----
   DATA SIZE        =   ----    ----
   IDATA SIZE       =   ----    ----
   BIT SIZE         =   ----    ----
END OF MODULE INFORMATION.


C51 COMPILATION COMPLETE.  0 WARNING(S),  0 ERROR(S)
