C51 COMPILER V9.57.0.0   MAIN                                                              03/01/2020 12:26:40 PAGE 1   


C51 COMPILER V9.57.0.0, COMPILATION OF MODULE MAIN
OBJECT MODULE PLACED IN .\Objects\main.obj
COMPILER INVOKED BY: E:\keil~5\C51\BIN\C51.EXE main.c OPTIMIZE(8,SPEED) BROWSE DEBUG OBJECTEXTEND PRINT(.\Listings\main.
                    -lst) TABS(2) OBJECT(.\Objects\main.obj)

line level    source

   1          #include <STC15F2K60S2.h>
   2          #include <iic.h>
   3          #include <intrins.h>
   4          unsigned char data_pros[10] = {0xc0, 0xf9, 0xa4, 0xb0, 
   5                                          0x99, 0x92, 0x82, 0xf8, 0x80, 0x90};
   6          void Delay1ms()   //@11.0592MHz
   7          {
   8   1        unsigned char i, j;
   9   1      
  10   1        _nop_();
  11   1        _nop_();
  12   1        _nop_();
  13   1        i = 11;
  14   1        j = 190;
  15   1        do
  16   1        {
  17   2          while (--j);
  18   2        } while (--i);
  19   1      }
  20          
  21          void Delay1275us()    //@11.0592MHz
  22          {
  23   1        unsigned char i, j;
  24   1      
  25   1        i = 14;
  26   1        j = 180;
  27   1        do
  28   1        {
  29   2          while (--j);
  30   2        } while (--i);
  31   1      }
  32          
  33          
  34          void DS(unsigned char yi)
  35          {
  36   1        P2 = 0xC0;
  37   1        P0 = 0x80;
  38   1        P2 = 0xE0;
  39   1        P0 = data_pros[yi];
  40   1        Delay1ms();
  41   1        P2 = 0x00;
  42   1      }
  43          
  44          void main()
  45          {
  46   1        unsigned char i;
  47   1        P2 = 0xA0;
  48   1        P0 = 0x00;
  49   1        P2 = 0x00;
  50   1        Write_EEPROM(0x00,3);
  51   1        Delay1275us();
  52   1        i = Read_EEPROM(0x00);
  53   1        while(1)
  54   1        { 
C51 COMPILER V9.57.0.0   MAIN                                                              03/01/2020 12:26:40 PAGE 2   

  55   2          DS(i);
  56   2        }
  57   1      }


MODULE INFORMATION:   STATIC OVERLAYABLE
   CODE SIZE        =     75    ----
   CONSTANT SIZE    =   ----    ----
   XDATA SIZE       =   ----    ----
   PDATA SIZE       =   ----    ----
   DATA SIZE        =     10    ----
   IDATA SIZE       =   ----    ----
   BIT SIZE         =   ----    ----
END OF MODULE INFORMATION.


C51 COMPILATION COMPLETE.  0 WARNING(S),  0 ERROR(S)
