C51 COMPILER V9.60.0.0   E2PROM                                                            04/05/2023 15:36:22 PAGE 1   


C51 COMPILER V9.60.0.0, COMPILATION OF MODULE E2PROM
OBJECT MODULE PLACED IN .\Objects\e2prom.obj
COMPILER INVOKED BY: D:\Keil_v5\C51\BIN\C51.EXE e2prom.c OPTIMIZE(8,SPEED) BROWSE INCDIR(.\App\pcf8591;.\Public;.\App\sm
                    -g;.\App\iic;..\µÚÊ®Ò»½ì) DEBUG OBJECTEXTEND PRINT(.\Listings\e2prom.lst) OBJECT(.\Objects\e2prom.obj)

line level    source

   1          #include "e2prom.h"
   2          
   3          void Write_EEPROM(u8 addr,u8 Data)
   4          {
   5   1              unsigned char i=0, t=10;
   6   1              IIC_Start();
   7   1              IIC_SendByte(0xA0);
   8   1              IIC_WaitAck();
   9   1              IIC_SendByte(addr);
  10   1              IIC_WaitAck();
  11   1              IIC_SendByte(Data);
  12   1              IIC_WaitAck();
  13   1              IIC_Stop();
  14   1                      
  15   1      //      operate_delay(10);
  16   1              while(t--){
  17   2                      for(i=0; i<112; i++);
  18   2              }
  19   1      }
  20          
  21          u8 Read_EEPROM(u8 addr)
  22          {
  23   1              unsigned char Data;
  24   1              
  25   1              IIC_Start();
  26   1              IIC_SendByte(0xA0);
  27   1              IIC_WaitAck();
  28   1              IIC_SendByte(addr);
  29   1              IIC_WaitAck();  
  30   1              IIC_Start();
  31   1              IIC_SendByte(0xA1);
  32   1              IIC_WaitAck();  
  33   1              Data = IIC_RecByte();
  34   1              IIC_SendAck(0);
  35   1              IIC_Stop();
  36   1              
  37   1              return Data;
  38   1      }


MODULE INFORMATION:   STATIC OVERLAYABLE
   CODE SIZE        =    114    ----
   CONSTANT SIZE    =   ----    ----
   XDATA SIZE       =   ----    ----
   PDATA SIZE       =   ----    ----
   DATA SIZE        =   ----       6
   IDATA SIZE       =   ----    ----
   BIT SIZE         =   ----    ----
END OF MODULE INFORMATION.


C51 COMPILATION COMPLETE.  0 WARNING(S),  0 ERROR(S)
