C51 COMPILER V9.60.0.0   KEY                                                               04/05/2023 15:36:22 PAGE 1   


C51 COMPILER V9.60.0.0, COMPILATION OF MODULE KEY
OBJECT MODULE PLACED IN .\Objects\key.obj
COMPILER INVOKED BY: D:\Keil_v5\C51\BIN\C51.EXE key.c OPTIMIZE(8,SPEED) BROWSE INCDIR(.\App\pcf8591;.\Public;.\App\smg;.
                    -\App\iic;..\µ⁄ Æ“ªΩÏ) DEBUG OBJECTEXTEND PRINT(.\Listings\key.lst) OBJECT(.\Objects\key.obj)

line level    source

   1          #include "key.h"
   2          
   3          u8 Key_KBD_Read(u8 mode)
   4          {
   5   1              u8 temp = 0;
   6   1              static u8 key=1;
   7   1              u8 flag=0;
   8   1              AUXR &= 0xEF; //ÂÖ≥Èó≠T2R Âç≥ ÂÆöÊó∂Âô®2 Ôºà‰∏≤Âè£Ê≥¢ÁâπÁéáÂèëÁîüÊâÄÁî®ÁöÑÂÆöÊó∂Âô®Ôºâ
   9   1              if(mode) key=1;
  10   1              
  11   1              if(key==1)
  12   1              {
  13   2                      key=0;
  14   2      
  15   2                      P44 = 0;P42 = 1;P35 = 1;P34 = 1;
  16   2                      if(P33 == 0) temp = 4;
  17   2                      if(P32 == 0) temp = 5;
  18   2                      if(P31 == 0) temp = 6;
  19   2                      if(P30 == 0) temp = 7;
  20   2      
  21   2                      P44 = 1;P42 = 0;P35 = 1;P34 = 1;
  22   2                      if(P33 == 0) temp = 8;
  23   2                      if(P32 == 0) temp = 9;
  24   2                      if(P31 == 0) temp = 10;
  25   2                      if(P30 == 0) temp = 11;
  26   2                      
  27   2                      P44 = 1;P42 = 1;P35 = 0;P34 = 1;
  28   2                      if(P33 == 0) temp = 12;
  29   2                      if(P32 == 0) temp = 13;
  30   2                      if(P31 == 0) temp = 14;
  31   2                      if(P30 == 0) temp = 15;
  32   2                      
  33   2                      P44 = 1;P42 = 1;P35 = 1;P34 = 0;
  34   2                      if(P33 == 0) temp = 16;
  35   2                      if(P32 == 0) temp = 17;
  36   2                      if(P31 == 0) temp = 18;
  37   2                      if(P30 == 0) temp = 19;
  38   2                      
  39   2                      P3 = 0xff;
  40   2              }
  41   1              else if(temp==0)
  42   1              {
  43   2                      key=1;  
  44   2              }
  45   1              AUXR |= 0x10; //ÊâìÂºÄT2R Âç≥ ÂÆöÊó∂Âô®2 Ôºà‰∏≤Âè£Ê≥¢ÁâπÁéáÂèëÁîüÊâÄÁî®ÁöÑÂÆöÊó∂Âô®Ôºâ
  46   1              
  47   1              return temp;
  48   1      }


MODULE INFORMATION:   STATIC OVERLAYABLE
   CODE SIZE        =    150    ----
   CONSTANT SIZE    =   ----    ----
   XDATA SIZE       =   ----    ----
C51 COMPILER V9.60.0.0   KEY                                                               04/05/2023 15:36:22 PAGE 2   

   PDATA SIZE       =   ----    ----
   DATA SIZE        =      1       1
   IDATA SIZE       =   ----    ----
   BIT SIZE         =   ----    ----
END OF MODULE INFORMATION.


C51 COMPILATION COMPLETE.  0 WARNING(S),  0 ERROR(S)
