C51 COMPILER V9.60.0.0   SMG                                                               04/05/2023 15:36:22 PAGE 1   


C51 COMPILER V9.60.0.0, COMPILATION OF MODULE SMG
OBJECT MODULE PLACED IN .\Objects\smg.obj
COMPILER INVOKED BY: D:\Keil_v5\C51\BIN\C51.EXE smg.c OPTIMIZE(8,SPEED) BROWSE INCDIR(.\App\pcf8591;.\Public;.\App\smg;.
                    -\App\iic;..\µÚÊ®Ò»½ì) DEBUG OBJECTEXTEND PRINT(.\Listings\smg.lst) OBJECT(.\Objects\smg.obj)

line level    source

   1          #include "smg.h"
   2          
   3          u8 smg_wei[9]={0,1,2,4,8,16,32,64,128};
   4          u8 smg_num[10]={0xc0,0xf9,0xa4,0xb0,0x99,0x92,0x82,0xf8,0x80,0x90};
   5          
   6          void HC_138(u8 num)
   7          {
   8   1              switch(num)
   9   1              {
  10   2                      case 0:PA=0;PB=0;PC=0;break;
  11   2                      case 1:PA=1;PB=0;PC=0;break;
  12   2                      case 2:PA=0;PB=1;PC=0;break;
  13   2                      case 3:PA=1;PB=1;PC=0;break;
  14   2                      case 4:PA=0;PB=0;PC=1;break;
  15   2                      case 5:PA=1;PB=0;PC=1;break;
  16   2                      case 6:PA=0;PB=1;PC=1;break;
  17   2                      case 7:PA=1;PB=1;PC=1;break;
  18   2              }
  19   1      }
  20          
  21          void display_wei(u8 wei)
  22          {
  23   1              HC_138(6);
  24   1              P0=smg_wei[wei];
  25   1      }
  26          
  27          void display_1num(u8 num,u8 point)
  28          {
  29   1              HC_138(7);
  30   1              switch(point)
  31   1              {
  32   2                      case 0:
  33   2                              P0=smg_num[num];
  34   2                              break;
  35   2                      case 1:
  36   2                              P0 = smg_num[num] & 0x7f;
  37   2                              break;
  38   2              }
  39   1      
  40   1              Delay_ms(2);
  41   1      }


MODULE INFORMATION:   STATIC OVERLAYABLE
   CODE SIZE        =    135    ----
   CONSTANT SIZE    =   ----    ----
   XDATA SIZE       =   ----    ----
   PDATA SIZE       =   ----    ----
   DATA SIZE        =     19    ----
   IDATA SIZE       =   ----    ----
   BIT SIZE         =   ----    ----
END OF MODULE INFORMATION.


C51 COMPILATION COMPLETE.  0 WARNING(S),  0 ERROR(S)
