C51 COMPILER V9.60.0.0   MAIN                                                              10/15/2022 22:26:16 PAGE 1   


C51 COMPILER V9.60.0.0, COMPILATION OF MODULE MAIN
OBJECT MODULE PLACED IN .\Objects\main.obj
COMPILER INVOKED BY: D:\Keil_v5\C51\BIN\C51.EXE main.c OPTIMIZE(8,SPEED) BROWSE DEBUG OBJECTEXTEND PRINT(.\Listings\main
                    -.lst) OBJECT(.\Objects\main.obj)

line level    source

   1          #include <REGX51.H>
   2          
   3          void delayX10us(unsigned int xms) 
   4          {
   5   1              while(xms)
   6   1              {
   7   2                      unsigned char a,b;
   8   2                      for(b=1;b>0;b--)
   9   2                              for(a=2;a>0;a--);
  10   2                      xms--;
  11   2              }
  12   1      }
  13          
  14          
  15          int main()
  16          {
  17   1              while(1)
  18   1              {
  19   2                      if(P3_1==0)
  20   2                      {
  21   3                              delayX10us(2);
  22   3                              while(P3_1==0);
  23   3                              delayX10us(2);
  24   3                              
  25   3                              P2_0=~P2_0;
  26   3                      }
  27   2              }       
  28   1              return 0;
  29   1      }
*** WARNING C294 IN LINE 28 OF main.c: unreachable code


MODULE INFORMATION:   STATIC OVERLAYABLE
   CODE SIZE        =     72    ----
   CONSTANT SIZE    =   ----    ----
   XDATA SIZE       =   ----    ----
   PDATA SIZE       =   ----    ----
   DATA SIZE        =   ----       2
   IDATA SIZE       =   ----    ----
   BIT SIZE         =   ----    ----
END OF MODULE INFORMATION.


C51 COMPILATION COMPLETE.  1 WARNING(S),  0 ERROR(S)
