C51 COMPILER V9.57.0.0   MAIN                                                              02/14/2020 12:37:53 PAGE 1   


C51 COMPILER V9.57.0.0, COMPILATION OF MODULE MAIN
OBJECT MODULE PLACED IN .\Objects\main.obj
COMPILER INVOKED BY: E:\keil~5\C51\BIN\C51.EXE main.c OPTIMIZE(8,SPEED) BROWSE DEBUG OBJECTEXTEND PRINT(.\Listings\main.
                    -lst) TABS(2) OBJECT(.\Objects\main.obj)

line level    source

   1          #include<reg52.h>
   2          #include<intrins.h>
   3          void delay(void)
   4          {
   5   1        unsigned char i, j, k;
   6   1      
   7   1        _nop_();
   8   1        _nop_();
   9   1        i = 9;
  10   1        j = 104;
  11   1        k = 139;
  12   1        do
  13   1        {
  14   2          do
  15   2          {
  16   3            while (--k);
  17   3          } while (--j);
  18   2        } while (--i);
  19   1      }
  20          
  21          void ledinit()
  22          {
  23   1        int i;
  24   1        P0 = 0xff;
  25   1        for(i=0; i<9; i++)
  26   1        {
  27   2          delay();
  28   2          P0 = P0>>1;
  29   2        }
  30   1      }
  31            
  32          void main()
  33          {
  34   1        //单片机初始化
  35   1        P2 = 0xa0;
  36   1        P0 = 0x00;
  37   1        P2 = 0x80;
  38   1        P0 = 0xff;
  39   1        
  40   1        //实验程序
  41   1        while(1)
  42   1        {
  43   2          ledinit();
  44   2        }
  45   1        
  46   1      }


MODULE INFORMATION:   STATIC OVERLAYABLE
   CODE SIZE        =     59    ----
   CONSTANT SIZE    =   ----    ----
   XDATA SIZE       =   ----    ----
   PDATA SIZE       =   ----    ----
   DATA SIZE        =   ----    ----
C51 COMPILER V9.57.0.0   MAIN                                                              02/14/2020 12:37:53 PAGE 2   

   IDATA SIZE       =   ----    ----
   BIT SIZE         =   ----    ----
END OF MODULE INFORMATION.


C51 COMPILATION COMPLETE.  0 WARNING(S),  0 ERROR(S)
