C51 COMPILER V9.60.0.0   FU                                                                11/04/2022 19:18:32 PAGE 1   


C51 COMPILER V9.60.0.0, COMPILATION OF MODULE FU
OBJECT MODULE PLACED IN .\Objects\fu.obj
COMPILER INVOKED BY: D:\Keil_v5\C51\BIN\C51.EXE fu.c OPTIMIZE(8,SPEED) BROWSE DEBUG OBJECTEXTEND PRINT(.\Listings\fu.lst
                    -) OBJECT(.\Objects\fu.obj)

line level    source

   1          #include <REGX51.H>
   2          
   3          typedef unsigned char u8;
   4          typedef unsigned int u16;
   5          
   6          #define SMG_A_DP_PORT P0
   7          
   8          sbit LSA = P2^2;
   9          sbit LSB = P2^3;
  10          sbit LSC = P2^4;
  11          
  12          
  13          u8 gamg_code[17] = { 0x3f, 0x06, 0x5b, 0x4f, 0x66, 0x6d, 0x7d, 0x07, 0x7f,
  14                                                  0x6f, 0x77, 0x7c, 0x39, 0x5e, 0x79, 0x71};//共阴0-F
  15          
  16                                                  
  17          void delayxms(u16 x)
  18          {
  19   1              while(x--)
  20   1              {
  21   2                      unsigned char a,b,c;
  22   2                      for(c=1;c>0;c--)
  23   2                              for(b=142;b>0;b--)
  24   2                                      for(a=2;a>0;a--);
  25   2              }
  26   1      }
  27                                                  
  28          void smg_display()
  29          {
  30   1              u8 i = 0;
  31   1              for(i = 0; i < 8; i++)
  32   1              {
  33   2                      switch(i)
  34   2                      {
  35   3                              case 0:LSC = 1; LSB = 1; LSA = 1;
  36   3                                      break;
  37   3                              case 1:LSC = 1; LSB = 1; LSA = 0;
  38   3                                      break;
  39   3                              case 2:LSC = 1; LSB = 0; LSA = 1;
  40   3                                      break;
  41   3                              case 3:LSC = 1; LSB = 0; LSA = 0;
  42   3                                      break;
  43   3                              case 4:LSC = 0; LSB = 1; LSA = 1;
  44   3                                      break;
  45   3                              case 5:LSC = 0; LSB = 1; LSA = 0;
  46   3                                      break;
  47   3                              case 6:LSC = 0; LSB = 0; LSA = 1;
  48   3                                      break;
  49   3                              case 7:LSC = 0; LSB = 0; LSA = 0;
  50   3                                      break;
  51   3                      }
  52   2                      SMG_A_DP_PORT = gamg_code[i];
  53   2                      delayxms(1);
  54   2                      SMG_A_DP_PORT = 0x00;
C51 COMPILER V9.60.0.0   FU                                                                11/04/2022 19:18:32 PAGE 2   

  55   2              }
  56   1      }
  57                                                  
  58          void main()
  59          {
  60   1              while(1)
  61   1              {
  62   2                      smg_display();
  63   2              }
  64   1      }


MODULE INFORMATION:   STATIC OVERLAYABLE
   CODE SIZE        =    186    ----
   CONSTANT SIZE    =   ----    ----
   XDATA SIZE       =   ----    ----
   PDATA SIZE       =   ----    ----
   DATA SIZE        =     17       3
   IDATA SIZE       =   ----    ----
   BIT SIZE         =   ----    ----
END OF MODULE INFORMATION.


C51 COMPILATION COMPLETE.  0 WARNING(S),  0 ERROR(S)
