C51 COMPILER V9.60.0.0   SMG                                                               11/05/2022 17:44:56 PAGE 1   


C51 COMPILER V9.60.0.0, COMPILATION OF MODULE SMG
OBJECT MODULE PLACED IN .\Objects\SMG.obj
COMPILER INVOKED BY: D:\Keil_v5\C51\BIN\C51.EXE SMG.c OPTIMIZE(8,SPEED) BROWSE DEBUG OBJECTEXTEND PRINT(.\Listings\SMG.l
                    -st) OBJECT(.\Objects\SMG.obj)

line level    source

   1          #include "smg.h"
   2          
   3          u8 gamg_code[17] = { 0x3f, 0x06, 0x5b, 0x4f, 0x66, 0x6d, 0x7d, 0x07, 0x7f,
   4          0x6f, 0x77, 0x7c, 0x39, 0x5e, 0x79, 0x71};//共阴0-F
   5          
   6          void delay10us(u16 i)
   7          {
   8   1              while(i--)
   9   1              {
  10   2                      unsigned char a,b;
  11   2                      for(b=1;b>0;b--)
  12   2                              for(a=2;a>0;a--);
  13   2              }
  14   1      }
  15          
  16          void smg_display()
  17          {
  18   1              u8 i=0;
  19   1              for(i=0;i<8;++i)
  20   1              {
  21   2                      switch(i)
  22   2                      {
  23   3                              case 0:LSC = 1; LSB = 1; LSA = 1;
  24   3                                      break;
  25   3                              case 1:LSC = 1; LSB = 1; LSA = 0;
  26   3                                      break;
  27   3                              case 2:LSC = 1; LSB = 0; LSA = 1;
  28   3                                      break;
  29   3                              case 3:LSC = 1; LSB = 0; LSA = 0;
  30   3                                      break;
  31   3                              case 4:LSC = 0; LSB = 1; LSA = 1;
  32   3                                      break;
  33   3                              case 5:LSC = 0; LSB = 1; LSA = 0;
  34   3                                      break;
  35   3                              case 6:LSC = 0; LSB = 0; LSA = 1;
  36   3                                      break;
  37   3                              case 7:LSC = 0; LSB = 0; LSA = 0;
  38   3                                      break;
  39   3                      }
  40   2                      SMG_A_DP_PORT = gamg_code[i];
  41   2                      delay10us(10);
  42   2                      SMG_A_DP_PORT = 0x00;
  43   2              }
  44   1      }


MODULE INFORMATION:   STATIC OVERLAYABLE
   CODE SIZE        =    163    ----
   CONSTANT SIZE    =   ----    ----
   XDATA SIZE       =   ----    ----
   PDATA SIZE       =   ----    ----
   DATA SIZE        =     17       2
   IDATA SIZE       =   ----    ----
   BIT SIZE         =   ----    ----
C51 COMPILER V9.60.0.0   SMG                                                               11/05/2022 17:44:56 PAGE 2   

END OF MODULE INFORMATION.


C51 COMPILATION COMPLETE.  0 WARNING(S),  0 ERROR(S)
