C51 COMPILER V9.59.0.0   USART                                                             12/19/2022 19:49:23 PAGE 1   


C51 COMPILER V9.59.0.0, COMPILATION OF MODULE USART
OBJECT MODULE PLACED IN .\Objects\usart.obj
COMPILER INVOKED BY: D:\MDK5\C51\BIN\C51.EXE usart.c OPTIMIZE(8,SPEED) BROWSE DEBUG OBJECTEXTEND PRINT(.\Listings\usart.
                    -lst) TABS(2) OBJECT(.\Objects\usart.obj)

line level    source

   1          #include "usart.h"//串口通信函数头文件
   2           
   3          unsigned char Rdat;
   4          
   5          //***************串口初始化设置******************************************
   6          void Init_Uart()
   7          {
   8   1        AUXR=0x00;  
   9   1        SCON=0x50;  //0101 0000；工作在方式1，异步8位UART并且允许接收 即REN=1
  10   1        TMOD=0x20;  //设置定时器T1工作在方式2，8位自动重装，可用作波特率发生器
  11   1        TH1=0xfd;   //设置波特率为9600kbps，数值可查表找到
  12   1        TL1=0xfd;   //
  13   1        EA=1;       //打开中断总开关
  14   1        ES=1;       // 允许串口中断
  15   1        TR1=1;      //启动T0
  16   1      }
  17          
  18          //***************发送一个字节******************************************
  19          void SendByte(unsigned char dat)
  20          {
  21   1        SBUF=dat;
  22   1        while(TI==0);
  23   1        TI=0;
  24   1      }
  25          
  26          //重定向，否则无法使用printf函数
  27          char putchar(char ch)
  28          { 
  29   1        SendByte(ch);
  30   1        return ch;  
  31   1      }
  32          
  33          //***************发送一个字符串******************************************
  34          void SendString(unsigned char *str)
  35          {
  36   1        while(*str !='\0')    
  37   1          SendByte(*str++);
  38   1      }
  39          
  40          //***************串口中断服务子程序******************************************
  41          void ServiceUart() interrupt 4
  42          {
  43   1        if(RI==1)
  44   1        {
  45   2          Rdat=SBUF;//从上位机接收到的数据
  46   2          RI=0;
  47   2          
  48   2          SendByte(Rdat);//使用串口发送函数发送回去
  49   2      
  50   2        }
  51   1      }


MODULE INFORMATION:   STATIC OVERLAYABLE
C51 COMPILER V9.59.0.0   USART                                                             12/19/2022 19:49:23 PAGE 2   

   CODE SIZE        =     97    ----
   CONSTANT SIZE    =   ----    ----
   XDATA SIZE       =   ----    ----
   PDATA SIZE       =   ----    ----
   DATA SIZE        =      1       3
   IDATA SIZE       =   ----    ----
   BIT SIZE         =   ----    ----
END OF MODULE INFORMATION.


C51 COMPILATION COMPLETE.  0 WARNING(S),  0 ERROR(S)
