C51 COMPILER V9.57.0.0   DS1302                                                            03/19/2020 13:55:23 PAGE 1   


C51 COMPILER V9.57.0.0, COMPILATION OF MODULE DS1302
OBJECT MODULE PLACED IN .\Objects\DS1302.obj
COMPILER INVOKED BY: E:\keil~5\C51\BIN\C51.EXE DS1302.c OPTIMIZE(8,SPEED) BROWSE DEBUG OBJECTEXTEND PRINT(.\Listings\DS1
                    -302.lst) TABS(2) OBJECT(.\Objects\DS1302.obj)

line level    source

   1          #include <STC15F2K60S2.h>
   2          
   3          sbit SCLK = P1^7;
   4          sbit DA = P2^3;
   5          sbit RST = P1^3;
   6          
   7          void Write_Byte(unsigned char dat)
   8          {
   9   1        unsigned char i;
  10   1        for(i=0; i<8; i++)
  11   1        {
  12   2          SCLK = 0;
  13   2          DA = dat&0x01;
  14   2          dat >>= 1;
  15   2          SCLK = 1;
  16   2        }
  17   1      }
  18          
  19          unsigned char Read_Byte()
  20          {
  21   1        unsigned char i,dat;
  22   1        for(i=0; i<8; i++)
  23   1        {
  24   2          SCLK = 0;
  25   2          dat >>= 1;
  26   2          if (DA)
  27   2          {
  28   3            dat |= 0x80;
  29   3          }
  30   2          SCLK = 1;
  31   2        } 
  32   1        return dat;
  33   1      }
  34          
  35          void Write_DS(unsigned char addr,unsigned char dat)
  36          {
  37   1        RST = 0;
  38   1        SCLK = 0;
  39   1        RST = 1;
  40   1        
  41   1        Write_Byte(addr);
  42   1        Write_Byte(dat);
  43   1        
  44   1        RST = 0;
  45   1      }
  46          
  47          unsigned char Read_DS(unsigned char addr)
  48          {
  49   1        unsigned char dat;
  50   1        RST = 0;
  51   1        SCLK = 0;
  52   1        RST = 1;
  53   1        
  54   1        Write_Byte(addr);
C51 COMPILER V9.57.0.0   DS1302                                                            03/19/2020 13:55:23 PAGE 2   

  55   1        dat = Read_Byte();
  56   1        
  57   1        RST = 0;
  58   1        SCLK = 0;
  59   1        SCLK = 1;
  60   1        DA = 0;
  61   1        DA = 1;
  62   1        return dat;
  63   1      }
  64          
  65          void Init_Time()
  66          {
  67   1        Write_DS(0x80,0x00);
  68   1      }


MODULE INFORMATION:   STATIC OVERLAYABLE
   CODE SIZE        =     81    ----
   CONSTANT SIZE    =   ----    ----
   XDATA SIZE       =   ----    ----
   PDATA SIZE       =   ----    ----
   DATA SIZE        =   ----    ----
   IDATA SIZE       =   ----    ----
   BIT SIZE         =   ----    ----
END OF MODULE INFORMATION.


C51 COMPILATION COMPLETE.  0 WARNING(S),  0 ERROR(S)
