C51 COMPILER V9.59.0.0   LED                                                               12/18/2022 16:38:52 PAGE 1   


C51 COMPILER V9.59.0.0, COMPILATION OF MODULE LED
OBJECT MODULE PLACED IN .\Objects\led.obj
COMPILER INVOKED BY: D:\MDK5\C51\BIN\C51.EXE led.c OPTIMIZE(8,SPEED) BROWSE DEBUG OBJECTEXTEND PRINT(.\Listings\led.lst)
                    - TABS(2) OBJECT(.\Objects\led.obj)

line level    source

   1          #include "led.h"//led灯函数头文件
   2          #include "delay.h"//延时函数头文件
   3          
   4          
   5          //LED灯初始化函数（设置锁存器为跟随输出）
   6          void LED_Init(void)
   7          {
   8   1        P27=1;P26=0;P25=0;//控制或非门Y4C输出高电平
   9   1        
  10   1        P0M1=0x00;P0M0=0x00;//设置P0组GPIO模式为准双向口（传统51GPIO模式）
  11   1      }
  12          
  13          //点亮指定一个LED灯函数
  14          //例如：LED_One(3);  只有L3点亮
  15          //例如：LED_One(0);  L1~L8全熄灭
  16          void LED_One(u8 Lx)
  17          {
  18   1        switch(Lx)
  19   1        {
  20   2          case 0: P0=0xff;break;//LED灯全熄灭
  21   2          case 1: P0=0xfe;break;
  22   2          case 2: P0=0xfd;break;
  23   2          case 3: P0=0xfb;break;
  24   2          case 4: P0=0xf7;break;
  25   2          case 5: P0=0xef;break;
  26   2          case 6: P0=0xdf;break;
  27   2          case 7: P0=0xbf;break;
  28   2          case 8: P0=0x7f;break;
  29   2        }
  30   1      }
  31          
  32          //led流水灯函数
  33          void LED_LSD1(u16 ms)//从左到右流水
  34          {
  35   1        u8 i;
  36   1        for(i=1;i<9;i++)
  37   1        {
  38   2          LED_One(i);
  39   2          Delay_ms(ms);
  40   2        }
  41   1      }
  42          
  43          void LED_LSD2(u16 ms)//从右到左流水
  44          {
  45   1        u8 i;
  46   1        for(i=8;i>0;i--)
  47   1        {
  48   2          LED_One(i);
  49   2          Delay_ms(ms);
  50   2        }
  51   1      }
  52          
  53          //花样流水函数
  54          void LED_HY(void)
C51 COMPILER V9.59.0.0   LED                                                               12/18/2022 16:38:52 PAGE 2   

  55          {
  56   1        u16 ms;
  57   1        
  58   1        ms=50;//设置快闪速度
  59   1        P0=0x00;Delay_ms(ms);P0=0xff;Delay_ms(ms);//LED快闪
  60   1        P0=0x00;Delay_ms(ms);P0=0xff;Delay_ms(ms);
  61   1        P0=0x00;Delay_ms(ms);P0=0xff;Delay_ms(ms);
  62   1        P0=0x00;Delay_ms(ms);P0=0xff;Delay_ms(ms);
  63   1        P0=0x00;Delay_ms(ms);P0=0xff;Delay_ms(ms);
  64   1        
  65   1        ms=300;//设置流水时间
  66   1        LED_LSD1(ms);//LED左右流水
  67   1        LED_LSD2(ms);
  68   1        
  69   1        
  70   1        
  71   1        //呼吸灯程序（没有写完）
  72   1      //  ms=100;
  73   1      //  for(i;i<100;i++) //LED呼吸灯
  74   1      //  {
  75   1      //    P0=0x00;
  76   1      //    Delay_ms(ms);//亮
  77   1      //    P0=0xff;
  78   1      //    Delay_ms(20-ms);//暗
  79   1      //    ms--;
  80   1      //  }   
  81   1      //  
  82   1      //  for(i;i<100;i++) //LED呼吸灯
  83   1      //  {
  84   1      //    P0=0x00;
  85   1      //    Delay_ms(20-ms);//亮
  86   1      //    P0=0xff;
  87   1      //    Delay_ms(ms);//暗
  88   1      //    ms--;
  89   1      //  } 
  90   1        
  91   1        
  92   1        
  93   1        
  94   1        
  95   1        
  96   1      
  97   1      }


MODULE INFORMATION:   STATIC OVERLAYABLE
   CODE SIZE        =    284    ----
   CONSTANT SIZE    =   ----    ----
   XDATA SIZE       =   ----    ----
   PDATA SIZE       =   ----    ----
   DATA SIZE        =   ----       8
   IDATA SIZE       =   ----    ----
   BIT SIZE         =   ----    ----
END OF MODULE INFORMATION.


C51 COMPILATION COMPLETE.  0 WARNING(S),  0 ERROR(S)
