C51 COMPILER V9.60.0.0   MAIN                                                              04/03/2023 21:51:08 PAGE 1   


C51 COMPILER V9.60.0.0, COMPILATION OF MODULE MAIN
OBJECT MODULE PLACED IN .\Objects\main.obj
COMPILER INVOKED BY: D:\Keil_v5\C51\BIN\C51.EXE main.c OPTIMIZE(8,SPEED) BROWSE INCDIR(.\App\pcf8591;.\Public;.\App\smg;
                    -.\App\iic;..\µÚÊ®Ò»½ì) DEBUG OBJECTEXTEND PRINT(.\Listings\main.lst) OBJECT(.\Objects\main.obj)

line level    source

   1          #include "pcf8591.h"
   2          #include "e2prom.h"
   3          #include "smg.h"
   4          #include "key.h"
   5          
   6          
   7          u8 smg_display[8];
   8          float VOL;
   9          float VOL_set=0.0;
  10          u8 u_flag = 1;
  11          u8 p_flag = 0;
  12          u8 n_flag = 0;
  13          u8 t=1;
  14          
  15          void n_display()
  16          {
  17   1              
  18   1      }
  19          
  20          void u_display()
  21          {
  22   1              u8 num;
  23   1              
  24   1              num = AD_read(0x43);
  25   1              VOL = num / 51.0;
  26   1              smg_display[5] = (u8)(VOL) % 10;
  27   1              smg_display[6] = (u16)(VOL * 100) / 10 % 10;
  28   1              smg_display[7] = (u16)(VOL * 100) % 10;
  29   1      
  30   1              display_wei(1);
  31   1              HC_138(7);
  32   1              P0 = 0xc1;
  33   1              Delay_ms(2);
  34   1              display_wei(6);
  35   1              display_1num(smg_display[5], 1);
  36   1              display_wei(7);
  37   1              display_1num(smg_display[6], 0);
  38   1              display_wei(8);
  39   1              display_1num(smg_display[7], 0);
  40   1              
  41   1      }
  42          
  43          void p_display()
  44          {
  45   1              u8 butten;
  46   1              smg_display[5] = (u8)(VOL_set) % 10;
  47   1              smg_display[6] = (u16)(VOL_set * 100) / 10 % 10;
  48   1              smg_display[7] = (u16)(VOL_set * 100) % 10;
  49   1      
  50   1              display_wei(1);
  51   1              HC_138(7);
  52   1              P0 = 0x8c;
  53   1              Delay_ms(2);
  54   1              display_wei(6);
C51 COMPILER V9.60.0.0   MAIN                                                              04/03/2023 21:51:08 PAGE 2   

  55   1              display_1num(smg_display[5], 1);
  56   1              display_wei(7);
  57   1              display_1num(smg_display[6], 0);
  58   1              display_wei(8);
  59   1              display_1num(smg_display[7], 0);
  60   1              butten=Key_KBD_Read(0);
  61   1              if (butten == 16)
  62   1              {
  63   2                      VOL_set += 0.5;
  64   2                      
  65   2                      if(VOL_set>5.0)
  66   2                      {
  67   3                              VOL_set = 0.0;
  68   3                      }
  69   2              }
  70   1              else if(butten == 17)
  71   1              {
  72   2                      VOL_set -= 0.5;
  73   2                      if (VOL_set < 0.0)
  74   2                      {
  75   3                              VOL_set = 5.0;
  76   3                      }
  77   2              }
  78   1              
  79   1      }
  80          
  81          void main()
  82          {
  83   1              u8 butten;
  84   1              while(1)
  85   1              {
  86   2                      butten=Key_KBD_Read(0);
  87   2                      if(butten==12)
  88   2                      {
  89   3                              ++t;
  90   3                              if(t>4)
  91   3                              {
  92   4                                      t=1;
  93   4                              }
  94   3                      }
  95   2                      if(t==1)
  96   2                              u_display();
  97   2                      else if(t==2)
  98   2                              p_display();
  99   2                      else if(t==3)
 100   2                              ;
 101   2              }
 102   1              
 103   1      }


MODULE INFORMATION:   STATIC OVERLAYABLE
   CODE SIZE        =    462    ----
   CONSTANT SIZE    =   ----    ----
   XDATA SIZE       =   ----    ----
   PDATA SIZE       =   ----    ----
   DATA SIZE        =     20       1
   IDATA SIZE       =   ----    ----
   BIT SIZE         =   ----    ----
END OF MODULE INFORMATION.


C51 COMPILATION COMPLETE.  0 WARNING(S),  0 ERROR(S)
