C51 COMPILER V9.60.0.0   PCF8591                                                           04/03/2023 21:51:08 PAGE 1   


C51 COMPILER V9.60.0.0, COMPILATION OF MODULE PCF8591
OBJECT MODULE PLACED IN .\Objects\pcf8591.obj
COMPILER INVOKED BY: D:\Keil_v5\C51\BIN\C51.EXE pcf8591.c OPTIMIZE(8,SPEED) BROWSE INCDIR(.\App\pcf8591;.\Public;.\App\s
                    -mg;.\App\iic;..\µÚÊ®Ò»½ì) DEBUG OBJECTEXTEND PRINT(.\Listings\pcf8591.lst) OBJECT(.\Objects\pcf8591.obj)

line level    source

   1          #include "pcf8591.h"
   2          
   3          u8 AD_read(u8 addr)
   4          {
   5   1              u8 temp;
   6   1              
   7   1              IIC_Start();
   8   1              IIC_SendByte(0x90);
   9   1              IIC_WaitAck();
  10   1              IIC_SendByte(addr);
  11   1              IIC_WaitAck();
  12   1              
  13   1              IIC_Start();
  14   1              IIC_SendByte(0x91);
  15   1              IIC_WaitAck();
  16   1              temp=IIC_RecByte();
  17   1              IIC_SendAck(1);
  18   1              IIC_Stop();
  19   1              
  20   1              return temp;
  21   1              
  22   1      }
  23          
  24          void AD_write(u8 dat)
  25          {
  26   1              IIC_Start();
  27   1              IIC_SendByte(0x90);
  28   1              IIC_WaitAck();
  29   1              IIC_SendByte(0x41);
  30   1              IIC_WaitAck();
  31   1              
  32   1              IIC_SendByte(dat);
  33   1              IIC_WaitAck();
  34   1              
  35   1              IIC_Stop();
  36   1      }


MODULE INFORMATION:   STATIC OVERLAYABLE
   CODE SIZE        =     80    ----
   CONSTANT SIZE    =   ----    ----
   XDATA SIZE       =   ----    ----
   PDATA SIZE       =   ----    ----
   DATA SIZE        =   ----       3
   IDATA SIZE       =   ----    ----
   BIT SIZE         =   ----    ----
END OF MODULE INFORMATION.


C51 COMPILATION COMPLETE.  0 WARNING(S),  0 ERROR(S)
