C51 COMPILER V9.59.0.0   USART                                                             12/19/2022 21:10:26 PAGE 1   


C51 COMPILER V9.59.0.0, COMPILATION OF MODULE USART
OBJECT MODULE PLACED IN .\Objects\usart.obj
COMPILER INVOKED BY: D:\MDK5\C51\BIN\C51.EXE usart.c OPTIMIZE(8,SPEED) BROWSE DEBUG OBJECTEXTEND PRINT(.\Listings\usart.
                    -lst) TABS(2) OBJECT(.\Objects\usart.obj)

line level    source

   1          #include "usart.h"//串口通信函数头文件
   2           
   3          
   4          //***************串口初始化设置******************************************
   5          void Init_Uart()
   6          {
   7   1        AUXR=0x00;  
   8   1        SCON=0x50;  //0101 0000；工作在方式1，异步8位UART并且允许接收 即REN=1
   9   1        TMOD=0x20;  //设置定时器T1工作在方式2，8位自动重装，可用作波特率发生器
  10   1        TH1=0xfd;   //设置波特率为9600kbps，数值可查表找到
  11   1        TL1=0xfd;   //
  12   1        EA=1;       //打开中断总开关
  13   1        ES=1;       // 允许串口中断
  14   1        TR1=1;      //启动T0
  15   1      }
  16          
  17          //***************发送一个字节******************************************
  18          void SendByte(unsigned char dat)
  19          {
  20   1        SBUF=dat;
  21   1        while(TI==0);
  22   1        TI=0;
  23   1      }
  24          
  25          
  26          //重定向，否则无法使用printf函数
  27          char putchar(char ch)
  28          { 
  29   1        SendByte(ch);
  30   1        return ch;  
  31   1      }
  32          
  33          //***************发送一个字符串******************************************
  34          void SendString(unsigned char *str)
  35          {
  36   1        while(*str !='\0')    
  37   1          SendByte(*str++);
  38   1      }
  39          
  40          //***************串口中断服务子程序******************************************
  41          
  42          unsigned char Rdata_flag;//字符串接收完成标志（接收完成Rdata_flag置1）
  43          unsigned char Rdata;//接收缓存变量
  44          unsigned char R_data[15];//接收缓存数组
  45          unsigned char Rdata_count;//计次变量
  46          
  47          void ServiceUart() interrupt 4
  48          {
  49   1        if(RI==1)
  50   1        {
  51   2          Rdata=SBUF;//从上位机接收到的数据
  52   2          RI=0;//软件清除接收完成标志
  53   2          
  54   2          if(Rdata !='\n')//判断接收到的数据是否是 \n
C51 COMPILER V9.59.0.0   USART                                                             12/19/2022 21:10:26 PAGE 2   

  55   2          {
  56   3            R_data[Rdata_count]=Rdata;//将接收到的数据储存到数组中
  57   3            Rdata_count++;//计次加1
  58   3          }
  59   2          else //接收到的数据是 \n 准备重新接收
  60   2          {
  61   3            R_data[Rdata_count]=Rdata;//将接收到的数据储存到数组中
  62   3            Rdata_count=0;//清除计次，准备数组从头开始装
  63   3            Rdata_flag=1;
  64   3          }
  65   2        }
  66   1      }


MODULE INFORMATION:   STATIC OVERLAYABLE
   CODE SIZE        =    126    ----
   CONSTANT SIZE    =   ----    ----
   XDATA SIZE       =   ----    ----
   PDATA SIZE       =   ----    ----
   DATA SIZE        =     18       3
   IDATA SIZE       =   ----    ----
   BIT SIZE         =   ----    ----
END OF MODULE INFORMATION.


C51 COMPILATION COMPLETE.  0 WARNING(S),  0 ERROR(S)
