C51 COMPILER V9.60.0.0   KEY                                                               04/04/2023 16:29:20 PAGE 1   


C51 COMPILER V9.60.0.0, COMPILATION OF MODULE KEY
OBJECT MODULE PLACED IN .\Objects\Key.obj
COMPILER INVOKED BY: D:\Keil_v5\C51\BIN\C51.EXE ..\Driver\Key.c OPTIMIZE(9,SPEED) BROWSE INCDIR(..\Driver) DEBUG OBJECTE
                    -XTEND PRINT(.\Listings\Key.lst) OBJECT(.\Objects\Key.obj)

line level    source

   1          #include <Key.h>
   2          
   3          /* 
   4                          函数名称：矩阵键盘读取函数
   5                          函数说明：读取当前按键的键码值
   6                          入口参数：无
   7                          返回数据：按键键码值
   8          */
   9          unsigned char Key_KBD_Read()
  10          {
  11   1              unsigned char temp = 0;
  12   1              
  13   1              AUXR &= 0xEF; //关闭T2R 即 定时器2 （串口波特率发生所用的定时器）
  14   1              
  15   1              P44 = 0;P42 = 1;P35 = 1;P34 = 1;
  16   1              if(P33 == 0) temp = 4;
  17   1              if(P32 == 0) temp = 5;
  18   1              if(P31 == 0) temp = 6;
  19   1              if(P30 == 0) temp = 7;
  20   1      
  21   1              P44 = 1;P42 = 0;P35 = 1;P34 = 1;
  22   1              if(P33 == 0) temp = 8;
  23   1              if(P32 == 0) temp = 9;
  24   1              if(P31 == 0) temp = 10;
  25   1              if(P30 == 0) temp = 11;
  26   1              
  27   1              P44 = 1;P42 = 1;P35 = 0;P34 = 1;
  28   1              if(P33 == 0) temp = 12;
  29   1              if(P32 == 0) temp = 13;
  30   1              if(P31 == 0) temp = 14;
  31   1              if(P30 == 0) temp = 15;
  32   1              
  33   1              P44 = 1;P42 = 1;P35 = 1;P34 = 0;
  34   1              if(P33 == 0) temp = 16;
  35   1              if(P32 == 0) temp = 17;
  36   1              if(P31 == 0) temp = 18;
  37   1              if(P30 == 0) temp = 19;
  38   1              
  39   1              P3 = 0xff;
  40   1              AUXR |= 0x10; //打开T2R 即 定时器2 （串口波特率发生所用的定时器）
  41   1              
  42   1              return temp;
  43   1      }
  44          
  45          
  46          /* 
  47                          函数名称：独立键盘读取函数
  48                          函数说明：读取当前按键的键码值
  49                          入口参数：无
  50                          返回数据：按键键码值
  51          */
  52          unsigned char Key_BTN_Read()
  53          {
  54   1              unsigned char temp = 0;
C51 COMPILER V9.60.0.0   KEY                                                               04/04/2023 16:29:20 PAGE 2   

  55   1              
  56   1              AUXR &= 0xEF; //关闭T2R 即 定时器2 （串口波特率发生所用的定时器）
  57   1              
  58   1              if(P33 == 0) temp = 4;
  59   1              if(P32 == 0) temp = 5;
  60   1              if(P31 == 0) temp = 6;
  61   1              if(P30 == 0) temp = 7;
  62   1      
  63   1              P3 = 0xff;
  64   1              AUXR |= 0x10; //打开T2R 即 定时器2 （串口波特率发生所用的定时器）  
  65   1              return temp;
  66   1      }


MODULE INFORMATION:   STATIC OVERLAYABLE
   CODE SIZE        =    156    ----
   CONSTANT SIZE    =   ----    ----
   XDATA SIZE       =   ----    ----
   PDATA SIZE       =   ----    ----
   DATA SIZE        =   ----    ----
   IDATA SIZE       =   ----    ----
   BIT SIZE         =   ----    ----
END OF MODULE INFORMATION.


C51 COMPILATION COMPLETE.  0 WARNING(S),  0 ERROR(S)
