C51 COMPILER V9.57.0.0   MIAN                                                              01/26/2020 18:02:48 PAGE 1   


C51 COMPILER V9.57.0.0, COMPILATION OF MODULE MIAN
OBJECT MODULE PLACED IN .\Objects\mian.obj
COMPILER INVOKED BY: E:\keil~5\C51\BIN\C51.EXE mian.c OPTIMIZE(8,SPEED) BROWSE DEBUG OBJECTEXTEND PRINT(.\Listings\mian.
                    -lst) TABS(2) OBJECT(.\Objects\mian.obj)

line level    source

   1          #include<STC15F2K60S2.h>
   2          
   3          unsigned char timer = 0;
   4          
   5          void Close_Buzz();
   6            
   7          void TimerInit();
   8          
   9          void main()
  10          {
  11   1        Close_Buzz();
  12   1        TimerInit();
  13   1        P2 = 0x80;
  14   1        P0 = 0xff;
  15   1        
  16   1        while(1);
  17   1      }
  18          
  19          
  20          void Close_Buzz()
  21          {
  22   1        P2 = 0xA0;
  23   1        P0 = 0x00;
  24   1        P2 = 0x00; 
  25   1      }
  26          
  27          void TimerInit()
  28          {
  29   1        AUXR &= 0x7F;   //定时器时钟12T模式
  30   1        TMOD &= 0xF0;   //设置定时器模式
  31   1        TMOD |= 0x01;   //设置定时器模式
  32   1        TL0 = 0x00;   //设置定时初值
  33   1        TH0 = 0xDC;   //设置定时初值
  34   1        TF0 = 0;    //清除TF0标志
  35   1        TR0 = 1;    //定时器0开始计时
  36   1        
  37   1        ET0 = 1;
  38   1        EA = 1;
  39   1      }
  40          
  41          void Tmier1() interrupt 1
  42          {
  43   1        timer += 1;
  44   1        if (timer == 100)
  45   1        {
  46   2          timer = 0;
  47   2          P2 = 0x80;
  48   2          P00 = ~P00;
  49   2        }
  50   1        TL0 = 0x00;   //设置定时初值
  51   1        TH0 = 0xDC;   //设置定时初值
  52   1        TF0 = 0;    //清除TF0标志
  53   1        TR0 = 1;    //定时器0开始计时
  54   1      }
C51 COMPILER V9.57.0.0   MIAN                                                              01/26/2020 18:02:48 PAGE 2   



MODULE INFORMATION:   STATIC OVERLAYABLE
   CODE SIZE        =     81    ----
   CONSTANT SIZE    =   ----    ----
   XDATA SIZE       =   ----    ----
   PDATA SIZE       =   ----    ----
   DATA SIZE        =      1    ----
   IDATA SIZE       =   ----    ----
   BIT SIZE         =   ----    ----
END OF MODULE INFORMATION.


C51 COMPILATION COMPLETE.  0 WARNING(S),  0 ERROR(S)
