C51 COMPILER V9.57.0.0   IIC                                                               03/16/2020 23:56:29 PAGE 1   


C51 COMPILER V9.57.0.0, COMPILATION OF MODULE IIC
OBJECT MODULE PLACED IN .\Objects\iic.obj
COMPILER INVOKED BY: E:\keil~5\C51\BIN\C51.EXE iic.c OPTIMIZE(8,SPEED) BROWSE DEBUG OBJECTEXTEND PRINT(.\Listings\iic.ls
                    -t) TABS(2) OBJECT(.\Objects\iic.obj)

line level    source

   1          #include <STC15F2K60S2.h>
   2          #include <intrins.h>
   3          
   4          sbit SCL = P2^0;
   5          sbit SDA = P2^1;
   6          
   7          void Delay5us()   //@11.0592MHz
   8          {
   9   1        unsigned char i;
  10   1      
  11   1        _nop_();
  12   1        i = 11;
  13   1        while (--i);
  14   1      }
  15          
  16          
  17          void iic_Start()
  18          {
  19   1        SDA = 1;
  20   1        SCL = 1;
  21   1        Delay5us();
  22   1        SDA = 0;
  23   1        Delay5us();
  24   1        SCL = 0;
  25   1      }
  26          
  27          void iic_Stop()
  28          {
  29   1        SDA = 0;
  30   1        SCL = 1;
  31   1        Delay5us();
  32   1        SDA = 1;
  33   1        Delay5us();
  34   1      }
  35          
  36          void write_byte(unsigned char da)
  37          {
  38   1        unsigned char i;
  39   1        for (i=0; i<8; i++)
  40   1        {
  41   2          SCL = 0;
  42   2          if(da & 0x80) SDA  = 1;
  43   2          else SDA  = 0;
  44   2          Delay5us();
  45   2          SCL = 1;
  46   2          da <<= 1;
  47   2          Delay5us();
  48   2        }
  49   1        SCL = 0;
  50   1      }
  51          
  52          unsigned char Read_Byte()
  53          {
  54   1        unsigned char i,da;
C51 COMPILER V9.57.0.0   IIC                                                               03/16/2020 23:56:29 PAGE 2   

  55   1        for (i=0; i<8; i++)
  56   1        {
  57   2        
  58   2          SCL = 1;
  59   2          Delay5us();
  60   2          da <<= 1;
  61   2          if (SDA)
  62   2          {
  63   3            da |= 0x01;
  64   3          }
  65   2          SCL = 0;
  66   2          Delay5us();
  67   2        }
  68   1        return da;
  69   1      }
  70          
  71          void SendAck()
  72          {
  73   1        SCL = 0;
  74   1        SDA = 0;
  75   1        Delay5us();
  76   1        SCL = 1;
  77   1        Delay5us();
  78   1        SCL = 0;
  79   1        SDA = 1;
  80   1        Delay5us();
  81   1      }
  82          
  83          bit witeACK()
  84          {
  85   1        bit ackbit;
  86   1        SCL = 1;
  87   1        Delay5us();
  88   1        ackbit = SDA;
  89   1        SCL = 0;
  90   1        Delay5us();
  91   1        return ackbit;
  92   1      }
  93          
  94          void Write_EEPROM(unsigned char da)
  95          {
  96   1        iic_Start();
  97   1        write_byte(0xA0);
  98   1        witeACK();
  99   1        write_byte(0x00);
 100   1        witeACK();
 101   1        write_byte(da);
 102   1        witeACK();
 103   1        iic_Stop();
 104   1      }
 105          
 106          unsigned char Read_EEPROM(unsigned char addr)
 107          {
 108   1        unsigned char temp;
 109   1        iic_Start();
 110   1        write_byte(0xA0);
 111   1        witeACK();
 112   1        write_byte(addr);
 113   1        witeACK();
 114   1        iic_Start();
 115   1        write_byte(0xA1);
 116   1        witeACK();
C51 COMPILER V9.57.0.0   IIC                                                               03/16/2020 23:56:29 PAGE 3   

 117   1        temp = Read_Byte();
 118   1        iic_Stop();
 119   1        return temp;
 120   1      }


MODULE INFORMATION:   STATIC OVERLAYABLE
   CODE SIZE        =    198    ----
   CONSTANT SIZE    =   ----    ----
   XDATA SIZE       =   ----    ----
   PDATA SIZE       =   ----    ----
   DATA SIZE        =   ----    ----
   IDATA SIZE       =   ----    ----
   BIT SIZE         =   ----       1
END OF MODULE INFORMATION.


C51 COMPILATION COMPLETE.  0 WARNING(S),  0 ERROR(S)
