C51 COMPILER V9.57.0.0   MAIN                                                              03/16/2020 23:56:29 PAGE 1   


C51 COMPILER V9.57.0.0, COMPILATION OF MODULE MAIN
OBJECT MODULE PLACED IN .\Objects\main.obj
COMPILER INVOKED BY: E:\keil~5\C51\BIN\C51.EXE main.c OPTIMIZE(8,SPEED) BROWSE DEBUG OBJECTEXTEND PRINT(.\Listings\main.
                    -lst) TABS(2) OBJECT(.\Objects\main.obj)

line level    source

   1          #include <STC15F2K60S2.h>
   2          #include <intrins.h>
   3          #include <iic.h>
   4          void DS(unsigned char yi,unsigned char er);
   5          unsigned char data_pros[10] = {0xc0, 0xf9, 0xa4, 0xb0, 0x99, 0x92, 0x82, 0xf8, 0x80, 0x90};
   6          void Delay5ms()   //@11.0592MHz
   7          {
   8   1        unsigned char i, j;
   9   1      
  10   1        i = 54;
  11   1        j = 199;
  12   1        do
  13   1        {
  14   2          while (--j);
  15   2        } while (--i);
  16   1      }
  17          
  18          void main()
  19          {
  20   1        unsigned char er;
  21   1        P2 = 0xA0; P0 = 0x00; P2 = 0x00;
  22   1        Write_EEPROM(7);
  23   1        Delay5ms();
  24   1        er = Read_EEPROM(0x00);
  25   1        while (1)
  26   1        {
  27   2          DS(0,er);
  28   2        }
  29   1      }
  30          
  31          void Delay1ms()   //@11.0592MHz
  32          {
  33   1        unsigned char i, j;
  34   1      
  35   1        _nop_();
  36   1        _nop_();
  37   1        _nop_();
  38   1        i = 11;
  39   1        j = 190;
  40   1        do
  41   1        {
  42   2          while (--j);
  43   2        } while (--i);
  44   1      }
  45          
  46          void DS(unsigned char yi,unsigned char er)
  47          { 
  48   1          P2 = 0xC0;
  49   1          P0 = 0x40;  
  50   1          P2 = 0xE0;
  51   1          P0 = data_pros[yi]; 
  52   1          Delay1ms();
  53   1          P2 = 0x00;
  54   1          
C51 COMPILER V9.57.0.0   MAIN                                                              03/16/2020 23:56:29 PAGE 2   

  55   1          P2 = 0xC0;
  56   1          P0 = 0x80;    
  57   1          P2 = 0xE0;
  58   1          P0 = data_pros[er]; 
  59   1          Delay1ms();
  60   1          P2 = 0x00;
  61   1      }


MODULE INFORMATION:   STATIC OVERLAYABLE
   CODE SIZE        =     98    ----
   CONSTANT SIZE    =   ----    ----
   XDATA SIZE       =   ----    ----
   PDATA SIZE       =   ----    ----
   DATA SIZE        =     10       1
   IDATA SIZE       =   ----    ----
   BIT SIZE         =   ----    ----
END OF MODULE INFORMATION.


C51 COMPILATION COMPLETE.  0 WARNING(S),  0 ERROR(S)
