C51 COMPILER V9.60.0.0   5                                                                 06/23/2022 16:42:37 PAGE 1   


C51 COMPILER V9.60.0.0, COMPILATION OF MODULE 5
OBJECT MODULE PLACED IN .\Objects\5.obj
COMPILER INVOKED BY: D:\Keil_v5\C51\BIN\C51.EXE 5.c OPTIMIZE(8,SPEED) BROWSE DEBUG OBJECTEXTEND PRINT(.\Listings\5.lst) 
                    -TABS(3) OBJECT(.\Objects\5.obj)

line level    source

   1          #include "reg52.h"
   2          #include "intrins.h"
   3          
   4          typedef unsigned int u16;
   5          typedef unsigned char u8;
   6          
   7          sbit relay=P1^0;
   8          
   9          int main()
  10          {
  11   1         relay=0;
  12   1         while(1)
  13   1         {
  14   2            //beep=~beep;
  15   2            //delay(10);
  16   2         }
  17   1         return 0;
  18   1      }
*** WARNING C294 IN LINE 17 OF 5.c: unreachable code


MODULE INFORMATION:   STATIC OVERLAYABLE
   CODE SIZE        =      4    ----
   CONSTANT SIZE    =   ----    ----
   XDATA SIZE       =   ----    ----
   PDATA SIZE       =   ----    ----
   DATA SIZE        =   ----    ----
   IDATA SIZE       =   ----    ----
   BIT SIZE         =   ----    ----
END OF MODULE INFORMATION.


C51 COMPILATION COMPLETE.  1 WARNING(S),  0 ERROR(S)
