C51 COMPILER V9.60.0.0   MAIN                                                              03/14/2023 23:47:10 PAGE 1   


C51 COMPILER V9.60.0.0, COMPILATION OF MODULE MAIN
OBJECT MODULE PLACED IN .\Objects\main.obj
COMPILER INVOKED BY: D:\Keil_v5\C51\BIN\C51.EXE main.c OPTIMIZE(8,SPEED) BROWSE DEBUG OBJECTEXTEND PRINT(.\Listings\main
                    -.lst) OBJECT(.\Objects\main.obj)

line level    source

   1          #include <STC15F2K60S2.h>
   2          #include <intrins.h>
   3          #include "smg.h"//数码管函数头文件
   4          #include "iic.h"
   5          #include "EEPROM.h"
   6          
   7          
   8          void main()
   9          {
  10   1              unsigned char temp1,temp2; 
  11   1              Write_EEPROM(0x00,001);//向地址0x00写入255；
  12   1              Write_EEPROM(0x01,159);//向地址0x01写入234；
  13   1      
  14   1              temp1 = Read_EEPROM(0x00);//读出地址0x00的数据
  15   1              temp2 = Read_EEPROM(0x01);//读出地址0x01的数据
  16   1      
  17   1              while(1)
  18   1              {
  19   2                      Display_4_WEI(1,temp1); 
  20   2                      Display_4_WEI(5,temp2); 
  21   2              }
  22   1      }


MODULE INFORMATION:   STATIC OVERLAYABLE
   CODE SIZE        =     50    ----
   CONSTANT SIZE    =   ----    ----
   XDATA SIZE       =   ----    ----
   PDATA SIZE       =   ----    ----
   DATA SIZE        =   ----       2
   IDATA SIZE       =   ----    ----
   BIT SIZE         =   ----    ----
END OF MODULE INFORMATION.


C51 COMPILATION COMPLETE.  0 WARNING(S),  0 ERROR(S)
