C51 COMPILER V9.60.0.0   MAIN                                                              11/04/2022 14:57:30 PAGE 1   


C51 COMPILER V9.60.0.0, COMPILATION OF MODULE MAIN
OBJECT MODULE PLACED IN .\Objects\main.obj
COMPILER INVOKED BY: D:\Keil_v5\C51\BIN\C51.EXE main.c OPTIMIZE(8,SPEED) BROWSE DEBUG OBJECTEXTEND PRINT(.\Listings\main
                    -.lst) OBJECT(.\Objects\main.obj)

line level    source

   1          #include <REGX51.H>
   2          
   3          #include "intrins.h"
   4          
   5          //sbit led1=P0;
   6          
   7          typedef unsigned int u16;
   8          typedef unsigned char u8;
   9          
  10          #define led P0
  11          
  12          void delay(void)   //?? 0us
  13          {
  14   1              unsigned char a,b,c;
  15   1              for(c=19;c>0;c--)
  16   1                      for(b=20;b>0;b--)
  17   1                              for(a=130;a>0;a--);
  18   1      }
  19          
  20          void main()
  21          {
  22   1              u8 i=0;
  23   1              led=0x01;
  24   1      
  25   1              while(1)
  26   1              {
  27   2                      for(i=0;i<7;i++)
  28   2                      {
  29   3                              led=_crol_(led,1);
  30   3                              delay();
  31   3                      }
  32   2                      for(i=0;i<7;i++)
  33   2                      {
  34   3                              led=_cror_(led,1);
  35   3                              delay();
  36   3                      }
  37   2              }
  38   1      }
  39          
  40          
  41          //#include <reg51.h> 
  42          //#include<intrins.h>
  43          //typedef unsigned int u16; 
  44          //typedef unsigned char u8;
  45          //sbit RCLK=P3^5;
  46          //sbit SRCLK=P3^6;
  47          //sbit SER=P3^4;
  48          //sbit LED=P0^7;
  49          
  50          //void Hc595SendByte(u8 dat1,u8 dat2)
  51          //{
  52          //        u8 i;
  53          //        SRCLK = 1;
  54          //        RCLK = 1;
C51 COMPILER V9.60.0.0   MAIN                                                              11/04/2022 14:57:30 PAGE 2   

  55          //        for(i=0;i<8;i++)
  56          //        {
  57          //                SER = dat1 >> 7;
  58          //                dat1 <<= 1;
  59          //                SRCLK =0;       
  60          //                _nop_();
  61          //                _nop_();
  62          //                SRCLK =1;       
  63          //        }
  64          //        for(i=0;i<8;i++)             
  65          //        {
  66          //                SER = dat2 >> 7;
  67          //                dat2 <<= 1;
  68          //                SRCLK = 0;                      
  69          //                _nop_();
  70          //                _nop_();
  71          //                SRCLK = 1;      
  72          //        }
  73          // 
  74          //        RCLK =0;
  75          //        _nop_();
  76          //        _nop_();
  77          //        RCLK =1;
  78          //}
  79          
  80          //void main()
  81          //{       
  82          //   LED=0;
  83          //        while(1)
  84          //        {       
  85          //            Hc595SendByte(0xfe,0x01);
  86          //        }               
  87          //}


MODULE INFORMATION:   STATIC OVERLAYABLE
   CODE SIZE        =    111    ----
   CONSTANT SIZE    =   ----    ----
   XDATA SIZE       =   ----    ----
   PDATA SIZE       =   ----    ----
   DATA SIZE        =   ----    ----
   IDATA SIZE       =   ----    ----
   BIT SIZE         =   ----    ----
END OF MODULE INFORMATION.


C51 COMPILATION COMPLETE.  0 WARNING(S),  0 ERROR(S)
