C51 COMPILER V9.60.0.0   BUTTON                                                            04/05/2023 11:27:21 PAGE 1   


C51 COMPILER V9.60.0.0, COMPILATION OF MODULE BUTTON
OBJECT MODULE PLACED IN .\Objects\button.obj
COMPILER INVOKED BY: D:\Keil_v5\C51\BIN\C51.EXE button.c OPTIMIZE(8,SPEED) BROWSE DEBUG OBJECTEXTEND PRINT(.\Listings\bu
                    -tton.lst) OBJECT(.\Objects\button.obj)

line level    source

   1          #include "button.h"
   2          
   3          u8 key_addr_A()
   4          {
   5   1              u8 temp=0;
   6   1              
   7   1              if(P30==0) temp = 7;
   8   1              if(P31==0) temp = 6;
   9   1              if(P32==0) temp = 5;
  10   1              if(P33==0) temp = 4;
  11   1              
  12   1              return temp;
  13   1      }
  14          
  15          u8 key_addr_B()
  16          {
  17   1              u8 temp = 0;
  18   1              
  19   1              P44 = 0;P42 = 1;P35 = 1;P34 = 1;
  20   1              if(P33 == 0) temp = 4;
  21   1              if(P32 == 0) temp = 5;
  22   1              if(P31 == 0) temp = 6;
  23   1              if(P30 == 0) temp = 7;
  24   1              P44 = 1;P42 = 0;P35 = 1;P34 = 1;
  25   1              if(P33 == 0) temp = 8;
  26   1              if(P32 == 0) temp = 9;
  27   1              if(P31 == 0) temp = 10;
  28   1              if(P30 == 0) temp = 11;
  29   1              P44 = 1;P42 = 1;P35 = 0;P34 = 1;
  30   1              if(P33 == 0) temp = 12;
  31   1              if(P32 == 0) temp = 13;
  32   1              if(P31 == 0) temp = 14;
  33   1              if(P30 == 0) temp = 15;
  34   1              P44 = 1;P42 = 1;P35 = 1;P34 = 0;
  35   1              if(P33 == 0) temp = 16;
  36   1              if(P32 == 0) temp = 17;
  37   1              if(P31 == 0) temp = 18;
  38   1              if(P30 == 0) temp = 19;
  39   1              return temp;
  40   1              
  41   1      }


MODULE INFORMATION:   STATIC OVERLAYABLE
   CODE SIZE        =    138    ----
   CONSTANT SIZE    =   ----    ----
   XDATA SIZE       =   ----    ----
   PDATA SIZE       =   ----    ----
   DATA SIZE        =   ----    ----
   IDATA SIZE       =   ----    ----
   BIT SIZE         =   ----    ----
END OF MODULE INFORMATION.


C51 COMPILATION COMPLETE.  0 WARNING(S),  0 ERROR(S)
