C51 COMPILER V9.60.0.0   DS1302                                                            04/05/2023 11:27:21 PAGE 1   


C51 COMPILER V9.60.0.0, COMPILATION OF MODULE DS1302
OBJECT MODULE PLACED IN .\Objects\ds1302.obj
COMPILER INVOKED BY: D:\Keil_v5\C51\BIN\C51.EXE ds1302.c OPTIMIZE(8,SPEED) BROWSE DEBUG OBJECTEXTEND PRINT(.\Listings\ds
                    -1302.lst) OBJECT(.\Objects\ds1302.obj)

line level    source

   1          #include "ds1302.h"
   2          
   3          sbit SCK=P1^7;          
   4          sbit SDA=P2^3;          
   5          sbit RST = P1^3;                                                                                
   6          
   7          u8 gWRITE_RTC_ADDR[7] = {0x80, 0x82, 0x84, 0x86, 0x88, 0x8a, 0x8c};
   8          u8 gREAD_RTC_ADDR[7] = {0x81, 0x83, 0x85, 0x87, 0x89, 0x8b, 0x8d};
   9          
  10          u8 gDS1302_TIME[7] = {0x20, 0x00, 0x22, 0x16, 0x04, 0x03, 0x23};
  11          
  12          void Write_Ds1302(unsigned  char temp) 
  13          {
  14   1              unsigned char i;
  15   1              for (i=0;i<8;i++)       
  16   1              { 
  17   2                      SCK=0;
  18   2                      SDA=temp&0x01;
  19   2                      temp>>=1; 
  20   2                      SCK=1;
  21   2              }
  22   1      }   
  23          
  24          void Write_Ds1302_Byte( unsigned char address,unsigned char dat )     
  25          {
  26   1              RST=0;  _nop_();
  27   1              SCK=0;  _nop_();
  28   1              RST=1;  _nop_();  
  29   1              Write_Ds1302(address);  
  30   1              Write_Ds1302(dat);              
  31   1              RST=0; 
  32   1      }
  33          
  34          unsigned char Read_Ds1302_Byte ( unsigned char address )
  35          {
  36   1              unsigned char i,temp=0x00;
  37   1              RST=0;  _nop_();
  38   1              SCK=0;  _nop_();
  39   1              RST=1;  _nop_();
  40   1              Write_Ds1302(address);
  41   1              for (i=0;i<8;i++)       
  42   1              {               
  43   2                      SCK=0;
  44   2                      temp>>=1;       
  45   2                      if(SDA)
  46   2                      temp|=0x80;     
  47   2                      SCK=1;
  48   2              } 
  49   1              RST=0;  _nop_();
  50   1              SCK=0;  _nop_();
  51   1              SCK=1;  _nop_();
  52   1              SDA=0;  _nop_();
  53   1              SDA=1;  _nop_();
  54   1              return (temp);                  
C51 COMPILER V9.60.0.0   DS1302                                                            04/05/2023 11:27:21 PAGE 2   

  55   1      }
  56          
  57          void ds1302_init(void)
  58          {
  59   1          u8 i = 0;
  60   1      
  61   1          Write_Ds1302_Byte(0x8e, 0x00); // 开启写保护
  62   1          for (i = 0; i < 7; ++i)
  63   1          {
  64   2              Write_Ds1302_Byte(gWRITE_RTC_ADDR[i], gDS1302_TIME[i]);
  65   2          }
  66   1          Write_Ds1302_Byte(0x8e, 0x80); // 关闭写保护
  67   1      }
  68          
  69          void ds1302_read_time(void)
  70          {
  71   1          u8 i = 0;
  72   1      
  73   1          for (i = 0; i < 7; ++i)
  74   1          {
  75   2              gDS1302_TIME[i] = Read_Ds1302_Byte(gREAD_RTC_ADDR[i]);
  76   2          }
  77   1      }


MODULE INFORMATION:   STATIC OVERLAYABLE
   CODE SIZE        =    183    ----
   CONSTANT SIZE    =   ----    ----
   XDATA SIZE       =   ----    ----
   PDATA SIZE       =   ----    ----
   DATA SIZE        =     21    ----
   IDATA SIZE       =   ----    ----
   BIT SIZE         =   ----    ----
END OF MODULE INFORMATION.


C51 COMPILATION COMPLETE.  0 WARNING(S),  0 ERROR(S)
