C51 COMPILER V9.60.0.0   LED                                                               04/05/2023 11:27:21 PAGE 1   


C51 COMPILER V9.60.0.0, COMPILATION OF MODULE LED
OBJECT MODULE PLACED IN .\Objects\led.obj
COMPILER INVOKED BY: D:\Keil_v5\C51\BIN\C51.EXE led.c OPTIMIZE(8,SPEED) BROWSE DEBUG OBJECTEXTEND PRINT(.\Listings\led.l
                    -st) OBJECT(.\Objects\led.obj)

line level    source

   1          #include "led.h"
   2          
   3          void led_display(u8 addr,u8 can)
   4          {
   5   1              static u8 temp=0x00;
   6   1              static u8 temp_old=0xff;
   7   1              if(can)
   8   1              {
   9   2                      temp|=(0x01<<addr);
  10   2              }
  11   1              else
  12   1              {
  13   2                      temp&=~(0x01<<addr);
  14   2              }
  15   1              if(temp!=temp_old)
  16   1              {
  17   2                      P0=~temp;
  18   2                      P2=P2&0x1f|0x80;
  19   2                      P2=P2&0x1f;
  20   2                      temp_old=temp;
  21   2              }
  22   1      }
  23          
  24          void buzz(u8 can)
  25          {
  26   1              static u8 temp=0x00;
  27   1              static u8 temp_old=0xff;
  28   1              if(can)
  29   1              {
  30   2                      temp|=0x40;
  31   2              }
  32   1              else
  33   1              {
  34   2                      temp&=~0x40;
  35   2              }
  36   1              if(temp!=temp_old)
  37   1              {
  38   2                      P0=~temp;
  39   2                      P2=P2&0x1f|0xa0;
  40   2                      P2=P2&0x1f;
  41   2                      temp_old=temp;
  42   2              }
  43   1      }
  44          
  45          void relay(u8 can)
  46          {
  47   1              static u8 temp=0x00;
  48   1              static u8 temp_old=0xff;
  49   1              if(can)
  50   1              {
  51   2                      temp|=0x10;
  52   2              }
  53   1              else
  54   1              {
C51 COMPILER V9.60.0.0   LED                                                               04/05/2023 11:27:21 PAGE 2   

  55   2                      temp&=~0x10;
  56   2              }
  57   1              if(temp!=temp_old)
  58   1              {
  59   2                      P0=~temp;
  60   2                      P2=P2&0x1f|0xa0;
  61   2                      P2=P2&0x1f;
  62   2                      temp_old=temp;
  63   2              }
  64   1      }


MODULE INFORMATION:   STATIC OVERLAYABLE
   CODE SIZE        =    132    ----
   CONSTANT SIZE    =   ----    ----
   XDATA SIZE       =   ----    ----
   PDATA SIZE       =   ----    ----
   DATA SIZE        =      6    ----
   IDATA SIZE       =   ----    ----
   BIT SIZE         =   ----    ----
END OF MODULE INFORMATION.


C51 COMPILATION COMPLETE.  0 WARNING(S),  0 ERROR(S)
