C51 COMPILER V9.60.0.0   MAIN                                                              04/05/2023 11:27:21 PAGE 1   


C51 COMPILER V9.60.0.0, COMPILATION OF MODULE MAIN
OBJECT MODULE PLACED IN .\Objects\main.obj
COMPILER INVOKED BY: D:\Keil_v5\C51\BIN\C51.EXE main.c OPTIMIZE(8,SPEED) BROWSE DEBUG OBJECTEXTEND PRINT(.\Listings\main
                    -.lst) OBJECT(.\Objects\main.obj)

line level    source

   1          #include "public.h"
   2          #include "iic.h"
   3          #include "onewire.h"
   4          #include "led.h"
   5          #include "smg.h"
   6          #include "button.h"
   7          #include "ds1302.h"
   8          
   9          u8 smg_display_arr[]={10,10,10,10,10,10,10,10};
  10          u8 smg_display_point_arr[]={0,0,0,0,0,0,0,0};
  11          u8 led_display_arr[]={0,0,0,0,0,0,0,0};
  12          u8 key_down,key_up,key_value,key_value_old;
  13          u8 smg_addr,smg_slow_down;
  14          u8 key_slow_down;
  15          u8 smg_pos;
  16          
  17          void display()
  18          {
  19   1              if(smg_slow_down) return;
  20   1              
  21   1              smg_display_arr[0]=1;
  22   1      }
  23          
  24          void key()
  25          {
  26   1              if(key_slow_down) return;
  27   1              key_slow_down=1;
  28   1              key_value=key_addr_B();
  29   1              key_down=key_value & (key_value_old ^ key_value);
  30   1              key_up=~key_value & (key_value_old ^ key_value);
  31   1              key_value_old=key_value;
  32   1      }
  33          
  34          void led()
  35          {
  36   1              led_display_arr[1]=1;
  37   1      }
  38          
  39          void Timer0_Isr() interrupt 1
  40          {
  41   1              if(++smg_slow_down==500) smg_slow_down=0;
  42   1              if(++key_slow_down==10) key_slow_down=0;
  43   1              if(++smg_pos==8) smg_pos=0;
  44   1              smg_display(smg_pos,smg_display_arr[smg_pos],smg_display_point_arr[smg_pos]);
  45   1              led_display(smg_pos,led_display_arr[smg_pos]);
  46   1      }
  47          
  48          void Timer0_Init(void)          //1毫秒@12.000MHz
  49          {
  50   1              AUXR &= 0x7F;                   //定时器时钟12T模式
  51   1              TMOD &= 0xF0;                   //设置定时器模式
  52   1              TL0 = 0x18;                             //设置定时初始值
  53   1              TH0 = 0xFC;                             //设置定时初始值
  54   1              TF0 = 0;                                //清除TF0标志
C51 COMPILER V9.60.0.0   MAIN                                                              04/05/2023 11:27:21 PAGE 2   

  55   1              TR0 = 1;                                //定时器0开始计时
  56   1              ET0 = 1;                                //使能定时器0中断
  57   1              EA = 1;
  58   1      }
  59          
  60          void System_Init()
  61          {
  62   1              P0 = 0xff;
  63   1              P2 = P2 & 0x1f | 0x80;
  64   1              P2 &= 0x1f;
  65   1              
  66   1              P0 = 0x00;
  67   1              P2 = P2 & 0x1f | 0xa0;
  68   1              P2 &= 0x1f;
  69   1      }
  70          
  71          void main()
  72          {
  73   1              System_Init();
  74   1              Timer0_Init();
  75   1              while(1)
  76   1              {
  77   2                      display();
  78   2                      key();
  79   2                      led();
  80   2              }
  81   1      }


MODULE INFORMATION:   STATIC OVERLAYABLE
   CODE SIZE        =    232    ----
   CONSTANT SIZE    =   ----    ----
   XDATA SIZE       =   ----    ----
   PDATA SIZE       =   ----    ----
   DATA SIZE        =     32    ----
   IDATA SIZE       =   ----    ----
   BIT SIZE         =   ----    ----
END OF MODULE INFORMATION.


C51 COMPILATION COMPLETE.  0 WARNING(S),  0 ERROR(S)
