C51 COMPILER V9.60.0.0   PUBLIC                                                            04/05/2023 11:27:21 PAGE 1   


C51 COMPILER V9.60.0.0, COMPILATION OF MODULE PUBLIC
OBJECT MODULE PLACED IN .\Objects\public.obj
COMPILER INVOKED BY: D:\Keil_v5\C51\BIN\C51.EXE public.c OPTIMIZE(8,SPEED) BROWSE DEBUG OBJECTEXTEND PRINT(.\Listings\pu
                    -blic.lst) OBJECT(.\Objects\public.obj)

line level    source

   1          #include "public.h"
   2          
   3          
   4          void Delay1ms()         //@12.000MHz
   5          {
   6   1              unsigned char i, j;
   7   1      
   8   1              i = 12;
   9   1              j = 169;
  10   1              do
  11   1              {
  12   2                      while (--j);
  13   2              } while (--i);
  14   1      }
  15          
  16          
  17          void Delay10us()                //@12.000MHz
  18          {
  19   1              unsigned char i;
  20   1      
  21   1              _nop_();
  22   1              _nop_();
  23   1              i = 27;
  24   1              while (--i);
  25   1      }


MODULE INFORMATION:   STATIC OVERLAYABLE
   CODE SIZE        =     16    ----
   CONSTANT SIZE    =   ----    ----
   XDATA SIZE       =   ----    ----
   PDATA SIZE       =   ----    ----
   DATA SIZE        =   ----    ----
   IDATA SIZE       =   ----    ----
   BIT SIZE         =   ----    ----
END OF MODULE INFORMATION.


C51 COMPILATION COMPLETE.  0 WARNING(S),  0 ERROR(S)
