C51 COMPILER V9.60.0.0   SMG                                                               04/05/2023 11:27:21 PAGE 1   


C51 COMPILER V9.60.0.0, COMPILATION OF MODULE SMG
OBJECT MODULE PLACED IN .\Objects\smg.obj
COMPILER INVOKED BY: D:\Keil_v5\C51\BIN\C51.EXE smg.c OPTIMIZE(8,SPEED) BROWSE DEBUG OBJECTEXTEND PRINT(.\Listings\smg.l
                    -st) OBJECT(.\Objects\smg.obj)

line level    source

   1          #include "smg.h"
   2          
   3          u8 addr_arr[8]={1,2,4,8,16,32,64,128};
   4          u8 num_arr[13]={0xc0,0xf9,0xa4,0xb0,0x99,0x92,0x82,0xf8,0x80,0x90,0xff,0x88};
   5          
   6          void smg_display(u8 addr,u8 num,u8 point)
   7          {
   8   1              P0 = 0XFF;
   9   1              P2 = 0X1F & P2 | 0XE0;
  10   1              P2 &= 0X1F;
  11   1              
  12   1              P0=addr_arr[addr];
  13   1              P2 = P2 & 0x1f | 0xc0;
  14   1              P2 &= 0x1f;
  15   1              
  16   1              P0=num_arr[num];
  17   1              if(point)
  18   1                      P0 &= 0X7f;
  19   1              P2 = P2 & 0x1f | 0xe0;
  20   1              P2 &= 0x1f;
  21   1      }


MODULE INFORMATION:   STATIC OVERLAYABLE
   CODE SIZE        =     57    ----
   CONSTANT SIZE    =   ----    ----
   XDATA SIZE       =   ----    ----
   PDATA SIZE       =   ----    ----
   DATA SIZE        =     21    ----
   IDATA SIZE       =   ----    ----
   BIT SIZE         =   ----    ----
END OF MODULE INFORMATION.


C51 COMPILATION COMPLETE.  0 WARNING(S),  0 ERROR(S)
