C51 COMPILER V9.60.0.0   MAIN                                                              11/16/2022 19:41:29 PAGE 1   


C51 COMPILER V9.60.0.0, COMPILATION OF MODULE MAIN
OBJECT MODULE PLACED IN .\Objects\main.obj
COMPILER INVOKED BY: D:\Keil_v5\C51\BIN\C51.EXE main.c OPTIMIZE(8,SPEED) BROWSE DEBUG OBJECTEXTEND PRINT(.\Listings\main
                    -.lst) OBJECT(.\Objects\main.obj)

line level    source

   1          #include <REGX52.H>
   2          
   3          typedef unsigned int u16;
   4          typedef unsigned char u8;
   5          
   6          sbit L1=P0^0;
   7          sbit K1=P3^2;
   8          sbit K2=P3^3;
   9          
  10          void delay1ms(void)
  11          {
  12   1          unsigned char a,b,c;
  13   1          for(c=1;c>0;c--)
  14   1              for(b=142;b>0;b--)
  15   1                  for(a=2;a>0;a--);
  16   1      }
  17          
  18          void delay(u16 n)
  19          {
  20   1              while(n--)
  21   1              {
  22   2                      delay1ms();
  23   2              }
  24   1      }
  25          
  26          void exti0_init(void)
  27          {
  28   1              IT0=1;//设置外部中断的触发方式
  29   1              EX0=1;//开外部中断0
  30   1              EA=1;//打开总中断开关
  31   1      }
  32          
  33          void exti1_init(void)
  34          {
  35   1              IT1=1;//设置外部中断的触发方式
  36   1              EX1=1;//开外部中断0
  37   1              EA=1;//打开总中断开关
  38   1      }
  39          
  40          void exti0() interrupt 0
  41          {
  42   1              delay(10);
  43   1              if(K1==0)
  44   1              {
  45   2                      L1=!L1;
  46   2              }
  47   1      }
  48          
  49          void exti1() interrupt 2
  50          {
  51   1              delay(10);
  52   1              if(K2==0)
  53   1              {
  54   2                      L1=!L1;
C51 COMPILER V9.60.0.0   MAIN                                                              11/16/2022 19:41:29 PAGE 2   

  55   2              }
  56   1      }
  57          
  58          void main()
  59          {
  60   1              
  61   1              exti1_init();
  62   1              while(1)
  63   1              {
  64   2                      
  65   2              }
  66   1      }


MODULE INFORMATION:   STATIC OVERLAYABLE
   CODE SIZE        =    173    ----
   CONSTANT SIZE    =   ----    ----
   XDATA SIZE       =   ----    ----
   PDATA SIZE       =   ----    ----
   DATA SIZE        =   ----    ----
   IDATA SIZE       =   ----    ----
   BIT SIZE         =   ----    ----
END OF MODULE INFORMATION.


C51 COMPILATION COMPLETE.  0 WARNING(S),  0 ERROR(S)
