C51 COMPILER V9.57.0.0   MAIN                                                              02/26/2020 12:52:35 PAGE 1   


C51 COMPILER V9.57.0.0, COMPILATION OF MODULE MAIN
OBJECT MODULE PLACED IN .\Objects\main.obj
COMPILER INVOKED BY: E:\keil~5\C51\BIN\C51.EXE main.c OPTIMIZE(8,SPEED) BROWSE DEBUG OBJECTEXTEND PRINT(.\Listings\main.
                    -lst) TABS(2) OBJECT(.\Objects\main.obj)

line level    source

   1          #include <STC15F2K60S2.h>
   2          #include <onewire.h>
   3          
   4          unsigned char data_pros[10] = {0xc0, 0xf9, 0xa4, 0xb0, 
   5                                          0x99, 0x92, 0x82, 0xf8, 0x80, 0x90};
   6          
   7          void DS(unsigned char yi, unsigned char er);
   8          
   9          void main()
  10          {
  11   1        unsigned char i,j, temper;
  12   1        P2 = 0xA0; P0 = 0x00; P2 = 0x00;
  13   1        ReadROM();
  14   1        while (1)
  15   1        {
  16   2          temper = read_T();
  17   2      
  18   2          i = temper/10;
  19   2          j = temper%10;
  20   2          DS(i,j);
  21   2        }
  22   1      }
  23          
  24          void Delay1ms()   //@11.0592MHz
  25          {
  26   1        unsigned char i, j;
  27   1      
  28   1        _nop_();
  29   1        _nop_();
  30   1        _nop_();
  31   1        i = 11;
  32   1        j = 190;
  33   1        do
  34   1        {
  35   2          while (--j);
  36   2        } while (--i);
  37   1      }
  38          
  39          void DS(unsigned char yi, unsigned char er)
  40          {
  41   1        P2 = 0xC0;
  42   1        P0 = 0x40;
  43   1        P2 = 0xE0;
  44   1        P0 = data_pros[yi];
  45   1        Delay1ms();
  46   1      
  47   1        P2 = 0xC0;
  48   1        P0 = 0x80;
  49   1        P2 = 0xE0;
  50   1        P0 = data_pros[er];
  51   1        Delay1ms();
  52   1        P2 = 0x00;  
  53   1        
  54   1      }
C51 COMPILER V9.57.0.0   MAIN                                                              02/26/2020 12:52:35 PAGE 2   



MODULE INFORMATION:   STATIC OVERLAYABLE
   CODE SIZE        =     96    ----
   CONSTANT SIZE    =   ----    ----
   XDATA SIZE       =   ----    ----
   PDATA SIZE       =   ----    ----
   DATA SIZE        =     10       3
   IDATA SIZE       =   ----    ----
   BIT SIZE         =   ----    ----
END OF MODULE INFORMATION.


C51 COMPILATION COMPLETE.  0 WARNING(S),  0 ERROR(S)
