C51 COMPILER V9.60.0.0   MAIN                                                              11/06/2022 00:49:59 PAGE 1   


C51 COMPILER V9.60.0.0, COMPILATION OF MODULE MAIN
OBJECT MODULE PLACED IN .\Objects\main.obj
COMPILER INVOKED BY: D:\Keil_v5\C51\BIN\C51.EXE main.c OPTIMIZE(8,SPEED) BROWSE DEBUG OBJECTEXTEND PRINT(.\Listings\main
                    -.lst) OBJECT(.\Objects\main.obj)

line level    source

   1          #include <REGX52.H>
   2          
   3          sbit A=P1^0;
   4          
   5          void delay1ms(void)
   6          {
   7   1          unsigned char a,b;
   8   1          for(b=102;b>0;b--)
   9   1              for(a=3;a>0;a--);
  10   1      }
  11          
  12          void delay_nms(unsigned int x)
  13          {
  14   1              while(x--)
  15   1              {
  16   2                      delay1ms();
  17   2              }
  18   1      }
  19          
  20          void delay5s(void)   //误差 -0.000000001137us
  21          {
  22   1          unsigned char a,b,c;
  23   1          for(c=179;c>0;c--)
  24   1              for(b=220;b>0;b--)
  25   1                  for(a=57;a>0;a--);
  26   1      }
  27          
  28          void main()
  29          {
  30   1              A=1;
  31   1              delay5s();
  32   1              while(1)
  33   1              {
  34   2                      A=0;
  35   2              }
  36   1              
  37   1      }


MODULE INFORMATION:   STATIC OVERLAYABLE
   CODE SIZE        =    106    ----
   CONSTANT SIZE    =   ----    ----
   XDATA SIZE       =   ----    ----
   PDATA SIZE       =   ----    ----
   DATA SIZE        =   ----    ----
   IDATA SIZE       =   ----    ----
   BIT SIZE         =   ----    ----
END OF MODULE INFORMATION.


C51 COMPILATION COMPLETE.  0 WARNING(S),  0 ERROR(S)
