C51 COMPILER V9.60.0.0   MAIN                                                              03/07/2023 22:12:37 PAGE 1   


C51 COMPILER V9.60.0.0, COMPILATION OF MODULE MAIN
OBJECT MODULE PLACED IN .\Objects\main.obj
COMPILER INVOKED BY: D:\Keil_v5\C51\BIN\C51.EXE main.c OPTIMIZE(8,SPEED) BROWSE DEBUG OBJECTEXTEND PRINT(.\Listings\main
                    -.lst) OBJECT(.\Objects\main.obj)

line level    source

   1          #include <STC15F2K60S2.H>
   2          
   3          typedef unsigned char u8;
   4          typedef unsigned int u16;
   5          
   6          sbit LED1=P0^0;
   7          sbit LED2=P0^1;
   8          sbit lA=P2^5;
   9          sbit lB=P2^6;
  10          sbit lC=P2^7;
  11          
  12          void Delay100ms()               //@11.0592MHz
  13          {
  14   1              unsigned char i, j;
  15   1      
  16   1              i = 180;
  17   1              j = 73;
  18   1              do
  19   1              {
  20   2                      while (--j);
  21   2              } while (--i);
  22   1      }
  23          
  24          void delay(int n)
  25          {
  26   1              
  27   1              while(n--)
  28   1              {
  29   2                      Delay100ms();
  30   2              }
  31   1      }
  32          
  33          void main()
  34          {
  35   1              lA=0;
  36   1              lB=0;
  37   1              lC=1;
  38   1              while(1)
  39   1              {
  40   2                      LED1=0;
  41   2                      delay(50);
  42   2                      LED1=1;
  43   2                      delay(50);
  44   2                      LED2=0;
  45   2                      delay(50);
  46   2                      LED2=1;
  47   2                      delay(50);
  48   2              }
  49   1      }


MODULE INFORMATION:   STATIC OVERLAYABLE
   CODE SIZE        =     61    ----
   CONSTANT SIZE    =   ----    ----
C51 COMPILER V9.60.0.0   MAIN                                                              03/07/2023 22:12:37 PAGE 2   

   XDATA SIZE       =   ----    ----
   PDATA SIZE       =   ----    ----
   DATA SIZE        =   ----    ----
   IDATA SIZE       =   ----    ----
   BIT SIZE         =   ----    ----
END OF MODULE INFORMATION.


C51 COMPILATION COMPLETE.  0 WARNING(S),  0 ERROR(S)
