C51 COMPILER V9.60.0.0   IIC                                                               04/07/2023 20:16:39 PAGE 1   


C51 COMPILER V9.60.0.0, COMPILATION OF MODULE IIC
OBJECT MODULE PLACED IN .\Objects\iic.obj
COMPILER INVOKED BY: D:\Keil_v5\C51\BIN\C51.EXE iic.c OPTIMIZE(8,SPEED) BROWSE DEBUG OBJECTEXTEND PRINT(.\Listings\iic.l
                    -st) OBJECT(.\Objects\iic.obj)

line level    source

   1          #include "iic.h"
   2          
   3          #define DELAY_TIME 5
   4          
   5          void IIC_Delay(unsigned char i)
   6          {
   7   1          do{_nop_();}
   8   1          while(i--);        
   9   1      }
  10          
  11          void IIC_Start(void)
  12          {
  13   1          SDA = 1;
  14   1          SCL = 1;
  15   1          IIC_Delay(DELAY_TIME);
  16   1          SDA = 0;
  17   1          IIC_Delay(DELAY_TIME);
  18   1          SCL = 0;    
  19   1      }
  20          
  21          void IIC_Stop(void)
  22          {
  23   1          SDA = 0;
  24   1          SCL = 1;
  25   1          IIC_Delay(DELAY_TIME);
  26   1          SDA = 1;
  27   1          IIC_Delay(DELAY_TIME);
  28   1      }
  29          
  30          
  31          void IIC_SendAck(bit ackbit)
  32          {
  33   1          SCL = 0;
  34   1          SDA = ackbit;                                       
  35   1          IIC_Delay(DELAY_TIME);
  36   1          SCL = 1;
  37   1          IIC_Delay(DELAY_TIME);
  38   1          SCL = 0; 
  39   1          SDA = 1;
  40   1          IIC_Delay(DELAY_TIME);
  41   1      }
  42          
  43          
  44          bit IIC_WaitAck(void)
  45          {
  46   1          bit ackbit;
  47   1              
  48   1          SCL  = 1;
  49   1          IIC_Delay(DELAY_TIME);
  50   1          ackbit = SDA;
  51   1          SCL = 0;
  52   1          IIC_Delay(DELAY_TIME);
  53   1          return ackbit;
  54   1      }
C51 COMPILER V9.60.0.0   IIC                                                               04/07/2023 20:16:39 PAGE 2   

  55          
  56          
  57          void IIC_SendByte(unsigned char byt)
  58          {
  59   1          unsigned char i;
  60   1      
  61   1          for(i=0; i<8; i++)
  62   1          {
  63   2              SCL  = 0;
  64   2              IIC_Delay(DELAY_TIME);
  65   2              if(byt & 0x80) SDA  = 1;
  66   2              else SDA  = 0;
  67   2              IIC_Delay(DELAY_TIME);
  68   2              SCL = 1;
  69   2              byt <<= 1;
  70   2              IIC_Delay(DELAY_TIME);
  71   2          }
  72   1          SCL  = 0;  
  73   1      }
  74          
  75          unsigned char IIC_RecByte(void)
  76          {
  77   1          unsigned char i, da;
  78   1          for(i=0; i<8; i++)
  79   1          {   
  80   2              SCL = 1;
  81   2              IIC_Delay(DELAY_TIME);
  82   2              da <<= 1;
  83   2              if(SDA) da |= 1;
  84   2              SCL = 0;
  85   2              IIC_Delay(DELAY_TIME);
  86   2          }
  87   1          return da;    
  88   1      }
  89          
  90          u8 AD_read(u8 addr)
  91          {
  92   1          u8 temp;
  93   1      
  94   1          IIC_Start();
  95   1          IIC_SendByte(0x90);
  96   1          IIC_WaitAck();
  97   1          IIC_SendByte(addr);
  98   1          IIC_WaitAck();
  99   1      
 100   1          IIC_Start();
 101   1          IIC_SendByte(0x91);
 102   1          IIC_WaitAck();
 103   1          temp = IIC_RecByte();
 104   1          IIC_WaitAck();
 105   1          IIC_SendAck(1);
 106   1          IIC_Stop();
 107   1      
 108   1          return temp;
 109   1      }
 110          
 111          void DA_write(u8 dat)
 112          {
 113   1          IIC_Start();
 114   1          IIC_SendByte(0x91);
 115   1          IIC_WaitAck();
 116   1          IIC_SendByte(0x41);
C51 COMPILER V9.60.0.0   IIC                                                               04/07/2023 20:16:39 PAGE 3   

 117   1          IIC_WaitAck();
 118   1          IIC_SendByte(dat);
 119   1          IIC_WaitAck();
 120   1          IIC_Stop();
 121   1      }


MODULE INFORMATION:   STATIC OVERLAYABLE
   CODE SIZE        =    245    ----
   CONSTANT SIZE    =   ----    ----
   XDATA SIZE       =   ----    ----
   PDATA SIZE       =   ----    ----
   DATA SIZE        =   ----    ----
   IDATA SIZE       =   ----    ----
   BIT SIZE         =   ----       2
END OF MODULE INFORMATION.


C51 COMPILATION COMPLETE.  0 WARNING(S),  0 ERROR(S)
