C51 COMPILER V9.60.0.0   KEY                                                               04/07/2023 20:16:39 PAGE 1   


C51 COMPILER V9.60.0.0, COMPILATION OF MODULE KEY
OBJECT MODULE PLACED IN .\Objects\key.obj
COMPILER INVOKED BY: D:\Keil_v5\C51\BIN\C51.EXE key.c OPTIMIZE(8,SPEED) BROWSE DEBUG OBJECTEXTEND PRINT(.\Listings\key.l
                    -st) OBJECT(.\Objects\key.obj)

line level    source

   1          #include "key.h"
   2          
   3          u8 key_value()
   4          {
   5   1          u8 temp = 0;
   6   1          P44 = 0;
   7   1          P42 = 1;
   8   1          P35 = 1;
   9   1          P34 = 1;
  10   1          if (P33 == 0)
  11   1              temp = 4;
  12   1          if (P34 == 0)
  13   1              temp = 5;
  14   1          if (P33 == 0)
  15   1              temp = 6;
  16   1          if (P34 == 0)
  17   1              temp = 7;
  18   1      
  19   1          P44 = 1;
  20   1          P42 = 0;
  21   1          P35 = 1;
  22   1          P34 = 1;
  23   1          if (P33 == 0)
  24   1              temp = 8;
  25   1          if (P34 == 0)
  26   1              temp = 9;
  27   1          if (P33 == 0)
  28   1              temp = 10;
  29   1          if (P34 == 0)
  30   1              temp = 11;
  31   1      
  32   1          P44 = 1;
  33   1          P42 = 1;
  34   1          P35 = 0;
  35   1          P34 = 1;
  36   1          if (P33 == 0)
  37   1              temp = 12;
  38   1          if (P34 == 0)
  39   1              temp = 13;
  40   1          if (P33 == 0)
  41   1              temp = 14;
  42   1          if (P34 == 0)
  43   1              temp = 15;
  44   1      
  45   1          P44 = 1;
  46   1          P42 = 1;
  47   1          P35 = 1;
  48   1          P34 = 0;
  49   1          if (P33 == 0)
  50   1              temp = 16;
  51   1          if (P34 == 0)
  52   1              temp = 17;
  53   1          if (P33 == 0)
  54   1              temp = 18;
C51 COMPILER V9.60.0.0   KEY                                                               04/07/2023 20:16:39 PAGE 2   

  55   1          if (P34 == 0)
  56   1              temp = 19;
  57   1      
  58   1          return temp;
  59   1      }


MODULE INFORMATION:   STATIC OVERLAYABLE
   CODE SIZE        =    115    ----
   CONSTANT SIZE    =   ----    ----
   XDATA SIZE       =   ----    ----
   PDATA SIZE       =   ----    ----
   DATA SIZE        =   ----    ----
   IDATA SIZE       =   ----    ----
   BIT SIZE         =   ----    ----
END OF MODULE INFORMATION.


C51 COMPILATION COMPLETE.  0 WARNING(S),  0 ERROR(S)
