C51 COMPILER V9.60.0.0   LED                                                               04/07/2023 20:16:39 PAGE 1   


C51 COMPILER V9.60.0.0, COMPILATION OF MODULE LED
OBJECT MODULE PLACED IN .\Objects\led.obj
COMPILER INVOKED BY: D:\Keil_v5\C51\BIN\C51.EXE led.c OPTIMIZE(8,SPEED) BROWSE DEBUG OBJECTEXTEND PRINT(.\Listings\led.l
                    -st) OBJECT(.\Objects\led.obj)

line level    source

   1          #include "led.h"
   2          
   3          void led_display(u8 addr,u8 can)
   4          {
   5   1          static u8 temp = 0x00;
   6   1          static u8 temp_old = 0xff;
   7   1      
   8   1          if(can)
   9   1              temp |= (0x01 << addr);
  10   1          else
  11   1              temp &= ~(0x01 << addr);
  12   1          
  13   1          if(temp!=temp_old)
  14   1          {
  15   2              P0 = ~temp;
  16   2              P2 = (P2 & 0x1f) | 0x80;
  17   2              P2 &= 0x1f;
  18   2              temp_old = temp;
  19   2          }
  20   1      
  21   1      }
  22          
  23          void BUZZ(u8 can)
  24          {
  25   1          static u8 temp = 0x00;
  26   1          static u8 temp_old = 0xff;
  27   1      
  28   1          if (can)
  29   1              temp |= 0x40;
  30   1          else
  31   1              temp &= ~0x40;
  32   1      
  33   1          if (temp != temp_old)
  34   1          {
  35   2              P0 = temp;
  36   2              P2 = (P2 & 0x1f) | 0xa0;
  37   2              P2 &= 0x1f;
  38   2              temp_old = temp;
  39   2          }
  40   1      }
  41          
  42          void RELAY(u8 can)
  43          {
  44   1          static u8 temp = 0x00;
  45   1          static u8 temp_old = 0xff;
  46   1      
  47   1          if (can)
  48   1              temp |= 0x10;
  49   1          else
  50   1              temp &= ~0x10;
  51   1      
  52   1          if (temp != temp_old)
  53   1          {
  54   2              P0 = temp;
C51 COMPILER V9.60.0.0   LED                                                               04/07/2023 20:16:39 PAGE 2   

  55   2              P2 = (P2 & 0x1f) | 0xa0;
  56   2              P2 &= 0x1f;
  57   2              temp_old = temp;
  58   2          }
  59   1      }


MODULE INFORMATION:   STATIC OVERLAYABLE
   CODE SIZE        =    128    ----
   CONSTANT SIZE    =   ----    ----
   XDATA SIZE       =   ----    ----
   PDATA SIZE       =   ----    ----
   DATA SIZE        =      6    ----
   IDATA SIZE       =   ----    ----
   BIT SIZE         =   ----    ----
END OF MODULE INFORMATION.


C51 COMPILATION COMPLETE.  0 WARNING(S),  0 ERROR(S)
