C51 COMPILER V9.60.0.0   MAIN                                                              04/07/2023 20:16:39 PAGE 1   


C51 COMPILER V9.60.0.0, COMPILATION OF MODULE MAIN
OBJECT MODULE PLACED IN .\Objects\main.obj
COMPILER INVOKED BY: D:\Keil_v5\C51\BIN\C51.EXE main.c OPTIMIZE(8,SPEED) BROWSE DEBUG OBJECTEXTEND PRINT(.\Listings\main
                    -.lst) OBJECT(.\Objects\main.obj)

line level    source

   1          #include "smg.h"
   2          #include "led.h"
   3          #include "key.h"
   4          #include "iic.h"
   5          #include "public.h"
   6          
   7          u8 key_val, key_down, key_down, key_up, key_old;
   8          u8 key_slow_down;
   9          u8 smg_num_display[] = {10, 10, 10, 10, 10, 10, 10, 10};
  10          u8 smg_point_display[] = {0, 0, 0, 0, 0, 0, 0, 0};
  11          u8 smg_slow_down;
  12          u8 led_addr_display[] = {0, 0, 0, 0, 0, 0, 0, 0};
  13          u8 pos;
  14          
  15          u8 mode;
  16          u8 vol;
  17          u8 dB;
  18          
  19          void key()
  20          {
  21   1          if(key_slow_down)
  22   1              return;
  23   1          key_slow_down = 0;
  24   1          key_val = key_value();
  25   1          key_down = key_val & (key_val ^ key_old);
  26   1          key_up = ~key_val & (key_val ^ key_old);
  27   1          key_old = key_val;
  28   1      
  29   1      
  30   1      }
  31          
  32          void smg()
  33          {
  34   1          if(smg_slow_down)
  35   1              return;
  36   1          smg_slow_down = 1;
  37   1         
  38   1      }
  39          
  40          void led()
  41          {
  42   1      
  43   1      }
  44          
  45          void Timer0_Isr(void) interrupt 1
  46          {
  47   1              vol = AD_read(0x43);
  48   1          smg_num_display[0] = vol / 100;
  49   1          smg_num_display[1] = vol / 10 % 10;
  50   1          smg_num_display[2] = vol % 10;
  51   1          if(smg_slow_down==500)
  52   1              smg_slow_down = 0;
  53   1          if(key_slow_down==10)
  54   1              key_slow_down = 0;
C51 COMPILER V9.60.0.0   MAIN                                                              04/07/2023 20:16:39 PAGE 2   

  55   1          if(++pos==8)
  56   1              pos = 0;
  57   1          smg_display(pos, smg_num_display[pos], smg_point_display[pos]);
  58   1          led_display(pos, led_addr_display[pos]);
  59   1      }
  60          
  61          void Timer0_Init(void) // 1毫秒@12.000MHz
  62          {
  63   1          AUXR &= 0x7F; // 定时器时钟12T模式
  64   1          TMOD &= 0xF0; // 设置定时器模式
  65   1          TL0 = 0x18;   // 设置定时初始值
  66   1          TH0 = 0xFC;   // 设置定时初始值
  67   1          TF0 = 0;      // 清除TF0标志
  68   1          TR0 = 1;      // 定时器0开始计时
  69   1          ET0 = 1;      // 使能定时器0中断
  70   1          EA = 1;
  71   1      }
  72          
  73          void main()
  74          {
  75   1          Timer0_Init();
  76   1          pos = 0;
  77   1          while (1)
  78   1          {
  79   2              key();
  80   2              smg();
  81   2              led();
  82   2          }
  83   1      }


MODULE INFORMATION:   STATIC OVERLAYABLE
   CODE SIZE        =    232    ----
   CONSTANT SIZE    =   ----    ----
   XDATA SIZE       =   ----    ----
   PDATA SIZE       =   ----    ----
   DATA SIZE        =     34    ----
   IDATA SIZE       =   ----    ----
   BIT SIZE         =   ----    ----
END OF MODULE INFORMATION.


C51 COMPILATION COMPLETE.  0 WARNING(S),  0 ERROR(S)
