C51 COMPILER V9.60.0.0   PUBLIC                                                            04/07/2023 20:16:39 PAGE 1   


C51 COMPILER V9.60.0.0, COMPILATION OF MODULE PUBLIC
OBJECT MODULE PLACED IN .\Objects\public.obj
COMPILER INVOKED BY: D:\Keil_v5\C51\BIN\C51.EXE public.c OPTIMIZE(8,SPEED) BROWSE DEBUG OBJECTEXTEND PRINT(.\Listings\pu
                    -blic.lst) OBJECT(.\Objects\public.obj)

line level    source

   1          #include "public.h"
   2          
   3          void Delay1ms() //@12.000MHz
   4          {
   5   1          unsigned char i, j;
   6   1      
   7   1          i = 12;
   8   1          j = 169;
   9   1          do
  10   1          {
  11   2              while (--j)
  12   2                  ;
  13   2          } while (--i);
  14   1      }
  15          
  16          void DelayNms(u16 n)
  17          {
  18   1          while(n--)
  19   1          {
  20   2              Delay1ms();
  21   2          }
  22   1      }


MODULE INFORMATION:   STATIC OVERLAYABLE
   CODE SIZE        =     29    ----
   CONSTANT SIZE    =   ----    ----
   XDATA SIZE       =   ----    ----
   PDATA SIZE       =   ----    ----
   DATA SIZE        =   ----    ----
   IDATA SIZE       =   ----    ----
   BIT SIZE         =   ----    ----
END OF MODULE INFORMATION.


C51 COMPILATION COMPLETE.  0 WARNING(S),  0 ERROR(S)
