C51 COMPILER V9.60.0.0   SMG                                                               04/07/2023 20:16:39 PAGE 1   


C51 COMPILER V9.60.0.0, COMPILATION OF MODULE SMG
OBJECT MODULE PLACED IN .\Objects\smg.obj
COMPILER INVOKED BY: D:\Keil_v5\C51\BIN\C51.EXE smg.c OPTIMIZE(8,SPEED) BROWSE DEBUG OBJECTEXTEND PRINT(.\Listings\smg.l
                    -st) OBJECT(.\Objects\smg.obj)

line level    source

   1          #include "smg.h"
   2          
   3          u8 smg_num_arr[] = {0xc0, 0xf9, 0xa4, 0xb0, 0x99, 0x92, 0x82, 0xf8, 0x80, 0x90, 0xff, 0xc1};
   4          u8 smg_addr_arr[] = {0x01, 0x02, 0x04, 0x08, 0x10, 0x20, 0x40, 0x80};
   5          
   6          void smg_display(u8 addr, u8 num, u8 point)
   7          {
   8   1          P0 = 0xff;
   9   1          P2 = P2 & 0x1f | 0xe0;
  10   1          P2 &= 0x1f;
  11   1      
  12   1          P0 = smg_addr_arr[addr];
  13   1          P2 = P2 & 0x1f | 0xc0;
  14   1          P2 &= 0x1f;
  15   1      
  16   1          P0 = smg_num_arr[num];
  17   1          if(point)
  18   1              P0 &= 0x7f;
  19   1          P2 = P2 & 0x1f | 0xe0;
  20   1          P2 &= 0x1f;
  21   1          
  22   1      }


MODULE INFORMATION:   STATIC OVERLAYABLE
   CODE SIZE        =     57    ----
   CONSTANT SIZE    =   ----    ----
   XDATA SIZE       =   ----    ----
   PDATA SIZE       =   ----    ----
   DATA SIZE        =     20    ----
   IDATA SIZE       =   ----    ----
   BIT SIZE         =   ----    ----
END OF MODULE INFORMATION.


C51 COMPILATION COMPLETE.  0 WARNING(S),  0 ERROR(S)
