C51 COMPILER V9.57.0.0   IIC                                                               02/06/2020 17:37:28 PAGE 1   


C51 COMPILER V9.57.0.0, COMPILATION OF MODULE IIC
OBJECT MODULE PLACED IN .\Objects\IIC.obj
COMPILER INVOKED BY: E:\keil~5\C51\BIN\C51.EXE IIC.c OPTIMIZE(8,SPEED) BROWSE DEBUG OBJECTEXTEND PRINT(.\Listings\IIC.ls
                    -t) TABS(2) OBJECT(.\Objects\IIC.obj)

line level    source

   1          #include "IIC.h"
   2          
   3          void Delay1us()   //@11.0592MHz
   4          {
   5   1        _nop_();
   6   1        _nop_();
   7   1        _nop_();
   8   1      }
   9          
  10          
  11          void iic_Start()
  12          {
  13   1        SDA = 1;
  14   1        SCL = 1;
  15   1        Delay1us();
  16   1        Delay1us();
  17   1        Delay1us();
  18   1        Delay1us();
  19   1        Delay1us();
  20   1        SDA = 0;
  21   1        Delay1us();
  22   1        Delay1us();
  23   1        Delay1us();
  24   1        Delay1us();
  25   1        Delay1us();
  26   1        SCL = 0;
  27   1      }
  28          
  29          void iic_Stop()
  30          {
  31   1        SDA = 0;  
  32   1        SCL = 1;
  33   1        Delay1us();
  34   1        Delay1us();
  35   1        Delay1us();
  36   1        Delay1us(); 
  37   1        Delay1us();     
  38   1        SDA = 1;
  39   1        Delay1us();
  40   1        Delay1us();
  41   1        Delay1us();
  42   1        Delay1us(); 
  43   1        Delay1us();     
  44   1      }
  45          
  46          void Send_ACK(bit ackbit)
  47          {
  48   1        SCL = 0;
  49   1        SDA = ackbit;
  50   1        Delay1us();
  51   1        Delay1us();
  52   1        Delay1us();
  53   1        Delay1us(); 
  54   1        Delay1us();
C51 COMPILER V9.57.0.0   IIC                                                               02/06/2020 17:37:28 PAGE 2   

  55   1        SCL = 1;
  56   1        Delay1us();
  57   1        Delay1us();
  58   1        Delay1us();
  59   1        Delay1us(); 
  60   1        Delay1us();
  61   1        SCL = 0;
  62   1        SDA = 1;
  63   1        Delay1us();
  64   1        Delay1us();
  65   1        Delay1us();
  66   1        Delay1us(); 
  67   1        Delay1us(); 
  68   1      }
  69          
  70          bit waitAck()
  71          {
  72   1        bit ackbit;
  73   1        
  74   1        SCL = 1;
  75   1        Delay1us();
  76   1        Delay1us();
  77   1        Delay1us();
  78   1        Delay1us(); 
  79   1        Delay1us();
  80   1        ackbit = SDA;
  81   1        SCL = 0;
  82   1        Delay1us();
  83   1        Delay1us();
  84   1        Delay1us();
  85   1        Delay1us(); 
  86   1        Delay1us();
  87   1        return ackbit;
  88   1      }
  89          
  90          void Write_byte(unsigned char da)
  91          {
  92   1        unsigned char i;
  93   1        for (i=0; i<8; i++)
  94   1        {
  95   2          SCL = 0;
  96   2          Delay1us();
  97   2          Delay1us();
  98   2          Delay1us();
  99   2          Delay1us(); 
 100   2          Delay1us();     
 101   2          SDA = da&0x80;
 102   2          da <<= 1;
 103   2          Delay1us();
 104   2          Delay1us();
 105   2          Delay1us();
 106   2          Delay1us(); 
 107   2          Delay1us();   
 108   2          SCL = 1;
 109   2          Delay1us();
 110   2          Delay1us();
 111   2          Delay1us(); 
 112   2          Delay1us();
 113   2          Delay1us();
 114   2        }   
 115   1        SCL = 0;
 116   1      }
C51 COMPILER V9.57.0.0   IIC                                                               02/06/2020 17:37:28 PAGE 3   

 117          
 118          unsigned char Read_byte()
 119          {
 120   1        unsigned char i,temp;
 121   1        for (i=0; i<8; i++)
 122   1        {
 123   2          SCL = 1;
 124   2          Delay1us();
 125   2          Delay1us();
 126   2          Delay1us(); 
 127   2          Delay1us();
 128   2          Delay1us(); 
 129   2          temp <<= 1;
 130   2          temp = temp|SDA;
 131   2          SCL = 0;
 132   2          Delay1us();
 133   2          Delay1us();
 134   2          Delay1us(); 
 135   2          Delay1us();
 136   2          Delay1us();     
 137   2        }
 138   1        return temp;
 139   1      }
 140          
 141          


MODULE INFORMATION:   STATIC OVERLAYABLE
   CODE SIZE        =    143    ----
   CONSTANT SIZE    =   ----    ----
   XDATA SIZE       =   ----    ----
   PDATA SIZE       =   ----    ----
   DATA SIZE        =   ----    ----
   IDATA SIZE       =   ----    ----
   BIT SIZE         =   ----       2
END OF MODULE INFORMATION.


C51 COMPILATION COMPLETE.  0 WARNING(S),  0 ERROR(S)
