C51 COMPILER V9.57.0.0   MAIN                                                              02/06/2020 17:37:27 PAGE 1   


C51 COMPILER V9.57.0.0, COMPILATION OF MODULE MAIN
OBJECT MODULE PLACED IN .\Objects\main.obj
COMPILER INVOKED BY: E:\keil~5\C51\BIN\C51.EXE main.c OPTIMIZE(8,SPEED) BROWSE DEBUG OBJECTEXTEND PRINT(.\Listings\main.
                    -lst) TABS(2) OBJECT(.\Objects\main.obj)

line level    source

   1          #include <STC15F2K60S2.h>
   2          #include <intrins.h>
   3          #include "IIC.h"
   4          
   5          unsigned char tab[] = {0xc0,0xf9,0xa4,0xb0,0x99,0x92,0x82,0xf8,0x80,0x90};
   6          unsigned char dbuff[4];
   7          unsigned char PCF8591_Read();
   8          void Display();
   9          void Delay1ms();
  10          unsigned char wei = 0x80;
  11          
  12          void main()
  13          {
  14   1        unsigned char display;
  15   1        
  16   1        P2 = 0xA0;
  17   1        P0 = 0x00;
  18   1        P2 = 0x00;
  19   1        
  20   1        while(1)
  21   1        {
  22   2          display = PCF8591_Read();
  23   2          dbuff[3] = display/1000;
  24   2          dbuff[2] = display%1000/100;
  25   2          dbuff[1] = display%1000%100/10;
  26   2          dbuff[0] = display%1000%100%10;
  27   2          Display();
  28   2        }
  29   1      
  30   1      }
  31          
  32          unsigned char PCF8591_Read()
  33          {
  34   1        unsigned char temp;
  35   1        iic_Start();
  36   1        Write_byte(0x90);
  37   1        waitAck();
  38   1        Write_byte(0x01);
  39   1        waitAck();
  40   1        iic_Start();
  41   1        Write_byte(0x91);
  42   1        waitAck();
  43   1        temp = Read_byte();
  44   1        Send_ACK(0);
  45   1        iic_Stop();
  46   1        return temp;
  47   1      }
  48          
  49          void Delay1ms()   //@11.0592MHz
  50          {
  51   1        unsigned char i, j;
  52   1      
  53   1        _nop_();
  54   1        _nop_();
C51 COMPILER V9.57.0.0   MAIN                                                              02/06/2020 17:37:27 PAGE 2   

  55   1        _nop_();
  56   1        i = 11;
  57   1        j = 190;
  58   1        do
  59   1        {
  60   2          while (--j);
  61   2        } while (--i);
  62   1      }
  63          
  64          
  65          void Display()
  66          {
  67   1        unsigned char i;
  68   1        for (i=0; i<4; i++)
  69   1        {
  70   2          P2 = 0xC0;
  71   2          P0 = wei>>i;
  72   2          P2 = 0x00;
  73   2          
  74   2          P2 = 0xE0;
  75   2          P0 = tab[dbuff[i]];
  76   2          Delay1ms();
  77   2      
  78   2          P2 = 0x00;
  79   2        }
  80   1      }


MODULE INFORMATION:   STATIC OVERLAYABLE
   CODE SIZE        =    204    ----
   CONSTANT SIZE    =   ----    ----
   XDATA SIZE       =   ----    ----
   PDATA SIZE       =   ----    ----
   DATA SIZE        =     15       2
   IDATA SIZE       =   ----    ----
   BIT SIZE         =   ----    ----
END OF MODULE INFORMATION.


C51 COMPILATION COMPLETE.  0 WARNING(S),  0 ERROR(S)
