C51 COMPILER V9.54   INIT                                                                  03/28/2023 15:01:39 PAGE 1   


C51 COMPILER V9.54, COMPILATION OF MODULE INIT
OBJECT MODULE PLACED IN .\Objects\Init.obj
COMPILER INVOKED BY: C:\Keil_v5\C51\BIN\C51.EXE ..\Driver\Init.c OPTIMIZE(9,SPEED) BROWSE INCDIR(..\Driver) DEBUG OBJECT
                    -EXTEND PRINT(.\Listings\Init.lst) TABS(2) OBJECT(.\Objects\Init.obj)

line level    source

   1          #include <Init.h>
   2          
   3          /* 
   4              函数名称：系统初始化函数
   5              函数说明：上电后关闭系统外设
   6              入口参数：无
   7              返回数据：无
   8          */
   9          
  10          void Sys_Init()
  11          {
  12   1        P0 = 0xff;
  13   1        P2 = P2 & 0x1f | 0x80;
  14   1        P2 &= 0x1f;
  15   1        P0 = 0x00;
  16   1        P2 = P2 & 0x1f | 0xa0;
  17   1        P2 &= 0x1f;
  18   1      }


MODULE INFORMATION:   STATIC OVERLAYABLE
   CODE SIZE        =     29    ----
   CONSTANT SIZE    =   ----    ----
   XDATA SIZE       =   ----    ----
   PDATA SIZE       =   ----    ----
   DATA SIZE        =   ----    ----
   IDATA SIZE       =   ----    ----
   BIT SIZE         =   ----    ----
END OF MODULE INFORMATION.


C51 COMPILATION COMPLETE.  0 WARNING(S),  0 ERROR(S)
