C51 COMPILER V9.54   LED                                                                   03/28/2023 15:01:39 PAGE 1   


C51 COMPILER V9.54, COMPILATION OF MODULE LED
OBJECT MODULE PLACED IN .\Objects\Led.obj
COMPILER INVOKED BY: C:\Keil_v5\C51\BIN\C51.EXE ..\Driver\Led.c OPTIMIZE(9,SPEED) BROWSE INCDIR(..\Driver) DEBUG OBJECTE
                    -XTEND PRINT(.\Listings\Led.lst) TABS(2) OBJECT(.\Objects\Led.obj)

line level    source

   1          #include <Led.h>
   2          
   3          /* 
   4              函数名称：Led显示函数
   5              函数说明：点亮/熄灭任意一个Led
   6              入口参数：addr-需要点亮的Led flag-1点亮/0熄灭
   7              返回数据：无
   8          */
   9          void Led_Disp(unsigned char addr,flag)
  10          {
  11   1        static unsigned char temp = 0x00;
  12   1        static unsigned char temp_old = 0xff;
  13   1        
  14   1        if(flag)
  15   1          temp |= 0x01 << addr;
  16   1        else
  17   1          temp &= ~(0x01 << addr);
  18   1        if(temp != temp_old)
  19   1        {
  20   2          P0 = ~temp;
  21   2          P2 = P2 & 0x1f | 0x80;
  22   2          P2 &= 0x1f;
  23   2          temp_old = temp;
  24   2        }
  25   1      }
  26          
  27          unsigned char temp = 0x00;
  28          unsigned char temp_old = 0xff;
  29          
  30          /* 
  31              函数名称：继电器使能函数
  32              函数说明：开启/关闭继电器
  33              入口参数：flag-1开启/0关闭
  34              返回数据：无
  35          */
  36          void Relay(unsigned char flag)
  37          {
  38   1        if(flag)
  39   1          temp |= 0x10;
  40   1        else
  41   1          temp &= ~0x10;  
  42   1        if(temp != temp_old)
  43   1        {
  44   2          P0 = temp;
  45   2          P2 = P2 & 0x1f | 0xa0;
  46   2          P2 &= 0x1f;
  47   2          temp_old = temp;
  48   2        } 
  49   1      }
  50          
  51          /* 
  52              函数名称：蜂鸣器使能函数
  53              函数说明：开启/关闭继电器
  54              入口参数：flag-1开启/0关闭
C51 COMPILER V9.54   LED                                                                   03/28/2023 15:01:39 PAGE 2   

  55              返回数据：无
  56          */
  57          void Beep(unsigned char flag)
  58          {
  59   1        if(flag)
  60   1          temp |= 0x40;
  61   1        else
  62   1          temp &= ~0x40;  
  63   1        if(temp != temp_old)
  64   1        {
  65   2          P0 = temp;
  66   2          P2 = P2 & 0x1f | 0xa0;
  67   2          P2 &= 0x1f;
  68   2          temp_old = temp;
  69   2        } 
  70   1      }


MODULE INFORMATION:   STATIC OVERLAYABLE
   CODE SIZE        =    119    ----
   CONSTANT SIZE    =   ----    ----
   XDATA SIZE       =   ----    ----
   PDATA SIZE       =   ----    ----
   DATA SIZE        =      4    ----
   IDATA SIZE       =   ----    ----
   BIT SIZE         =   ----    ----
END OF MODULE INFORMATION.


C51 COMPILATION COMPLETE.  0 WARNING(S),  0 ERROR(S)
