C51 COMPILER V9.60.0.0   DS1302                                                            03/21/2023 14:28:47 PAGE 1   


C51 COMPILER V9.60.0.0, COMPILATION OF MODULE DS1302
OBJECT MODULE PLACED IN .\Objects\ds1302.obj
COMPILER INVOKED BY: D:\Keil_v5\C51\BIN\C51.EXE ds1302.c OPTIMIZE(8,SPEED) BROWSE DEBUG OBJECTEXTEND PRINT(.\Listings\ds
                    -1302.lst) OBJECT(.\Objects\ds1302.obj)

line level    source

   1          /*
   2            程序说明: DS1302驱动程序
   3            软件环境: Keil uVision 4.10 
   4            硬件环境: CT107单片机综合实训平台 8051，12MHz
   5            日    期: 2011-8-9
   6          */
   7          
   8          #include "ds1302.h"
   9          
  10          sbit SCK=P1^7;          
  11          sbit SDA=P2^3;          
  12          sbit RST = P1^3;   // DS1302复位                                                                                                
  13          
  14          void Write_Ds1302(unsigned  char temp) 
  15          {
  16   1              unsigned char i;
  17   1              for (i=0;i<8;i++)       
  18   1              { 
  19   2                      SCK=0;
  20   2                      SDA=temp&0x01;
  21   2                      temp>>=1; 
  22   2                      SCK=1;
  23   2              }
  24   1      }   
  25          
  26          void Write_Ds1302_Byte( unsigned char address,unsigned char dat )     
  27          {
  28   1              RST=0;  _nop_();
  29   1              SCK=0;  _nop_();
  30   1              RST=1;  _nop_();  
  31   1              Write_Ds1302(address);  
  32   1              Write_Ds1302(dat);              
  33   1              RST=0; 
  34   1      }
  35          
  36          unsigned char Read_Ds1302_Byte ( unsigned char address )
  37          {
  38   1              unsigned char i,temp=0x00;
  39   1              RST=0;  _nop_();
  40   1              SCK=0;  _nop_();
  41   1              RST=1;  _nop_();
  42   1              Write_Ds1302(address);
  43   1              for (i=0;i<8;i++)       
  44   1              {               
  45   2                      SCK=0;
  46   2                      temp>>=1;       
  47   2                      if(SDA)
  48   2                      temp|=0x80;     
  49   2                      SCK=1;
  50   2              } 
  51   1              RST=0;  _nop_();
  52   1              SCK=0;  _nop_();
  53   1              SCK=1;  _nop_();
  54   1              SDA=0;  _nop_();
C51 COMPILER V9.60.0.0   DS1302                                                            03/21/2023 14:28:47 PAGE 2   

  55   1              SDA=1;  _nop_();
  56   1              return (temp);                  
  57   1      }


MODULE INFORMATION:   STATIC OVERLAYABLE
   CODE SIZE        =    109    ----
   CONSTANT SIZE    =   ----    ----
   XDATA SIZE       =   ----    ----
   PDATA SIZE       =   ----    ----
   DATA SIZE        =   ----    ----
   IDATA SIZE       =   ----    ----
   BIT SIZE         =   ----    ----
END OF MODULE INFORMATION.


C51 COMPILATION COMPLETE.  0 WARNING(S),  0 ERROR(S)
