C51 COMPILER V9.60.0.0   PUBLIC                                                            03/21/2023 14:28:47 PAGE 1   


C51 COMPILER V9.60.0.0, COMPILATION OF MODULE PUBLIC
OBJECT MODULE PLACED IN .\Objects\public.obj
COMPILER INVOKED BY: D:\Keil_v5\C51\BIN\C51.EXE public.c OPTIMIZE(8,SPEED) BROWSE DEBUG OBJECTEXTEND PRINT(.\Listings\pu
                    -blic.lst) OBJECT(.\Objects\public.obj)

line level    source

   1          #include "public.h"
   2          
   3          void Delay_ms(unsigned int ms)
   4          {
   5   1              unsigned char i, j;
   6   1      
   7   1              while(ms--)
   8   1              {
   9   2                      _nop_();
  10   2                      _nop_();
  11   2                      _nop_();
  12   2                      i = 11;
  13   2                      j = 190;
  14   2                      do
  15   2                      {
  16   3                              while (--j);
  17   3                      } while (--i);
  18   2              }
  19   1      }
  20          
  21          void delay_10us(unsigned int us)
  22          {
  23   1              unsigned char i;
  24   1              while(us--)
  25   1              {
  26   2                      _nop_();
  27   2                      i = 25;
  28   2                      while (--i);
  29   2              }
  30   1      }
  31          
  32          void delay_1us(unsigned int us) 
  33          {
  34   1              while(us--)
  35   1              {
  36   2                      _nop_();
  37   2                      _nop_();
  38   2                      _nop_();
  39   2              }
  40   1      }


MODULE INFORMATION:   STATIC OVERLAYABLE
   CODE SIZE        =     60    ----
   CONSTANT SIZE    =   ----    ----
   XDATA SIZE       =   ----    ----
   PDATA SIZE       =   ----    ----
   DATA SIZE        =   ----    ----
   IDATA SIZE       =   ----    ----
   BIT SIZE         =   ----    ----
END OF MODULE INFORMATION.


C51 COMPILATION COMPLETE.  0 WARNING(S),  0 ERROR(S)
