C51 COMPILER V9.60.0.0   MAIN                                                              03/10/2023 20:23:51 PAGE 1   


C51 COMPILER V9.60.0.0, COMPILATION OF MODULE MAIN
OBJECT MODULE PLACED IN .\Objects\main.obj
COMPILER INVOKED BY: D:\Keil_v5\C51\BIN\C51.EXE main.c OPTIMIZE(8,SPEED) BROWSE DEBUG OBJECTEXTEND PRINT(.\Listings\main
                    -.lst) OBJECT(.\Objects\main.obj)

line level    source

   1          #include <STC15F2K60S2.H>
   2          #include "delay.h"//延时函数头文件
   3          #include "smg.h"//数码管函数头文件
   4          
   5          void main()
   6          {
   7   1              while(1)
   8   1              {
   9   2                      
  10   2                      //实验程序1
  11   2                      Display_1_WEI(1,1,1);//数码管指定一位显示一位数字函数
  12   2                      Display_1_WEI(2,2,0);//数码管指定一位显示一位数字函数
  13   2                      Display_1_WEI(3,3,0);//数码管指定一位显示一位数字函数
  14   2                      Display_1_WEI(4,4,1);//数码管指定一位显示一位数字函数
  15   2                      Display_1_WEI(5,5,0);//数码管指定一位显示一位数字函数
  16   2                      Display_1_WEI(6,6,0);//数码管指定一位显示一位数字函数
  17   2                      Display_1_WEI(7,7,0);//数码管指定一位显示一位数字函数
  18   2                      Display_1_WEI(8,8,0);//数码管指定一位显示一位数字函数           
  19   2                      
  20   2                      //实验程序2
  21   2      //              Display_2_WEI(2,68);
  22   2                      
  23   2                      //实验程序2
  24   2      //              Display_4_WEI(2,5739);
  25   2      
  26   2                      //实验程序3
  27   2      //              Display_1_2Wei_XS(1,7.82);
  28   2                      
  29   2                      //实验程序4
  30   2      //              Display_2_2Wei_XS(5,29.82);
  31   2                      
  32   2                      
  33   2              }
  34   1      }


MODULE INFORMATION:   STATIC OVERLAYABLE
   CODE SIZE        =     74    ----
   CONSTANT SIZE    =   ----    ----
   XDATA SIZE       =   ----    ----
   PDATA SIZE       =   ----    ----
   DATA SIZE        =   ----    ----
   IDATA SIZE       =   ----    ----
   BIT SIZE         =   ----    ----
END OF MODULE INFORMATION.


C51 COMPILATION COMPLETE.  0 WARNING(S),  0 ERROR(S)
