C51 COMPILER V9.60.0.0   MAIN                                                              03/07/2023 22:23:50 PAGE 1   


C51 COMPILER V9.60.0.0, COMPILATION OF MODULE MAIN
OBJECT MODULE PLACED IN .\Objects\main.obj
COMPILER INVOKED BY: D:\Keil_v5\C51\BIN\C51.EXE main.c OPTIMIZE(8,SPEED) BROWSE DEBUG OBJECTEXTEND PRINT(.\Listings\main
                    -.lst) OBJECT(.\Objects\main.obj)

line level    source

   1          #include<STC15F2K60S2.h>
   2          #include<intrins.h>
   3          
   4          unsigned char data_pros[10] = {0xc0, 0xf9, 0xa4, 0xb0, 
   5                                                                                                                                          0x99, 0x92, 0x82, 0xf8, 0x80, 0x90};
   6          
   7                                                                                                                                          
   8          void delay()    //delay 200ms @ 11.0592M
   9          {
  10   1              unsigned char i, j, k;
  11   1      
  12   1              _nop_();
  13   1              _nop_();
  14   1              i = 1;
  15   1              j = 5;
  16   1              k = 5;
  17   1              do
  18   1              {
  19   2                      do
  20   2                      {
  21   3                              while (--k);
  22   3                      } while (--j);
  23   2              } while (--i);
  24   1      }                                                                                                               
  25          void main()
  26          {
  27   1      //      for(i=0; i<2; i++)
  28   1      //      {
  29   1      
  30   1      //                      if (i == 0)
  31   1      //                      {
  32   1      //                              //显示十位
  33   1      //                              P2 = 0xC0;
  34   1      //                              P0 = 0x40; 
  35   1      //                              //显示数字
  36   1      //                              P2 = 0xE0;
  37   1      //                              P0 = data_pros[temp1];
  38   1      //                      }
  39   1      //                      else
  40   1      //                      {
  41   1      //                              //显示个位
  42   1      //                              P2 = 0xC0;
  43   1      //                              P0 = 0x80;
  44   1      //                              //显示数字
  45   1      //                              P2 = 0xE0;
  46   1      //                              P0 = data_pros[temp2];
  47   1      //                      }               
  48   1      //      }       
  49   1      
  50   1      //                              //显示个位
  51   1      //                              P2 = 0xC0;
  52   1      //                              P0 = 0x80;
  53   1      //                              //显示数字
  54   1      //                              P2 = 0xE0;
C51 COMPILER V9.60.0.0   MAIN                                                              03/07/2023 22:23:50 PAGE 2   

  55   1      //                              P0 = data_pros[1];
  56   1      //                              delay();
  57   1                              
  58   1      
  59   1                      while(1)
  60   1                      {
  61   2                                      //显示个位
  62   2                                      P2 = 0xC0;
  63   2                                      P0 = 0x80;
  64   2                                      //显示数字
  65   2                                      P2 = 0xE0;
  66   2                                      P0 = 0xff;
  67   2                                      P0 = data_pros[9];
  68   2                                      delay();
  69   2                                      P2 = 0x00;
  70   2                                      //显示十位
  71   2                                      P2 = 0xC0;
  72   2                                      P0 = 0x40;
  73   2                                      //显示数字
  74   2                                      P2 = 0xE0;
  75   2                                      P0 = data_pros[2];
  76   2                                      delay();
  77   2                      }
  78   1      }


MODULE INFORMATION:   STATIC OVERLAYABLE
   CODE SIZE        =     53    ----
   CONSTANT SIZE    =   ----    ----
   XDATA SIZE       =   ----    ----
   PDATA SIZE       =   ----    ----
   DATA SIZE        =     10    ----
   IDATA SIZE       =   ----    ----
   BIT SIZE         =   ----    ----
END OF MODULE INFORMATION.


C51 COMPILATION COMPLETE.  0 WARNING(S),  0 ERROR(S)
