C51 COMPILER V9.60.0.0   MIAN                                                              03/08/2023 19:05:47 PAGE 1   


C51 COMPILER V9.60.0.0, COMPILATION OF MODULE MIAN
OBJECT MODULE PLACED IN .\Objects\mian.obj
COMPILER INVOKED BY: D:\Keil_v5\C51\BIN\C51.EXE mian.c OPTIMIZE(8,SPEED) BROWSE DEBUG OBJECTEXTEND PRINT(.\Listings\mian
                    -.lst) OBJECT(.\Objects\mian.obj)

line level    source

   1          #include<STC15F2K60S2.h>
   2          
   3          void Close_Buzz()
   4          {
   5   1              P2 = 0xA0;
   6   1              P0 = 0x00;
   7   1              P2 = 0x00;
   8   1      }
   9          
  10          void main()
  11          {
  12   1              Close_Buzz();
  13   1              P2 = 0x80;
  14   1              P0 = 0xff;
  15   1              
  16   1              EX0 = 1;
  17   1              IT0 = 1;
  18   1              
  19   1              EA = 1;
  20   1              
  21   1              while(1);
  22   1      }
  23          
  24          void Interrupt() interrupt 0
  25          {
  26   1              P2 = 0x80;
  27   1              P01 = ~P01;
  28   1      }


MODULE INFORMATION:   STATIC OVERLAYABLE
   CODE SIZE        =     32    ----
   CONSTANT SIZE    =   ----    ----
   XDATA SIZE       =   ----    ----
   PDATA SIZE       =   ----    ----
   DATA SIZE        =   ----    ----
   IDATA SIZE       =   ----    ----
   BIT SIZE         =   ----    ----
END OF MODULE INFORMATION.


C51 COMPILATION COMPLETE.  0 WARNING(S),  0 ERROR(S)
