C51 COMPILER V9.57.0.0   DS18B20                                                           03/16/2020 23:01:28 PAGE 1   


C51 COMPILER V9.57.0.0, COMPILATION OF MODULE DS18B20
OBJECT MODULE PLACED IN .\Objects\DS18B20.obj
COMPILER INVOKED BY: E:\keil~5\C51\BIN\C51.EXE DS18B20.c OPTIMIZE(8,SPEED) BROWSE DEBUG OBJECTEXTEND PRINT(.\Listings\DS
                    -18B20.lst) TABS(2) OBJECT(.\Objects\DS18B20.obj)

line level    source

   1          #include <STC15F2K60S2.h>
   2          #include <intrins.h>
   3          
   4          sbit DQ = P1^4;
   5          
   6          void Delay500us()   //@11.0592MHz
   7          {
   8   1        unsigned char i, j;
   9   1      
  10   1        _nop_();
  11   1        _nop_();
  12   1        i = 6;
  13   1        j = 93;
  14   1        do
  15   1        {
  16   2          while (--j);
  17   2        } while (--i);
  18   1      }
  19          
  20          void Delay60us()    //@11.0592MHz
  21          {
  22   1        unsigned char i, j;
  23   1      
  24   1        i = 1;
  25   1        j = 162;
  26   1        do
  27   1        {
  28   2          while (--j);
  29   2        } while (--i);
  30   1      }
  31          
  32          void Delay1us()   //@11.0592MHz
  33          {
  34   1        _nop_();
  35   1        _nop_();
  36   1        _nop_();
  37   1      }
  38          
  39          bit Init_DS18B20()
  40          {
  41   1        bit DSACK;
  42   1        DQ = 1;
  43   1        Delay1us();
  44   1        DQ = 0;
  45   1        Delay500us();
  46   1        DQ = 1;
  47   1        Delay60us();
  48   1        DSACK = DQ;
  49   1        DQ = 1;
  50   1        Delay500us();
  51   1        return DQ;
  52   1      }
  53          
  54          void write_byte(unsigned char da)
C51 COMPILER V9.57.0.0   DS18B20                                                           03/16/2020 23:01:28 PAGE 2   

  55          {
  56   1        unsigned char i;
  57   1        for (i=0; i<8; i++)
  58   1        {
  59   2          DQ = 0;
  60   2          Delay1us();
  61   2          DQ = da&0x01;
  62   2          Delay60us();
  63   2          da >>=1;    
  64   2          DQ = 1;
  65   2          Delay1us();
  66   2        }
  67   1        Delay60us();
  68   1      }
  69          
  70          unsigned char Read_byte()
  71          {
  72   1        unsigned char i,temp;
  73   1        for (i=0; i<8; i++)
  74   1        {
  75   2          DQ = 0;
  76   2          Delay1us();
  77   2          temp >>= 1;
  78   2          DQ = 1;
  79   2          Delay1us();
  80   2          if (DQ)
  81   2          {
  82   3            temp |= 0x80;
  83   3          }
  84   2          Delay60us();
  85   2        } 
  86   1        DQ = 0;
  87   1        return temp;
  88   1      }
  89          
  90          unsigned char read_T()
  91          {
  92   1        unsigned char low,high,THEtemper;
  93   1        Init_DS18B20();
  94   1        write_byte(0xCC);
  95   1        write_byte(0x44);
  96   1        Init_DS18B20();
  97   1        write_byte(0xCC);
  98   1        write_byte(0xBE);
  99   1        
 100   1        low = Read_byte();
 101   1        high = Read_byte();
 102   1        THEtemper = low>>4;
 103   1        THEtemper |= (high<<4);
 104   1        return THEtemper;
 105   1      }


MODULE INFORMATION:   STATIC OVERLAYABLE
   CODE SIZE        =    159    ----
   CONSTANT SIZE    =   ----    ----
   XDATA SIZE       =   ----    ----
   PDATA SIZE       =   ----    ----
   DATA SIZE        =   ----    ----
   IDATA SIZE       =   ----    ----
   BIT SIZE         =   ----       1
END OF MODULE INFORMATION.

C51 COMPILER V9.57.0.0   DS18B20                                                           03/16/2020 23:01:28 PAGE 3   


C51 COMPILATION COMPLETE.  0 WARNING(S),  0 ERROR(S)
