C51 COMPILER V9.57.0.0   MAIN                                                              03/16/2020 23:01:28 PAGE 1   


C51 COMPILER V9.57.0.0, COMPILATION OF MODULE MAIN
OBJECT MODULE PLACED IN .\Objects\main.obj
COMPILER INVOKED BY: E:\keil~5\C51\BIN\C51.EXE main.c OPTIMIZE(8,SPEED) BROWSE DEBUG OBJECTEXTEND PRINT(.\Listings\main.
                    -lst) TABS(2) OBJECT(.\Objects\main.obj)

line level    source

   1          #include <STC15F2K60S2.h>
   2          #include <intrins.h>
   3          #include "DS18B20.h"
   4          
   5          unsigned char data_pros[10] = {0xc0, 0xf9, 0xa4, 0xb0, 0x99, 0x92, 0x82, 0xf8, 0x80, 0x90};
   6          
   7          
   8          void DS(unsigned char yi,unsigned char er);
   9          
  10          
  11          void main()
  12          {
  13   1        unsigned char temper,yi,er;
  14   1        P2 = 0xA0; P0 = 0x00; P2 = 0x00;
  15   1        while(1)
  16   1        {
  17   2          temper = read_T();
  18   2          yi = temper/10;
  19   2          er = temper%10;
  20   2          DS(yi,er);
  21   2        }
  22   1      }
  23          
  24          
  25          
  26          void Delay1ms()   //@11.0592MHz
  27          {
  28   1        unsigned char i, j;
  29   1      
  30   1        _nop_();
  31   1        _nop_();
  32   1        _nop_();
  33   1        i = 11;
  34   1        j = 190;
  35   1        do
  36   1        {
  37   2          while (--j);
  38   2        } while (--i);
  39   1      }
  40          
  41          void DS(unsigned char yi,unsigned char er)
  42          { 
  43   1          P2 = 0xC0;
  44   1          P0 = 0x40;  
  45   1          P2 = 0xE0;
  46   1          P0 = data_pros[yi]; 
  47   1          Delay1ms();
  48   1          P2 = 0x00;
  49   1          
  50   1          P2 = 0xC0;
  51   1          P0 = 0x80;    
  52   1          P2 = 0xE0;
  53   1          P0 = data_pros[er]; 
  54   1          Delay1ms();
C51 COMPILER V9.57.0.0   MAIN                                                              03/16/2020 23:01:28 PAGE 2   

  55   1          P2 = 0x00;
  56   1      }


MODULE INFORMATION:   STATIC OVERLAYABLE
   CODE SIZE        =     96    ----
   CONSTANT SIZE    =   ----    ----
   XDATA SIZE       =   ----    ----
   PDATA SIZE       =   ----    ----
   DATA SIZE        =     10       3
   IDATA SIZE       =   ----    ----
   BIT SIZE         =   ----    ----
END OF MODULE INFORMATION.


C51 COMPILATION COMPLETE.  0 WARNING(S),  0 ERROR(S)
