C51 COMPILER V9.57.0.0   EEPROM                                                            03/01/2020 10:54:42 PAGE 1   


C51 COMPILER V9.57.0.0, COMPILATION OF MODULE EEPROM
OBJECT MODULE PLACED IN .\Objects\EEPROM.obj
COMPILER INVOKED BY: E:\keil~5\C51\BIN\C51.EXE EEPROM.c OPTIMIZE(8,SPEED) BROWSE DEBUG OBJECTEXTEND PRINT(.\Listings\EEP
                    -ROM.lst) TABS(2) OBJECT(.\Objects\EEPROM.obj)

line level    source

   1          #include "EEPROM.h"
   2          
   3          
   4          void Write_EEPROM(unsigned char addr,unsigned char dat)
   5          {
   6   1        unsigned char i=0, t=10;
   7   1        IIC_Start();
   8   1        IIC_SendByte(0xA0);
   9   1        IIC_WaitAck();
  10   1        IIC_SendByte(addr);
  11   1        IIC_WaitAck();
  12   1        IIC_SendByte(dat);
  13   1        IIC_WaitAck();
  14   1        IIC_Stop();
  15   1          
  16   1      //  operate_delay(10);
  17   1        while(t--){
  18   2          for(i=0; i<112; i++);
  19   2        }
  20   1      }
  21          
  22          unsigned char Read_EEPROM(unsigned char addr)
  23          {
  24   1        unsigned char da;
  25   1        
  26   1        IIC_Start();
  27   1        IIC_SendByte(0xA0);
  28   1        IIC_WaitAck();
  29   1        IIC_SendByte(addr);
  30   1        IIC_WaitAck();  
  31   1        IIC_Start();
  32   1        IIC_SendByte(0xA1);
  33   1        IIC_WaitAck();  
  34   1        da = IIC_RecByte();
  35   1        IIC_SendAck(0);
  36   1        IIC_Stop();
  37   1        
  38   1        return da;
  39   1      }


MODULE INFORMATION:   STATIC OVERLAYABLE
   CODE SIZE        =    110    ----
   CONSTANT SIZE    =   ----    ----
   XDATA SIZE       =   ----    ----
   PDATA SIZE       =   ----    ----
   DATA SIZE        =   ----       6
   IDATA SIZE       =   ----    ----
   BIT SIZE         =   ----    ----
END OF MODULE INFORMATION.


C51 COMPILATION COMPLETE.  0 WARNING(S),  0 ERROR(S)
