C51 COMPILER V9.57.0.0   LED                                                               03/01/2020 10:54:42 PAGE 1   


C51 COMPILER V9.57.0.0, COMPILATION OF MODULE LED
OBJECT MODULE PLACED IN .\Objects\led.obj
COMPILER INVOKED BY: E:\keil~5\C51\BIN\C51.EXE led.c OPTIMIZE(8,SPEED) BROWSE DEBUG OBJECTEXTEND PRINT(.\Listings\led.ls
                    -t) TABS(2) OBJECT(.\Objects\led.obj)

line level    source

   1          #include "led.h"
   2          
   3          unsigned char data_pros[10] = {0xc0, 0xf9, 0xa4, 0xb0, 0x99, 0x92, 0x82, 0xf8, 0x80, 0x90};
   4          
   5          
   6          void Display(unsigned char da)
   7          {
   8   1        //显示个位
   9   1        P0 = 0x80;
  10   1        P2 = 0xC0;
  11   1        _nop_();_nop_();
  12   1        _nop_();_nop_();
  13   1        P2 = 0x00;
  14   1        //显示数字
  15   1        P0 = data_pros[da];
  16   1        P2 = 0xE0;
  17   1        _nop_();_nop_();
  18   1        _nop_();_nop_();
  19   1        P2 = 0x00;
  20   1      }


MODULE INFORMATION:   STATIC OVERLAYABLE
   CODE SIZE        =     31    ----
   CONSTANT SIZE    =   ----    ----
   XDATA SIZE       =   ----    ----
   PDATA SIZE       =   ----    ----
   DATA SIZE        =     10    ----
   IDATA SIZE       =   ----    ----
   BIT SIZE         =   ----    ----
END OF MODULE INFORMATION.


C51 COMPILATION COMPLETE.  0 WARNING(S),  0 ERROR(S)
