C51 COMPILER V9.60.0.0   LED                                                               11/05/2022 21:12:59 PAGE 1   


C51 COMPILER V9.60.0.0, COMPILATION OF MODULE LED
OBJECT MODULE PLACED IN .\Objects\LED.obj
COMPILER INVOKED BY: D:\Keil_v5\C51\BIN\C51.EXE LED.c OPTIMIZE(8,SPEED) BROWSE DEBUG OBJECTEXTEND PRINT(.\Listings\LED.l
                    -st) OBJECT(.\Objects\LED.obj)

line level    source

   1          #include "LED.h"
   2          
   3          void delay_n10us(u16 n)
   4          {
   5   1              while(n--)
   6   1              {
   7   2                      unsigned char a,b;
   8   2                      for(b=1;b>0;b--)
   9   2                              for(a=2;a>0;a--);
  10   2              }
  11   1          
  12   1      }
  13          
  14          void HC595_write_data(u8 dat1,u8 dat2,u8 dat3,u8 dat4)
  15          {
  16   1              u8 i=0;
  17   1              for(i=0;i<8;i++)
  18   1              {
  19   2                      SER=dat4>>7;
  20   2                      dat4<<=1;
  21   2                      SRCLK=0;
  22   2                      _nop_();
  23   2                      SRCLK=1;
  24   2                      _nop_();
  25   2                      
  26   2              }
  27   1              for(i=0;i<8;i++)
  28   1              {
  29   2                      SER=dat3>>7;
  30   2                      dat3<<=1;
  31   2                      SRCLK=0;
  32   2                      _nop_();
  33   2                      SRCLK=1;
  34   2                      _nop_();
  35   2                      
  36   2              }
  37   1              for(i=0;i<8;i++)
  38   1              {
  39   2                      SER=dat2>>7;
  40   2                      dat2<<=1;
  41   2                      SRCLK=0;
  42   2                      _nop_();
  43   2                      SRCLK=1;
  44   2                      _nop_();
  45   2                      
  46   2              }
  47   1              for(i=0;i<8;i++)
  48   1              {
  49   2                      SER=dat1>>7;
  50   2                      dat1<<=1;
  51   2                      SRCLK=0;
  52   2                      _nop_();
  53   2                      SRCLK=1;
  54   2                      _nop_();
C51 COMPILER V9.60.0.0   LED                                                               11/05/2022 21:12:59 PAGE 2   

  55   2                      
  56   2              }
  57   1              rCLK=0;
  58   1              _nop_();
  59   1              rCLK=1;
  60   1              
  61   1      }
  62          
  63          


MODULE INFORMATION:   STATIC OVERLAYABLE
   CODE SIZE        =    202    ----
   CONSTANT SIZE    =   ----    ----
   XDATA SIZE       =   ----    ----
   PDATA SIZE       =   ----    ----
   DATA SIZE        =   ----       6
   IDATA SIZE       =   ----    ----
   BIT SIZE         =   ----    ----
END OF MODULE INFORMATION.


C51 COMPILATION COMPLETE.  0 WARNING(S),  0 ERROR(S)
