C51 COMPILER V9.60.0.0   MAIN                                                              11/05/2022 21:12:59 PAGE 1   


C51 COMPILER V9.60.0.0, COMPILATION OF MODULE MAIN
OBJECT MODULE PLACED IN .\Objects\main.obj
COMPILER INVOKED BY: D:\Keil_v5\C51\BIN\C51.EXE main.c OPTIMIZE(8,SPEED) BROWSE DEBUG OBJECTEXTEND PRINT(.\Listings\main
                    -.lst) OBJECT(.\Objects\main.obj)

line level    source

   1          #include "LED.h"
   2          
   3          u8 gled_col[32]=
   4          {0x40,0x10,0x20,0x10,0x10,0x10,0x08,0x10,0x0C,0x10,0x0A,0x10,0x09,0xFF,0x08,0x10,
   5          0x08,0x10,0x08,0x10,0x08,0x11,0x08,0x10,0x08,0x10,0x08,0x12,0x08,0x14,0x08,0x18};
   6          
   7          u8 gled_row[32]=
   8          {0x01,0x02,0x04,0x08,0x10,0x20,0x40,0x80,0x00,0x00,0x00,0x00,0x00,0x00,0x00,0x00,
   9          0x00,0x00,0x00,0x00,0x00,0x00,0x00,0x00,0x01,0x02,0x04,0x08,0x10,0x20,0x40,0x80};
  10          
  11          
  12          void main()
  13          {
  14   1              u8 i=0;
  15   1              while(1)
  16   1              {               
  17   2                      for(i=0;i<16;i++)
  18   2                      {                       
  19   3                              HC595_write_data(gled_row[i],gled_row[i+16],~gled_col[2*i],~gled_col[2*i+1]);
  20   3                              _nop_();
  21   3                              HC595_write_data(0,0,0,0);
  22   3                      }
  23   2      
  24   2              }
  25   1      }


MODULE INFORMATION:   STATIC OVERLAYABLE
   CODE SIZE        =     69    ----
   CONSTANT SIZE    =   ----    ----
   XDATA SIZE       =   ----    ----
   PDATA SIZE       =   ----    ----
   DATA SIZE        =     64       1
   IDATA SIZE       =   ----    ----
   BIT SIZE         =   ----    ----
END OF MODULE INFORMATION.


C51 COMPILATION COMPLETE.  0 WARNING(S),  0 ERROR(S)
